#
# A fatal error has been detected by the Java Runtime Environment:
#
#  EXCEPTION_ACCESS_VIOLATION (0xc0000005) at pc=0x00007ffaa17df74a, pid=25520, tid=988
#
# JRE version: Java(TM) SE Runtime Environment (14.0.1+7) (build 14.0.1+7)
# Java VM: Java HotSpot(TM) 64-Bit Server VM (14.0.1+7, mixed mode, sharing, tiered, compressed oops, g1 gc, windows-amd64)
# Problematic frame:
# C  [awt.dll+0x8f74a]
#
# No core dump will be written. Minidumps are not enabled by default on client versions of Windows
#
# If you would like to submit a bug report, please visit:
#   https://bugreport.java.com/bugreport/crash.jsp
# The crash happened outside the Java Virtual Machine in native code.
# See problematic frame for where to report the bug.
#

---------------  S U M M A R Y ------------

Command Line: -agentlib:jdwp=transport=dt_socket,address=127.0.0.1:63899,suspend=y,server=n -Djava.library.path=C:\Users\tyani\Downloads\opencv\build\java\x64 -javaagent:C:\Users\tyani\AppData\Local\JetBrains\IdeaIC2020.1\captureAgent\debugger-agent.jar -Dfile.encoding=UTF-8 com.company.Main

Host: Intel(R) Core(TM) i5-4690K CPU @ 3.50GHz, 4 cores, 15G,  Windows 10 , 64 bit Build 18362 (10.0.18362.778)
Time: Thu May 28 05:07:21 2020 ???? (?W?€??) elapsed time: 10 seconds (0d 0h 0m 10s)

---------------  T H R E A D  ---------------

Current thread (0x00000155bc11a800):  JavaThread "main" [_thread_in_native, id=988, stack(0x00000016ea200000,0x00000016ea300000)]

Stack: [0x00000016ea200000,0x00000016ea300000],  sp=0x00000016ea2feb20,  free space=1018k
Native frames: (J=compiled Java code, j=interpreted, Vv=VM code, C=native code)
C  [awt.dll+0x8f74a]

Java frames: (J=compiled Java code, j=interpreted, Vv=VM code)
j  sun.awt.windows.WComponentPeer._setFont(Ljava/awt/Font;)V+0 java.desktop@14.0.1
j  sun.awt.windows.WComponentPeer.setFont(Ljava/awt/Font;)V+7 java.desktop@14.0.1
j  sun.awt.windows.WWindowPeer.initialize()V+42 java.desktop@14.0.1
j  sun.awt.windows.WFramePeer.initialize()V+1 java.desktop@14.0.1
j  sun.awt.windows.WComponentPeer.<init>(Ljava/awt/Component;)V+83 java.desktop@14.0.1
j  sun.awt.windows.WCanvasPeer.<init>(Ljava/awt/Component;)V+2 java.desktop@14.0.1
j  sun.awt.windows.WPanelPeer.<init>(Ljava/awt/Component;)V+2 java.desktop@14.0.1
j  sun.awt.windows.WWindowPeer.<init>(Ljava/awt/Window;)V+2 java.desktop@14.0.1
j  sun.awt.windows.WFramePeer.<init>(Ljava/awt/Frame;)V+2 java.desktop@14.0.1
j  sun.awt.windows.WToolkit.createFrame(Ljava/awt/Frame;)Ljava/awt/peer/FramePeer;+5 java.desktop@14.0.1
j  java.awt.Frame.addNotify()V+20 java.desktop@14.0.1
j  java.awt.Window.pack()V+28 java.desktop@14.0.1
j  org.opencv.highgui.ImageWindow.setFrameLabelVisible(Ljavax/swing/JFrame;Ljavax/swing/JLabel;)V+84
j  org.opencv.highgui.HighGui.waitKey(I)I+203
j  com.company.Main.main([Ljava/lang/String;)V+101
v  ~StubRoutines::call_stub

siginfo: EXCEPTION_ACCESS_VIOLATION (0xc0000005), reading address 0x0000000000000058


Register to memory mapping:

RIP=0x00007ffaa17df74a awt.dll
RAX=0x00007ffaa185a660 awt.dll
RBX=0x00000155bc11ab10 points into unknown readable memory: a0 1a 85 92 fa 7f 00 00
RCX=0x00000155e10ba720 points into unknown readable memory: 60 a6 85 a1 fa 7f 00 00
RDX=0x0 is NULL
RSP=0x00000016ea2feb20 is pointing into the stack for thread: 0x00000155bc11a800
RBP=0x0 is NULL
RSI=0x00000155e7a2cb88 is a global jni handle
RDI=0x00000155e7a2cb90 is a global jni handle
R8 =0x0000000000000042 is an unknown value
R9 =0x0000000800b4cd98 is a pointer to class: 
java.awt.Font {0x0000000800b4cda0}
R10=0x0000000000008000 is an unknown value
R11=0x00000016ea2feb20 is pointing into the stack for thread: 0x00000155bc11a800
R12=0x0 is NULL
R13={method} {0x00000155df6b94e8} '_setFont' '(Ljava/awt/Font;)V' in 'sun/awt/windows/WComponentPeer'
R14=0x00000155e10ba720 points into unknown readable memory: 60 a6 85 a1 fa 7f 00 00
R15=0x00000155e7b0b120 points into unknown readable memory: 88 cb a2 e7 55 01 00 00


Registers:
RAX=0x00007ffaa185a660, RBX=0x00000155bc11ab10, RCX=0x00000155e10ba720, RDX=0x0000000000000000
RSP=0x00000016ea2feb20, RBP=0x0000000000000000, RSI=0x00000155e7a2cb88, RDI=0x00000155e7a2cb90
R8 =0x0000000000000042, R9 =0x0000000800b4cd98, R10=0x0000000000008000, R11=0x00000016ea2feb20
R12=0x0000000000000000, R13=0x00000155df6b94e0, R14=0x00000155e10ba720, R15=0x00000155e7b0b120
RIP=0x00007ffaa17df74a, EFLAGS=0x0000000000010202

Top of Stack: (sp=0x00000016ea2feb20)
0x00000016ea2feb20:   00000155e7b0b120 00000155e10ba720
0x00000016ea2feb30:   00000155e7b0b120 00000155e10ba720
0x00000016ea2feb40:   00000155e7a2cb90 00007ffaa17e4655
0x00000016ea2feb50:   00000155bc11ab10 00000155bc11ab10
0x00000016ea2feb60:   0000000000000000 00000155e7a2cb88
0x00000016ea2feb70:   00000155bc11a800 00000016ea2fecc8
0x00000016ea2feb80:   00000155e7b0b120 00007ffaa181d59b
0x00000016ea2feb90:   00007ffaa189f018 00000016ea2feca0
0x00000016ea2feba0:   00007ffaa17e4528 0000000000000000
0x00000016ea2febb0:   fffffffffffffffe fffffffffffffffe
0x00000016ea2febc0:   00000155e7a2cb88 00007ffaa17e581c
0x00000016ea2febd0:   00000155e7a2cb90 00000016ea2fecc0
0x00000016ea2febe0:   00000016ea2fecc0 00007ffaa189f018
0x00000016ea2febf0:   fffffffffffffffe 00007ffa921c6c39
0x00000016ea2fec00:   00000155c48bcda9 00000155c48c7741
0x00000016ea2fec10:   00000155df6b94e0 0000000000000005 

Instructions: (pc=0x00007ffaa17df74a)
0x00007ffaa17df64a:   00 48 8b d9 e8 d9 dc ff ff 48 8b f8 48 85 c0 75
0x00007ffaa17df65a:   04 48 8b 7b 48 48 8b cf e8 93 15 05 00 48 8b d8
0x00007ffaa17df66a:   48 85 c0 74 60 83 64 24 20 00 0f 57 c0 83 64 24
0x00007ffaa17df67a:   34 00 b9 11 00 00 00 83 64 24 38 00 f3 0f 7f 44
0x00007ffaa17df68a:   24 24 ff 15 86 bc 0b 00 4c 8d 44 24 40 ba 5c 00
0x00007ffaa17df69a:   00 00 48 8b c8 ff 15 2b bf 0b 00 83 f8 5c 75 0d
0x00007ffaa17df6aa:   48 8d 54 24 40 48 8b cb e8 f2 15 05 00 48 8d 54
0x00007ffaa17df6ba:   24 20 48 8b cb e8 09 16 05 00 48 8b d3 48 8b cf
0x00007ffaa17df6ca:   e8 b6 15 05 00 48 8b 8c 24 a0 00 00 00 48 33 cc
0x00007ffaa17df6da:   e8 e1 22 05 00 48 8b 9c 24 c8 00 00 00 48 81 c4
0x00007ffaa17df6ea:   b0 00 00 00 5f c3 40 53 48 83 ec 20 48 8b d9 ff
0x00007ffaa17df6fa:   15 69 c4 0b 00 48 85 c0 75 0a 48 8b 4b 48 ff 15
0x00007ffaa17df70a:   52 c4 0b 00 48 83 c4 20 5b c3 4c 63 c2 48 8b 15
0x00007ffaa17df71a:   2a a8 0b 00 48 ff 25 e3 c2 0b 00 cc cc cc 48 8b
0x00007ffaa17df72a:   d1 48 8b 0d 1e d8 0b 00 48 89 15 17 d8 0b 00 e9
0x00007ffaa17df73a:   f6 63 04 00 cc cc 48 89 5c 24 08 57 48 83 ec 20
0x00007ffaa17df74a:   83 7a 58 00 48 8b da 48 8b f9 7d 08 48 8b ca e8
0x00007ffaa17df75a:   4a 95 01 00 4c 8b 43 48 45 33 c9 48 8b 4f 48 4d
0x00007ffaa17df76a:   8b 00 41 8d 51 30 ff 15 5a c5 0b 00 48 8b 4f 48
0x00007ffaa17df77a:   33 d2 44 8d 42 01 48 8b 5c 24 30 48 83 c4 20 5f
0x00007ffaa17df78a:   48 ff 25 f7 c3 0b 00 cc cc cc 48 8b c4 48 89 58
0x00007ffaa17df79a:   08 48 89 68 10 48 89 70 18 48 89 78 20 41 56 48
0x00007ffaa17df7aa:   83 ec 20 4c 8b f2 48 8b f9 48 8b 0d 3e f6 0b 00
0x00007ffaa17df7ba:   ba 02 00 01 00 41 8b e8 e8 04 21 05 00 48 8b 97
0x00007ffaa17df7ca:   c0 00 00 00 33 db 48 8b f0 48 85 d2 74 0d 4c 8b
0x00007ffaa17df7da:   08 48 8b c8 41 ff 91 b0 00 00 00 4d 85 f6 74 14
0x00007ffaa17df7ea:   48 8b 06 49 8b d6 48 8b ce ff 90 a8 00 00 00 48
0x00007ffaa17df7fa:   8b d8 eb 05 bd 01 00 00 00 48 89 9f c0 00 00 00
0x00007ffaa17df80a:   89 af c8 00 00 00 48 8b 5c 24 30 48 8b 6c 24 38
0x00007ffaa17df81a:   48 8b 74 24 40 48 8b 7c 24 48 48 83 c4 20 41 5e
0x00007ffaa17df82a:   c3 cc 48 89 5c 24 08 48 89 6c 24 10 48 89 74 24
0x00007ffaa17df83a:   18 57 48 83 ec 20 33 db 48 8b f9 48 85 c9 75 09 


Stack slot to memory mapping:
stack at sp + 0 slots: 0x00000155e7b0b120 points into unknown readable memory: 88 cb a2 e7 55 01 00 00
stack at sp + 1 slots: 0x00000155e10ba720 points into unknown readable memory: 60 a6 85 a1 fa 7f 00 00
stack at sp + 2 slots: 0x00000155e7b0b120 points into unknown readable memory: 88 cb a2 e7 55 01 00 00
stack at sp + 3 slots: 0x00000155e10ba720 points into unknown readable memory: 60 a6 85 a1 fa 7f 00 00
stack at sp + 4 slots: 0x00000155e7a2cb90 is a global jni handle
stack at sp + 5 slots: 0x00007ffaa17e4655 awt.dll
stack at sp + 6 slots: 0x00000155bc11ab10 points into unknown readable memory: a0 1a 85 92 fa 7f 00 00
stack at sp + 7 slots: 0x00000155bc11ab10 points into unknown readable memory: a0 1a 85 92 fa 7f 00 00


---------------  P R O C E S S  ---------------

Threads class SMR info:
_java_thread_list=0x00000155e7adc9d0, length=18, elements={
0x00000155bc11a800, 0x00000155df55b000, 0x00000155df55c800, 0x00000155df571000,
0x00000155df574000, 0x00000155df576800, 0x00000155df579800, 0x00000155dfe79000,
0x00000155dfe7a000, 0x00000155dff30800, 0x00000155dffa2000, 0x00000155e00a6000,
0x00000155e001b800, 0x00000155e0086800, 0x00000155dff2f000, 0x00000155e0bca800,
0x00000155e0bcb800, 0x00000155e7ade800
}

Java Threads: ( => current thread )
=>0x00000155bc11a800 JavaThread "main" [_thread_in_native, id=988, stack(0x00000016ea200000,0x00000016ea300000)]
  0x00000155df55b000 JavaThread "Reference Handler" daemon [_thread_blocked, id=23432, stack(0x00000016ea900000,0x00000016eaa00000)]
  0x00000155df55c800 JavaThread "Finalizer" daemon [_thread_blocked, id=16904, stack(0x00000016eaa00000,0x00000016eab00000)]
  0x00000155df571000 JavaThread "Signal Dispatcher" daemon [_thread_blocked, id=23708, stack(0x00000016eab00000,0x00000016eac00000)]
  0x00000155df574000 JavaThread "Attach Listener" daemon [_thread_blocked, id=24620, stack(0x00000016eac00000,0x00000016ead00000)]
  0x00000155df576800 JavaThread "Service Thread" daemon [_thread_blocked, id=22448, stack(0x00000016ead00000,0x00000016eae00000)]
  0x00000155df579800 JavaThread "C2 CompilerThread0" daemon [_thread_blocked, id=17804, stack(0x00000016eae00000,0x00000016eaf00000)]
  0x00000155dfe79000 JavaThread "C1 CompilerThread0" daemon [_thread_blocked, id=7324, stack(0x00000016eaf00000,0x00000016eb000000)]
  0x00000155dfe7a000 JavaThread "Sweeper thread" daemon [_thread_blocked, id=9884, stack(0x00000016eb000000,0x00000016eb100000)]
  0x00000155dff30800 JavaThread "Common-Cleaner" daemon [_thread_blocked, id=23312, stack(0x00000016eb100000,0x00000016eb200000)]
  0x00000155dffa2000 JavaThread "JDWP Transport Listener: dt_socket" daemon [_thread_blocked, id=24608, stack(0x00000016eb200000,0x00000016eb300000)]
  0x00000155e00a6000 JavaThread "JDWP Event Helper Thread" daemon [_thread_blocked, id=23972, stack(0x00000016eb300000,0x00000016eb400000)]
  0x00000155e001b800 JavaThread "JDWP Command Reader" daemon [_thread_in_native, id=20624, stack(0x00000016eb400000,0x00000016eb500000)]
  0x00000155e0086800 JavaThread "Notification Thread" daemon [_thread_blocked, id=21732, stack(0x00000016eb500000,0x00000016eb600000)]
  0x00000155dff2f000 JavaThread "Java2D Disposer" daemon [_thread_blocked, id=23044, stack(0x00000016ec500000,0x00000016ec600000)]
  0x00000155e0bca800 JavaThread "AWT-Shutdown" [_thread_blocked, id=24824, stack(0x00000016ec600000,0x00000016ec700000)]
  0x00000155e0bcb800 JavaThread "AWT-Windows" daemon [_thread_in_native, id=18952, stack(0x00000016ec700000,0x00000016ec800000)]
  0x00000155e7ade800 JavaThread "AWT-EventQueue-0" [_thread_blocked, id=24640, stack(0x00000016ec900000,0x00000016eca00000)]

Other Threads:
  0x00000155df55a000 VMThread "VM Thread" [stack: 0x00000016ea800000,0x00000016ea900000] [id=24948]
  0x00000155e008a000 WatcherThread [stack: 0x00000016eb600000,0x00000016eb700000] [id=25048]
  0x00000155bc182000 GCTaskThread "GC Thread#0" [stack: 0x00000016ea300000,0x00000016ea400000] [id=23716]
  0x00000155bc1a3800 ConcurrentGCThread "G1 Main Marker" [stack: 0x00000016ea400000,0x00000016ea500000] [id=17564]
  0x00000155bc1a5000 ConcurrentGCThread "G1 Conc#0" [stack: 0x00000016ea500000,0x00000016ea600000] [id=23016]
  0x00000155df446800 ConcurrentGCThread "G1 Refine#0" [stack: 0x00000016ea600000,0x00000016ea700000] [id=23532]
  0x00000155df447800 ConcurrentGCThread "G1 Young RemSet Sampling" [stack: 0x00000016ea700000,0x00000016ea800000] [id=23792]

Threads with active compile tasks:

VM state:not at safepoint (normal execution)

VM Mutex/Monitor currently owned by a thread: None

Heap address: 0x0000000700c00000, size: 4084 MB, Compressed Oops mode: Zero based, Oop shift amount: 3
Narrow klass base: 0x0000000800000000, Narrow klass shift: 3
Compressed class space size: 1073741824 Address: 0x0000000800b30000

Heap:
 garbage-first heap   total 262144K, used 12288K [0x0000000700c00000, 0x0000000800000000)
  region size 1024K, 11 young (11264K), 0 survivors (0K)
 Metaspace       used 6445K, capacity 6709K, committed 7040K, reserved 1056768K
  class space    used 694K, capacity 804K, committed 896K, reserved 1048576K
Heap Regions: E=young(eden), S=young(survivor), O=old, HS=humongous(starts), HC=humongous(continues), CS=collection set, F=free, OA=open archive, CA=closed archive, TAMS=top-at-mark-start (previous, next)
|   0|0x0000000700c00000, 0x0000000700d00000, 0x0000000700d00000|100%|HS|  |TAMS 0x0000000700c00000, 0x0000000700c00000| Complete 
|   1|0x0000000700d00000, 0x0000000700e00000, 0x0000000700e00000|100%|HS|  |TAMS 0x0000000700d00000, 0x0000000700d00000| Complete 
|   2|0x0000000700e00000, 0x0000000700e00000, 0x0000000700f00000|  0%| F|  |TAMS 0x0000000700e00000, 0x0000000700e00000| Untracked 
|   3|0x0000000700f00000, 0x0000000700f00000, 0x0000000701000000|  0%| F|  |TAMS 0x0000000700f00000, 0x0000000700f00000| Untracked 
|   4|0x0000000701000000, 0x0000000701000000, 0x0000000701100000|  0%| F|  |TAMS 0x0000000701000000, 0x0000000701000000| Untracked 
|   5|0x0000000701100000, 0x0000000701100000, 0x0000000701200000|  0%| F|  |TAMS 0x0000000701100000, 0x0000000701100000| Untracked 
|   6|0x0000000701200000, 0x0000000701200000, 0x0000000701300000|  0%| F|  |TAMS 0x0000000701200000, 0x0000000701200000| Untracked 
|   7|0x0000000701300000, 0x0000000701300000, 0x0000000701400000|  0%| F|  |TAMS 0x0000000701300000, 0x0000000701300000| Untracked 
|   8|0x0000000701400000, 0x0000000701400000, 0x0000000701500000|  0%| F|  |TAMS 0x0000000701400000, 0x0000000701400000| Untracked 
|   9|0x0000000701500000, 0x0000000701500000, 0x0000000701600000|  0%| F|  |TAMS 0x0000000701500000, 0x0000000701500000| Untracked 
|  10|0x0000000701600000, 0x0000000701600000, 0x0000000701700000|  0%| F|  |TAMS 0x0000000701600000, 0x0000000701600000| Untracked 
|  11|0x0000000701700000, 0x0000000701700000, 0x0000000701800000|  0%| F|  |TAMS 0x0000000701700000, 0x0000000701700000| Untracked 
|  12|0x0000000701800000, 0x0000000701800000, 0x0000000701900000|  0%| F|  |TAMS 0x0000000701800000, 0x0000000701800000| Untracked 
|  13|0x0000000701900000, 0x0000000701900000, 0x0000000701a00000|  0%| F|  |TAMS 0x0000000701900000, 0x0000000701900000| Untracked 
|  14|0x0000000701a00000, 0x0000000701a00000, 0x0000000701b00000|  0%| F|  |TAMS 0x0000000701a00000, 0x0000000701a00000| Untracked 
|  15|0x0000000701b00000, 0x0000000701b00000, 0x0000000701c00000|  0%| F|  |TAMS 0x0000000701b00000, 0x0000000701b00000| Untracked 
|  16|0x0000000701c00000, 0x0000000701c00000, 0x0000000701d00000|  0%| F|  |TAMS 0x0000000701c00000, 0x0000000701c00000| Untracked 
|  17|0x0000000701d00000, 0x0000000701d00000, 0x0000000701e00000|  0%| F|  |TAMS 0x0000000701d00000, 0x0000000701d00000| Untracked 
|  18|0x0000000701e00000, 0x0000000701e00000, 0x0000000701f00000|  0%| F|  |TAMS 0x0000000701e00000, 0x0000000701e00000| Untracked 
|  19|0x0000000701f00000, 0x0000000701f00000, 0x0000000702000000|  0%| F|  |TAMS 0x0000000701f00000, 0x0000000701f00000| Untracked 
|  20|0x0000000702000000, 0x0000000702000000, 0x0000000702100000|  0%| F|  |TAMS 0x0000000702000000, 0x0000000702000000| Untracked 
|  21|0x0000000702100000, 0x0000000702100000, 0x0000000702200000|  0%| F|  |TAMS 0x0000000702100000, 0x0000000702100000| Untracked 
|  22|0x0000000702200000, 0x0000000702200000, 0x0000000702300000|  0%| F|  |TAMS 0x0000000702200000, 0x0000000702200000| Untracked 
|  23|0x0000000702300000, 0x0000000702300000, 0x0000000702400000|  0%| F|  |TAMS 0x0000000702300000, 0x0000000702300000| Untracked 
|  24|0x0000000702400000, 0x0000000702400000, 0x0000000702500000|  0%| F|  |TAMS 0x0000000702400000, 0x0000000702400000| Untracked 
|  25|0x0000000702500000, 0x0000000702500000, 0x0000000702600000|  0%| F|  |TAMS 0x0000000702500000, 0x0000000702500000| Untracked 
|  26|0x0000000702600000, 0x0000000702600000, 0x0000000702700000|  0%| F|  |TAMS 0x0000000702600000, 0x0000000702600000| Untracked 
|  27|0x0000000702700000, 0x0000000702700000, 0x0000000702800000|  0%| F|  |TAMS 0x0000000702700000, 0x0000000702700000| Untracked 
|  28|0x0000000702800000, 0x0000000702800000, 0x0000000702900000|  0%| F|  |TAMS 0x0000000702800000, 0x0000000702800000| Untracked 
|  29|0x0000000702900000, 0x0000000702900000, 0x0000000702a00000|  0%| F|  |TAMS 0x0000000702900000, 0x0000000702900000| Untracked 
|  30|0x0000000702a00000, 0x0000000702a00000, 0x0000000702b00000|  0%| F|  |TAMS 0x0000000702a00000, 0x0000000702a00000| Untracked 
|  31|0x0000000702b00000, 0x0000000702b00000, 0x0000000702c00000|  0%| F|  |TAMS 0x0000000702b00000, 0x0000000702b00000| Untracked 
|  32|0x0000000702c00000, 0x0000000702c00000, 0x0000000702d00000|  0%| F|  |TAMS 0x0000000702c00000, 0x0000000702c00000| Untracked 
|  33|0x0000000702d00000, 0x0000000702d00000, 0x0000000702e00000|  0%| F|  |TAMS 0x0000000702d00000, 0x0000000702d00000| Untracked 
|  34|0x0000000702e00000, 0x0000000702e00000, 0x0000000702f00000|  0%| F|  |TAMS 0x0000000702e00000, 0x0000000702e00000| Untracked 
|  35|0x0000000702f00000, 0x0000000702f00000, 0x0000000703000000|  0%| F|  |TAMS 0x0000000702f00000, 0x0000000702f00000| Untracked 
|  36|0x0000000703000000, 0x0000000703000000, 0x0000000703100000|  0%| F|  |TAMS 0x0000000703000000, 0x0000000703000000| Untracked 
|  37|0x0000000703100000, 0x0000000703100000, 0x0000000703200000|  0%| F|  |TAMS 0x0000000703100000, 0x0000000703100000| Untracked 
|  38|0x0000000703200000, 0x0000000703200000, 0x0000000703300000|  0%| F|  |TAMS 0x0000000703200000, 0x0000000703200000| Untracked 
|  39|0x0000000703300000, 0x0000000703300000, 0x0000000703400000|  0%| F|  |TAMS 0x0000000703300000, 0x0000000703300000| Untracked 
|  40|0x0000000703400000, 0x0000000703400000, 0x0000000703500000|  0%| F|  |TAMS 0x0000000703400000, 0x0000000703400000| Untracked 
|  41|0x0000000703500000, 0x0000000703500000, 0x0000000703600000|  0%| F|  |TAMS 0x0000000703500000, 0x0000000703500000| Untracked 
|  42|0x0000000703600000, 0x0000000703600000, 0x0000000703700000|  0%| F|  |TAMS 0x0000000703600000, 0x0000000703600000| Untracked 
|  43|0x0000000703700000, 0x0000000703700000, 0x0000000703800000|  0%| F|  |TAMS 0x0000000703700000, 0x0000000703700000| Untracked 
|  44|0x0000000703800000, 0x0000000703800000, 0x0000000703900000|  0%| F|  |TAMS 0x0000000703800000, 0x0000000703800000| Untracked 
|  45|0x0000000703900000, 0x0000000703900000, 0x0000000703a00000|  0%| F|  |TAMS 0x0000000703900000, 0x0000000703900000| Untracked 
|  46|0x0000000703a00000, 0x0000000703a00000, 0x0000000703b00000|  0%| F|  |TAMS 0x0000000703a00000, 0x0000000703a00000| Untracked 
|  47|0x0000000703b00000, 0x0000000703b00000, 0x0000000703c00000|  0%| F|  |TAMS 0x0000000703b00000, 0x0000000703b00000| Untracked 
|  48|0x0000000703c00000, 0x0000000703c00000, 0x0000000703d00000|  0%| F|  |TAMS 0x0000000703c00000, 0x0000000703c00000| Untracked 
|  49|0x0000000703d00000, 0x0000000703d00000, 0x0000000703e00000|  0%| F|  |TAMS 0x0000000703d00000, 0x0000000703d00000| Untracked 
|  50|0x0000000703e00000, 0x0000000703e00000, 0x0000000703f00000|  0%| F|  |TAMS 0x0000000703e00000, 0x0000000703e00000| Untracked 
|  51|0x0000000703f00000, 0x0000000703f00000, 0x0000000704000000|  0%| F|  |TAMS 0x0000000703f00000, 0x0000000703f00000| Untracked 
|  52|0x0000000704000000, 0x0000000704000000, 0x0000000704100000|  0%| F|  |TAMS 0x0000000704000000, 0x0000000704000000| Untracked 
|  53|0x0000000704100000, 0x0000000704100000, 0x0000000704200000|  0%| F|  |TAMS 0x0000000704100000, 0x0000000704100000| Untracked 
|  54|0x0000000704200000, 0x0000000704200000, 0x0000000704300000|  0%| F|  |TAMS 0x0000000704200000, 0x0000000704200000| Untracked 
|  55|0x0000000704300000, 0x0000000704300000, 0x0000000704400000|  0%| F|  |TAMS 0x0000000704300000, 0x0000000704300000| Untracked 
|  56|0x0000000704400000, 0x0000000704400000, 0x0000000704500000|  0%| F|  |TAMS 0x0000000704400000, 0x0000000704400000| Untracked 
|  57|0x0000000704500000, 0x0000000704500000, 0x0000000704600000|  0%| F|  |TAMS 0x0000000704500000, 0x0000000704500000| Untracked 
|  58|0x0000000704600000, 0x0000000704600000, 0x0000000704700000|  0%| F|  |TAMS 0x0000000704600000, 0x0000000704600000| Untracked 
|  59|0x0000000704700000, 0x0000000704700000, 0x0000000704800000|  0%| F|  |TAMS 0x0000000704700000, 0x0000000704700000| Untracked 
|  60|0x0000000704800000, 0x0000000704800000, 0x0000000704900000|  0%| F|  |TAMS 0x0000000704800000, 0x0000000704800000| Untracked 
|  61|0x0000000704900000, 0x0000000704900000, 0x0000000704a00000|  0%| F|  |TAMS 0x0000000704900000, 0x0000000704900000| Untracked 
|  62|0x0000000704a00000, 0x0000000704a00000, 0x0000000704b00000|  0%| F|  |TAMS 0x0000000704a00000, 0x0000000704a00000| Untracked 
|  63|0x0000000704b00000, 0x0000000704b00000, 0x0000000704c00000|  0%| F|  |TAMS 0x0000000704b00000, 0x0000000704b00000| Untracked 
|  64|0x0000000704c00000, 0x0000000704c00000, 0x0000000704d00000|  0%| F|  |TAMS 0x0000000704c00000, 0x0000000704c00000| Untracked 
|  65|0x0000000704d00000, 0x0000000704d00000, 0x0000000704e00000|  0%| F|  |TAMS 0x0000000704d00000, 0x0000000704d00000| Untracked 
|  66|0x0000000704e00000, 0x0000000704e00000, 0x0000000704f00000|  0%| F|  |TAMS 0x0000000704e00000, 0x0000000704e00000| Untracked 
|  67|0x0000000704f00000, 0x0000000704f00000, 0x0000000705000000|  0%| F|  |TAMS 0x0000000704f00000, 0x0000000704f00000| Untracked 
|  68|0x0000000705000000, 0x0000000705000000, 0x0000000705100000|  0%| F|  |TAMS 0x0000000705000000, 0x0000000705000000| Untracked 
|  69|0x0000000705100000, 0x0000000705100000, 0x0000000705200000|  0%| F|  |TAMS 0x0000000705100000, 0x0000000705100000| Untracked 
|  70|0x0000000705200000, 0x0000000705200000, 0x0000000705300000|  0%| F|  |TAMS 0x0000000705200000, 0x0000000705200000| Untracked 
|  71|0x0000000705300000, 0x0000000705300000, 0x0000000705400000|  0%| F|  |TAMS 0x0000000705300000, 0x0000000705300000| Untracked 
|  72|0x0000000705400000, 0x0000000705400000, 0x0000000705500000|  0%| F|  |TAMS 0x0000000705400000, 0x0000000705400000| Untracked 
|  73|0x0000000705500000, 0x0000000705500000, 0x0000000705600000|  0%| F|  |TAMS 0x0000000705500000, 0x0000000705500000| Untracked 
|  74|0x0000000705600000, 0x0000000705600000, 0x0000000705700000|  0%| F|  |TAMS 0x0000000705600000, 0x0000000705600000| Untracked 
|  75|0x0000000705700000, 0x0000000705700000, 0x0000000705800000|  0%| F|  |TAMS 0x0000000705700000, 0x0000000705700000| Untracked 
|  76|0x0000000705800000, 0x0000000705800000, 0x0000000705900000|  0%| F|  |TAMS 0x0000000705800000, 0x0000000705800000| Untracked 
|  77|0x0000000705900000, 0x0000000705900000, 0x0000000705a00000|  0%| F|  |TAMS 0x0000000705900000, 0x0000000705900000| Untracked 
|  78|0x0000000705a00000, 0x0000000705a00000, 0x0000000705b00000|  0%| F|  |TAMS 0x0000000705a00000, 0x0000000705a00000| Untracked 
|  79|0x0000000705b00000, 0x0000000705b00000, 0x0000000705c00000|  0%| F|  |TAMS 0x0000000705b00000, 0x0000000705b00000| Untracked 
|  80|0x0000000705c00000, 0x0000000705c00000, 0x0000000705d00000|  0%| F|  |TAMS 0x0000000705c00000, 0x0000000705c00000| Untracked 
|  81|0x0000000705d00000, 0x0000000705d00000, 0x0000000705e00000|  0%| F|  |TAMS 0x0000000705d00000, 0x0000000705d00000| Untracked 
|  82|0x0000000705e00000, 0x0000000705e00000, 0x0000000705f00000|  0%| F|  |TAMS 0x0000000705e00000, 0x0000000705e00000| Untracked 
|  83|0x0000000705f00000, 0x0000000705f00000, 0x0000000706000000|  0%| F|  |TAMS 0x0000000705f00000, 0x0000000705f00000| Untracked 
|  84|0x0000000706000000, 0x0000000706000000, 0x0000000706100000|  0%| F|  |TAMS 0x0000000706000000, 0x0000000706000000| Untracked 
|  85|0x0000000706100000, 0x0000000706100000, 0x0000000706200000|  0%| F|  |TAMS 0x0000000706100000, 0x0000000706100000| Untracked 
|  86|0x0000000706200000, 0x0000000706200000, 0x0000000706300000|  0%| F|  |TAMS 0x0000000706200000, 0x0000000706200000| Untracked 
|  87|0x0000000706300000, 0x0000000706300000, 0x0000000706400000|  0%| F|  |TAMS 0x0000000706300000, 0x0000000706300000| Untracked 
|  88|0x0000000706400000, 0x0000000706400000, 0x0000000706500000|  0%| F|  |TAMS 0x0000000706400000, 0x0000000706400000| Untracked 
|  89|0x0000000706500000, 0x0000000706500000, 0x0000000706600000|  0%| F|  |TAMS 0x0000000706500000, 0x0000000706500000| Untracked 
|  90|0x0000000706600000, 0x0000000706600000, 0x0000000706700000|  0%| F|  |TAMS 0x0000000706600000, 0x0000000706600000| Untracked 
|  91|0x0000000706700000, 0x0000000706700000, 0x0000000706800000|  0%| F|  |TAMS 0x0000000706700000, 0x0000000706700000| Untracked 
|  92|0x0000000706800000, 0x0000000706800000, 0x0000000706900000|  0%| F|  |TAMS 0x0000000706800000, 0x0000000706800000| Untracked 
|  93|0x0000000706900000, 0x0000000706900000, 0x0000000706a00000|  0%| F|  |TAMS 0x0000000706900000, 0x0000000706900000| Untracked 
|  94|0x0000000706a00000, 0x0000000706a00000, 0x0000000706b00000|  0%| F|  |TAMS 0x0000000706a00000, 0x0000000706a00000| Untracked 
|  95|0x0000000706b00000, 0x0000000706b00000, 0x0000000706c00000|  0%| F|  |TAMS 0x0000000706b00000, 0x0000000706b00000| Untracked 
|  96|0x0000000706c00000, 0x0000000706c00000, 0x0000000706d00000|  0%| F|  |TAMS 0x0000000706c00000, 0x0000000706c00000| Untracked 
|  97|0x0000000706d00000, 0x0000000706d00000, 0x0000000706e00000|  0%| F|  |TAMS 0x0000000706d00000, 0x0000000706d00000| Untracked 
|  98|0x0000000706e00000, 0x0000000706e00000, 0x0000000706f00000|  0%| F|  |TAMS 0x0000000706e00000, 0x0000000706e00000| Untracked 
|  99|0x0000000706f00000, 0x0000000706f00000, 0x0000000707000000|  0%| F|  |TAMS 0x0000000706f00000, 0x0000000706f00000| Untracked 
| 100|0x0000000707000000, 0x0000000707000000, 0x0000000707100000|  0%| F|  |TAMS 0x0000000707000000, 0x0000000707000000| Untracked 
| 101|0x0000000707100000, 0x0000000707100000, 0x0000000707200000|  0%| F|  |TAMS 0x0000000707100000, 0x0000000707100000| Untracked 
| 102|0x0000000707200000, 0x0000000707200000, 0x0000000707300000|  0%| F|  |TAMS 0x0000000707200000, 0x0000000707200000| Untracked 
| 103|0x0000000707300000, 0x0000000707300000, 0x0000000707400000|  0%| F|  |TAMS 0x0000000707300000, 0x0000000707300000| Untracked 
| 104|0x0000000707400000, 0x0000000707400000, 0x0000000707500000|  0%| F|  |TAMS 0x0000000707400000, 0x0000000707400000| Untracked 
| 105|0x0000000707500000, 0x0000000707500000, 0x0000000707600000|  0%| F|  |TAMS 0x0000000707500000, 0x0000000707500000| Untracked 
| 106|0x0000000707600000, 0x0000000707600000, 0x0000000707700000|  0%| F|  |TAMS 0x0000000707600000, 0x0000000707600000| Untracked 
| 107|0x0000000707700000, 0x0000000707700000, 0x0000000707800000|  0%| F|  |TAMS 0x0000000707700000, 0x0000000707700000| Untracked 
| 108|0x0000000707800000, 0x0000000707800000, 0x0000000707900000|  0%| F|  |TAMS 0x0000000707800000, 0x0000000707800000| Untracked 
| 109|0x0000000707900000, 0x0000000707900000, 0x0000000707a00000|  0%| F|  |TAMS 0x0000000707900000, 0x0000000707900000| Untracked 
| 110|0x0000000707a00000, 0x0000000707a00000, 0x0000000707b00000|  0%| F|  |TAMS 0x0000000707a00000, 0x0000000707a00000| Untracked 
| 111|0x0000000707b00000, 0x0000000707b00000, 0x0000000707c00000|  0%| F|  |TAMS 0x0000000707b00000, 0x0000000707b00000| Untracked 
| 112|0x0000000707c00000, 0x0000000707c00000, 0x0000000707d00000|  0%| F|  |TAMS 0x0000000707c00000, 0x0000000707c00000| Untracked 
| 113|0x0000000707d00000, 0x0000000707d00000, 0x0000000707e00000|  0%| F|  |TAMS 0x0000000707d00000, 0x0000000707d00000| Untracked 
| 114|0x0000000707e00000, 0x0000000707e00000, 0x0000000707f00000|  0%| F|  |TAMS 0x0000000707e00000, 0x0000000707e00000| Untracked 
| 115|0x0000000707f00000, 0x0000000707f00000, 0x0000000708000000|  0%| F|  |TAMS 0x0000000707f00000, 0x0000000707f00000| Untracked 
| 116|0x0000000708000000, 0x0000000708000000, 0x0000000708100000|  0%| F|  |TAMS 0x0000000708000000, 0x0000000708000000| Untracked 
| 117|0x0000000708100000, 0x0000000708100000, 0x0000000708200000|  0%| F|  |TAMS 0x0000000708100000, 0x0000000708100000| Untracked 
| 118|0x0000000708200000, 0x0000000708200000, 0x0000000708300000|  0%| F|  |TAMS 0x0000000708200000, 0x0000000708200000| Untracked 
| 119|0x0000000708300000, 0x0000000708300000, 0x0000000708400000|  0%| F|  |TAMS 0x0000000708300000, 0x0000000708300000| Untracked 
| 120|0x0000000708400000, 0x0000000708400000, 0x0000000708500000|  0%| F|  |TAMS 0x0000000708400000, 0x0000000708400000| Untracked 
| 121|0x0000000708500000, 0x0000000708500000, 0x0000000708600000|  0%| F|  |TAMS 0x0000000708500000, 0x0000000708500000| Untracked 
| 122|0x0000000708600000, 0x0000000708600000, 0x0000000708700000|  0%| F|  |TAMS 0x0000000708600000, 0x0000000708600000| Untracked 
| 123|0x0000000708700000, 0x0000000708700000, 0x0000000708800000|  0%| F|  |TAMS 0x0000000708700000, 0x0000000708700000| Untracked 
| 124|0x0000000708800000, 0x0000000708800000, 0x0000000708900000|  0%| F|  |TAMS 0x0000000708800000, 0x0000000708800000| Untracked 
| 125|0x0000000708900000, 0x0000000708900000, 0x0000000708a00000|  0%| F|  |TAMS 0x0000000708900000, 0x0000000708900000| Untracked 
| 126|0x0000000708a00000, 0x0000000708a00000, 0x0000000708b00000|  0%| F|  |TAMS 0x0000000708a00000, 0x0000000708a00000| Untracked 
| 127|0x0000000708b00000, 0x0000000708b00000, 0x0000000708c00000|  0%| F|  |TAMS 0x0000000708b00000, 0x0000000708b00000| Untracked 
| 128|0x0000000708c00000, 0x0000000708c00000, 0x0000000708d00000|  0%| F|  |TAMS 0x0000000708c00000, 0x0000000708c00000| Untracked 
| 129|0x0000000708d00000, 0x0000000708d00000, 0x0000000708e00000|  0%| F|  |TAMS 0x0000000708d00000, 0x0000000708d00000| Untracked 
| 130|0x0000000708e00000, 0x0000000708e00000, 0x0000000708f00000|  0%| F|  |TAMS 0x0000000708e00000, 0x0000000708e00000| Untracked 
| 131|0x0000000708f00000, 0x0000000708f00000, 0x0000000709000000|  0%| F|  |TAMS 0x0000000708f00000, 0x0000000708f00000| Untracked 
| 132|0x0000000709000000, 0x0000000709000000, 0x0000000709100000|  0%| F|  |TAMS 0x0000000709000000, 0x0000000709000000| Untracked 
| 133|0x0000000709100000, 0x0000000709100000, 0x0000000709200000|  0%| F|  |TAMS 0x0000000709100000, 0x0000000709100000| Untracked 
| 134|0x0000000709200000, 0x0000000709200000, 0x0000000709300000|  0%| F|  |TAMS 0x0000000709200000, 0x0000000709200000| Untracked 
| 135|0x0000000709300000, 0x0000000709300000, 0x0000000709400000|  0%| F|  |TAMS 0x0000000709300000, 0x0000000709300000| Untracked 
| 136|0x0000000709400000, 0x0000000709400000, 0x0000000709500000|  0%| F|  |TAMS 0x0000000709400000, 0x0000000709400000| Untracked 
| 137|0x0000000709500000, 0x0000000709500000, 0x0000000709600000|  0%| F|  |TAMS 0x0000000709500000, 0x0000000709500000| Untracked 
| 138|0x0000000709600000, 0x0000000709600000, 0x0000000709700000|  0%| F|  |TAMS 0x0000000709600000, 0x0000000709600000| Untracked 
| 139|0x0000000709700000, 0x0000000709700000, 0x0000000709800000|  0%| F|  |TAMS 0x0000000709700000, 0x0000000709700000| Untracked 
| 140|0x0000000709800000, 0x0000000709800000, 0x0000000709900000|  0%| F|  |TAMS 0x0000000709800000, 0x0000000709800000| Untracked 
| 141|0x0000000709900000, 0x0000000709900000, 0x0000000709a00000|  0%| F|  |TAMS 0x0000000709900000, 0x0000000709900000| Untracked 
| 142|0x0000000709a00000, 0x0000000709a00000, 0x0000000709b00000|  0%| F|  |TAMS 0x0000000709a00000, 0x0000000709a00000| Untracked 
| 143|0x0000000709b00000, 0x0000000709b00000, 0x0000000709c00000|  0%| F|  |TAMS 0x0000000709b00000, 0x0000000709b00000| Untracked 
| 144|0x0000000709c00000, 0x0000000709c00000, 0x0000000709d00000|  0%| F|  |TAMS 0x0000000709c00000, 0x0000000709c00000| Untracked 
| 145|0x0000000709d00000, 0x0000000709d00000, 0x0000000709e00000|  0%| F|  |TAMS 0x0000000709d00000, 0x0000000709d00000| Untracked 
| 146|0x0000000709e00000, 0x0000000709e00000, 0x0000000709f00000|  0%| F|  |TAMS 0x0000000709e00000, 0x0000000709e00000| Untracked 
| 147|0x0000000709f00000, 0x0000000709f00000, 0x000000070a000000|  0%| F|  |TAMS 0x0000000709f00000, 0x0000000709f00000| Untracked 
| 148|0x000000070a000000, 0x000000070a000000, 0x000000070a100000|  0%| F|  |TAMS 0x000000070a000000, 0x000000070a000000| Untracked 
| 149|0x000000070a100000, 0x000000070a100000, 0x000000070a200000|  0%| F|  |TAMS 0x000000070a100000, 0x000000070a100000| Untracked 
| 150|0x000000070a200000, 0x000000070a200000, 0x000000070a300000|  0%| F|  |TAMS 0x000000070a200000, 0x000000070a200000| Untracked 
| 151|0x000000070a300000, 0x000000070a300000, 0x000000070a400000|  0%| F|  |TAMS 0x000000070a300000, 0x000000070a300000| Untracked 
| 152|0x000000070a400000, 0x000000070a400000, 0x000000070a500000|  0%| F|  |TAMS 0x000000070a400000, 0x000000070a400000| Untracked 
| 153|0x000000070a500000, 0x000000070a500000, 0x000000070a600000|  0%| F|  |TAMS 0x000000070a500000, 0x000000070a500000| Untracked 
| 154|0x000000070a600000, 0x000000070a600000, 0x000000070a700000|  0%| F|  |TAMS 0x000000070a600000, 0x000000070a600000| Untracked 
| 155|0x000000070a700000, 0x000000070a700000, 0x000000070a800000|  0%| F|  |TAMS 0x000000070a700000, 0x000000070a700000| Untracked 
| 156|0x000000070a800000, 0x000000070a800000, 0x000000070a900000|  0%| F|  |TAMS 0x000000070a800000, 0x000000070a800000| Untracked 
| 157|0x000000070a900000, 0x000000070a900000, 0x000000070aa00000|  0%| F|  |TAMS 0x000000070a900000, 0x000000070a900000| Untracked 
| 158|0x000000070aa00000, 0x000000070aa00000, 0x000000070ab00000|  0%| F|  |TAMS 0x000000070aa00000, 0x000000070aa00000| Untracked 
| 159|0x000000070ab00000, 0x000000070ab00000, 0x000000070ac00000|  0%| F|  |TAMS 0x000000070ab00000, 0x000000070ab00000| Untracked 
| 160|0x000000070ac00000, 0x000000070ac00000, 0x000000070ad00000|  0%| F|  |TAMS 0x000000070ac00000, 0x000000070ac00000| Untracked 
| 161|0x000000070ad00000, 0x000000070ad00000, 0x000000070ae00000|  0%| F|  |TAMS 0x000000070ad00000, 0x000000070ad00000| Untracked 
| 162|0x000000070ae00000, 0x000000070ae00000, 0x000000070af00000|  0%| F|  |TAMS 0x000000070ae00000, 0x000000070ae00000| Untracked 
| 163|0x000000070af00000, 0x000000070af00000, 0x000000070b000000|  0%| F|  |TAMS 0x000000070af00000, 0x000000070af00000| Untracked 
| 164|0x000000070b000000, 0x000000070b000000, 0x000000070b100000|  0%| F|  |TAMS 0x000000070b000000, 0x000000070b000000| Untracked 
| 165|0x000000070b100000, 0x000000070b100000, 0x000000070b200000|  0%| F|  |TAMS 0x000000070b100000, 0x000000070b100000| Untracked 
| 166|0x000000070b200000, 0x000000070b200000, 0x000000070b300000|  0%| F|  |TAMS 0x000000070b200000, 0x000000070b200000| Untracked 
| 167|0x000000070b300000, 0x000000070b300000, 0x000000070b400000|  0%| F|  |TAMS 0x000000070b300000, 0x000000070b300000| Untracked 
| 168|0x000000070b400000, 0x000000070b400000, 0x000000070b500000|  0%| F|  |TAMS 0x000000070b400000, 0x000000070b400000| Untracked 
| 169|0x000000070b500000, 0x000000070b500000, 0x000000070b600000|  0%| F|  |TAMS 0x000000070b500000, 0x000000070b500000| Untracked 
| 170|0x000000070b600000, 0x000000070b600000, 0x000000070b700000|  0%| F|  |TAMS 0x000000070b600000, 0x000000070b600000| Untracked 
| 171|0x000000070b700000, 0x000000070b700000, 0x000000070b800000|  0%| F|  |TAMS 0x000000070b700000, 0x000000070b700000| Untracked 
| 172|0x000000070b800000, 0x000000070b800000, 0x000000070b900000|  0%| F|  |TAMS 0x000000070b800000, 0x000000070b800000| Untracked 
| 173|0x000000070b900000, 0x000000070b900000, 0x000000070ba00000|  0%| F|  |TAMS 0x000000070b900000, 0x000000070b900000| Untracked 
| 174|0x000000070ba00000, 0x000000070ba00000, 0x000000070bb00000|  0%| F|  |TAMS 0x000000070ba00000, 0x000000070ba00000| Untracked 
| 175|0x000000070bb00000, 0x000000070bb00000, 0x000000070bc00000|  0%| F|  |TAMS 0x000000070bb00000, 0x000000070bb00000| Untracked 
| 176|0x000000070bc00000, 0x000000070bc00000, 0x000000070bd00000|  0%| F|  |TAMS 0x000000070bc00000, 0x000000070bc00000| Untracked 
| 177|0x000000070bd00000, 0x000000070bd00000, 0x000000070be00000|  0%| F|  |TAMS 0x000000070bd00000, 0x000000070bd00000| Untracked 
| 178|0x000000070be00000, 0x000000070be00000, 0x000000070bf00000|  0%| F|  |TAMS 0x000000070be00000, 0x000000070be00000| Untracked 
| 179|0x000000070bf00000, 0x000000070bf00000, 0x000000070c000000|  0%| F|  |TAMS 0x000000070bf00000, 0x000000070bf00000| Untracked 
| 180|0x000000070c000000, 0x000000070c000000, 0x000000070c100000|  0%| F|  |TAMS 0x000000070c000000, 0x000000070c000000| Untracked 
| 181|0x000000070c100000, 0x000000070c100000, 0x000000070c200000|  0%| F|  |TAMS 0x000000070c100000, 0x000000070c100000| Untracked 
| 182|0x000000070c200000, 0x000000070c200000, 0x000000070c300000|  0%| F|  |TAMS 0x000000070c200000, 0x000000070c200000| Untracked 
| 183|0x000000070c300000, 0x000000070c300000, 0x000000070c400000|  0%| F|  |TAMS 0x000000070c300000, 0x000000070c300000| Untracked 
| 184|0x000000070c400000, 0x000000070c400000, 0x000000070c500000|  0%| F|  |TAMS 0x000000070c400000, 0x000000070c400000| Untracked 
| 185|0x000000070c500000, 0x000000070c500000, 0x000000070c600000|  0%| F|  |TAMS 0x000000070c500000, 0x000000070c500000| Untracked 
| 186|0x000000070c600000, 0x000000070c600000, 0x000000070c700000|  0%| F|  |TAMS 0x000000070c600000, 0x000000070c600000| Untracked 
| 187|0x000000070c700000, 0x000000070c700000, 0x000000070c800000|  0%| F|  |TAMS 0x000000070c700000, 0x000000070c700000| Untracked 
| 188|0x000000070c800000, 0x000000070c800000, 0x000000070c900000|  0%| F|  |TAMS 0x000000070c800000, 0x000000070c800000| Untracked 
| 189|0x000000070c900000, 0x000000070c900000, 0x000000070ca00000|  0%| F|  |TAMS 0x000000070c900000, 0x000000070c900000| Untracked 
| 190|0x000000070ca00000, 0x000000070ca00000, 0x000000070cb00000|  0%| F|  |TAMS 0x000000070ca00000, 0x000000070ca00000| Untracked 
| 191|0x000000070cb00000, 0x000000070cb00000, 0x000000070cc00000|  0%| F|  |TAMS 0x000000070cb00000, 0x000000070cb00000| Untracked 
| 192|0x000000070cc00000, 0x000000070cc00000, 0x000000070cd00000|  0%| F|  |TAMS 0x000000070cc00000, 0x000000070cc00000| Untracked 
| 193|0x000000070cd00000, 0x000000070cd00000, 0x000000070ce00000|  0%| F|  |TAMS 0x000000070cd00000, 0x000000070cd00000| Untracked 
| 194|0x000000070ce00000, 0x000000070ce00000, 0x000000070cf00000|  0%| F|  |TAMS 0x000000070ce00000, 0x000000070ce00000| Untracked 
| 195|0x000000070cf00000, 0x000000070cf00000, 0x000000070d000000|  0%| F|  |TAMS 0x000000070cf00000, 0x000000070cf00000| Untracked 
| 196|0x000000070d000000, 0x000000070d000000, 0x000000070d100000|  0%| F|  |TAMS 0x000000070d000000, 0x000000070d000000| Untracked 
| 197|0x000000070d100000, 0x000000070d100000, 0x000000070d200000|  0%| F|  |TAMS 0x000000070d100000, 0x000000070d100000| Untracked 
| 198|0x000000070d200000, 0x000000070d200000, 0x000000070d300000|  0%| F|  |TAMS 0x000000070d200000, 0x000000070d200000| Untracked 
| 199|0x000000070d300000, 0x000000070d300000, 0x000000070d400000|  0%| F|  |TAMS 0x000000070d300000, 0x000000070d300000| Untracked 
| 200|0x000000070d400000, 0x000000070d400000, 0x000000070d500000|  0%| F|  |TAMS 0x000000070d400000, 0x000000070d400000| Untracked 
| 201|0x000000070d500000, 0x000000070d500000, 0x000000070d600000|  0%| F|  |TAMS 0x000000070d500000, 0x000000070d500000| Untracked 
| 202|0x000000070d600000, 0x000000070d600000, 0x000000070d700000|  0%| F|  |TAMS 0x000000070d600000, 0x000000070d600000| Untracked 
| 203|0x000000070d700000, 0x000000070d700000, 0x000000070d800000|  0%| F|  |TAMS 0x000000070d700000, 0x000000070d700000| Untracked 
| 204|0x000000070d800000, 0x000000070d800000, 0x000000070d900000|  0%| F|  |TAMS 0x000000070d800000, 0x000000070d800000| Untracked 
| 205|0x000000070d900000, 0x000000070d900000, 0x000000070da00000|  0%| F|  |TAMS 0x000000070d900000, 0x000000070d900000| Untracked 
| 206|0x000000070da00000, 0x000000070da00000, 0x000000070db00000|  0%| F|  |TAMS 0x000000070da00000, 0x000000070da00000| Untracked 
| 207|0x000000070db00000, 0x000000070db00000, 0x000000070dc00000|  0%| F|  |TAMS 0x000000070db00000, 0x000000070db00000| Untracked 
| 208|0x000000070dc00000, 0x000000070dc00000, 0x000000070dd00000|  0%| F|  |TAMS 0x000000070dc00000, 0x000000070dc00000| Untracked 
| 209|0x000000070dd00000, 0x000000070dd00000, 0x000000070de00000|  0%| F|  |TAMS 0x000000070dd00000, 0x000000070dd00000| Untracked 
| 210|0x000000070de00000, 0x000000070de00000, 0x000000070df00000|  0%| F|  |TAMS 0x000000070de00000, 0x000000070de00000| Untracked 
| 211|0x000000070df00000, 0x000000070df00000, 0x000000070e000000|  0%| F|  |TAMS 0x000000070df00000, 0x000000070df00000| Untracked 
| 212|0x000000070e000000, 0x000000070e000000, 0x000000070e100000|  0%| F|  |TAMS 0x000000070e000000, 0x000000070e000000| Untracked 
| 213|0x000000070e100000, 0x000000070e100000, 0x000000070e200000|  0%| F|  |TAMS 0x000000070e100000, 0x000000070e100000| Untracked 
| 214|0x000000070e200000, 0x000000070e200000, 0x000000070e300000|  0%| F|  |TAMS 0x000000070e200000, 0x000000070e200000| Untracked 
| 215|0x000000070e300000, 0x000000070e300000, 0x000000070e400000|  0%| F|  |TAMS 0x000000070e300000, 0x000000070e300000| Untracked 
| 216|0x000000070e400000, 0x000000070e400000, 0x000000070e500000|  0%| F|  |TAMS 0x000000070e400000, 0x000000070e400000| Untracked 
| 217|0x000000070e500000, 0x000000070e500000, 0x000000070e600000|  0%| F|  |TAMS 0x000000070e500000, 0x000000070e500000| Untracked 
| 218|0x000000070e600000, 0x000000070e600000, 0x000000070e700000|  0%| F|  |TAMS 0x000000070e600000, 0x000000070e600000| Untracked 
| 219|0x000000070e700000, 0x000000070e700000, 0x000000070e800000|  0%| F|  |TAMS 0x000000070e700000, 0x000000070e700000| Untracked 
| 220|0x000000070e800000, 0x000000070e800000, 0x000000070e900000|  0%| F|  |TAMS 0x000000070e800000, 0x000000070e800000| Untracked 
| 221|0x000000070e900000, 0x000000070e900000, 0x000000070ea00000|  0%| F|  |TAMS 0x000000070e900000, 0x000000070e900000| Untracked 
| 222|0x000000070ea00000, 0x000000070ea00000, 0x000000070eb00000|  0%| F|  |TAMS 0x000000070ea00000, 0x000000070ea00000| Untracked 
| 223|0x000000070eb00000, 0x000000070eb00000, 0x000000070ec00000|  0%| F|  |TAMS 0x000000070eb00000, 0x000000070eb00000| Untracked 
| 224|0x000000070ec00000, 0x000000070ec00000, 0x000000070ed00000|  0%| F|  |TAMS 0x000000070ec00000, 0x000000070ec00000| Untracked 
| 225|0x000000070ed00000, 0x000000070ed00000, 0x000000070ee00000|  0%| F|  |TAMS 0x000000070ed00000, 0x000000070ed00000| Untracked 
| 226|0x000000070ee00000, 0x000000070ee00000, 0x000000070ef00000|  0%| F|  |TAMS 0x000000070ee00000, 0x000000070ee00000| Untracked 
| 227|0x000000070ef00000, 0x000000070ef00000, 0x000000070f000000|  0%| F|  |TAMS 0x000000070ef00000, 0x000000070ef00000| Untracked 
| 228|0x000000070f000000, 0x000000070f000000, 0x000000070f100000|  0%| F|  |TAMS 0x000000070f000000, 0x000000070f000000| Untracked 
| 229|0x000000070f100000, 0x000000070f100000, 0x000000070f200000|  0%| F|  |TAMS 0x000000070f100000, 0x000000070f100000| Untracked 
| 230|0x000000070f200000, 0x000000070f200000, 0x000000070f300000|  0%| F|  |TAMS 0x000000070f200000, 0x000000070f200000| Untracked 
| 231|0x000000070f300000, 0x000000070f300000, 0x000000070f400000|  0%| F|  |TAMS 0x000000070f300000, 0x000000070f300000| Untracked 
| 232|0x000000070f400000, 0x000000070f400000, 0x000000070f500000|  0%| F|  |TAMS 0x000000070f400000, 0x000000070f400000| Untracked 
| 233|0x000000070f500000, 0x000000070f500000, 0x000000070f600000|  0%| F|  |TAMS 0x000000070f500000, 0x000000070f500000| Untracked 
| 234|0x000000070f600000, 0x000000070f600000, 0x000000070f700000|  0%| F|  |TAMS 0x000000070f600000, 0x000000070f600000| Untracked 
| 235|0x000000070f700000, 0x000000070f700000, 0x000000070f800000|  0%| F|  |TAMS 0x000000070f700000, 0x000000070f700000| Untracked 
| 236|0x000000070f800000, 0x000000070f800000, 0x000000070f900000|  0%| F|  |TAMS 0x000000070f800000, 0x000000070f800000| Untracked 
| 237|0x000000070f900000, 0x000000070f900000, 0x000000070fa00000|  0%| F|  |TAMS 0x000000070f900000, 0x000000070f900000| Untracked 
| 238|0x000000070fa00000, 0x000000070fa00000, 0x000000070fb00000|  0%| F|  |TAMS 0x000000070fa00000, 0x000000070fa00000| Untracked 
| 239|0x000000070fb00000, 0x000000070fb00000, 0x000000070fc00000|  0%| F|  |TAMS 0x000000070fb00000, 0x000000070fb00000| Untracked 
| 240|0x000000070fc00000, 0x000000070fc00000, 0x000000070fd00000|  0%| F|  |TAMS 0x000000070fc00000, 0x000000070fc00000| Untracked 
| 241|0x000000070fd00000, 0x000000070fd00000, 0x000000070fe00000|  0%| F|  |TAMS 0x000000070fd00000, 0x000000070fd00000| Untracked 
| 242|0x000000070fe00000, 0x000000070fe00000, 0x000000070ff00000|  0%| F|  |TAMS 0x000000070fe00000, 0x000000070fe00000| Untracked 
| 243|0x000000070ff00000, 0x000000070ff00000, 0x0000000710000000|  0%| F|  |TAMS 0x000000070ff00000, 0x000000070ff00000| Untracked 
| 244|0x0000000710000000, 0x0000000710000000, 0x0000000710100000|  0%| F|  |TAMS 0x0000000710000000, 0x0000000710000000| Untracked 
| 245|0x0000000710100000, 0x0000000710144938, 0x0000000710200000| 26%| E|  |TAMS 0x0000000710100000, 0x0000000710100000| Complete 
| 246|0x0000000710200000, 0x0000000710300000, 0x0000000710300000|100%| E|CS|TAMS 0x0000000710200000, 0x0000000710200000| Complete 
| 247|0x0000000710300000, 0x0000000710400000, 0x0000000710400000|100%| E|CS|TAMS 0x0000000710300000, 0x0000000710300000| Complete 
| 248|0x0000000710400000, 0x0000000710500000, 0x0000000710500000|100%| E|CS|TAMS 0x0000000710400000, 0x0000000710400000| Complete 
| 249|0x0000000710500000, 0x0000000710600000, 0x0000000710600000|100%| E|CS|TAMS 0x0000000710500000, 0x0000000710500000| Complete 
| 250|0x0000000710600000, 0x0000000710700000, 0x0000000710700000|100%| E|CS|TAMS 0x0000000710600000, 0x0000000710600000| Complete 
| 251|0x0000000710700000, 0x0000000710800000, 0x0000000710800000|100%| E|CS|TAMS 0x0000000710700000, 0x0000000710700000| Complete 
| 252|0x0000000710800000, 0x0000000710900000, 0x0000000710900000|100%| E|CS|TAMS 0x0000000710800000, 0x0000000710800000| Complete 
| 253|0x0000000710900000, 0x0000000710a00000, 0x0000000710a00000|100%| E|CS|TAMS 0x0000000710900000, 0x0000000710900000| Complete 
| 254|0x0000000710a00000, 0x0000000710b00000, 0x0000000710b00000|100%| E|CS|TAMS 0x0000000710a00000, 0x0000000710a00000| Complete 
| 255|0x0000000710b00000, 0x0000000710c00000, 0x0000000710c00000|100%| E|CS|TAMS 0x0000000710b00000, 0x0000000710b00000| Complete 

Card table byte_map: [0x00000155d40b0000,0x00000155d48b0000] _byte_map_base: 0x00000155d08aa000

Marking Bits (Prev, Next): (CMBitMap*) 0x00000155bc182c98, (CMBitMap*) 0x00000155bc182cd8
 Prev Bits: [0x00000155d50b0000, 0x00000155d9080000)
 Next Bits: [0x00000155d9080000, 0x00000155dd050000)

Polling page: 0x00000155b9f50000

Metaspace:

Usage:
  Non-class:      5.77 MB capacity,     5.62 MB ( 97%) used,   136.80 KB (  2%) free+waste,    17.69 KB ( <1%) overhead. 
      Class:    804.00 KB capacity,   694.78 KB ( 86%) used,    96.97 KB ( 12%) free+waste,    12.25 KB (  2%) overhead. 
       Both:      6.55 MB capacity,     6.29 MB ( 96%) used,   233.77 KB (  3%) free+waste,    29.94 KB ( <1%) overhead. 

Virtual space:
  Non-class space:        8.00 MB reserved,       6.00 MB ( 75%) committed 
      Class space:        1.00 GB reserved,     896.00 KB ( <1%) committed 
             Both:        1.01 GB reserved,       6.88 MB ( <1%) committed 

Chunk freelists:
   Non-Class:  47.00 KB
       Class:  0 bytes
        Both:  47.00 KB

MaxMetaspaceSize: 17179869184.00 GB
CompressedClassSpaceSize: 1.00 GB

CodeHeap 'non-profiled nmethods': size=120000Kb used=193Kb max_used=193Kb free=119806Kb
 bounds [0x00000155cc380000, 0x00000155cc5f0000, 0x00000155d38b0000]
CodeHeap 'profiled nmethods': size=120000Kb used=1002Kb max_used=1002Kb free=118997Kb
 bounds [0x00000155c4e50000, 0x00000155c50c0000, 0x00000155cc380000]
CodeHeap 'non-nmethods': size=5760Kb used=1393Kb max_used=1406Kb free=4366Kb
 bounds [0x00000155c48b0000, 0x00000155c4b20000, 0x00000155c4e50000]
 total_blobs=1624 nmethods=653 adapters=518
 compilation: enabled
              stopped_count=0, restarted_count=0
 full_count=0

Compilation events (20 events):
Event: 10.912 Thread 0x00000155dfe79000  641       3       java.lang.StringBuilder::append (8 bytes)
Event: 10.912 Thread 0x00000155dfe79000 nmethod 641 0x00000155c4f43e10 code [0x00000155c4f43fc0, 0x00000155c4f44128]
Event: 10.912 Thread 0x00000155dfe79000  642       3       java.lang.AbstractStringBuilder::append (55 bytes)
Event: 10.912 Thread 0x00000155df579800  645       4       java.lang.Math::min (11 bytes)
Event: 10.912 Thread 0x00000155df579800 nmethod 645 0x00000155cc3afd10 code [0x00000155cc3afe80, 0x00000155cc3afed8]
Event: 10.912 Thread 0x00000155dfe79000 nmethod 642 0x00000155c4f44210 code [0x00000155c4f443e0, 0x00000155c4f44738]
Event: 10.912 Thread 0x00000155dfe79000  643       3       java.lang.invoke.InvokerBytecodeGenerator::emitStoreResult (27 bytes)
Event: 10.912 Thread 0x00000155dfe79000 nmethod 643 0x00000155c4f44890 code [0x00000155c4f44a60, 0x00000155c4f44dd8]
Event: 10.912 Thread 0x00000155dfe79000  644       3       java.lang.invoke.BoundMethodHandle::editor (8 bytes)
Event: 10.913 Thread 0x00000155dfe79000 nmethod 644 0x00000155c4f44f90 code [0x00000155c4f45160, 0x00000155c4f45528]
Event: 10.913 Thread 0x00000155dfe79000  647       3       java.lang.invoke.LambdaForm$Name::internArguments (59 bytes)
Event: 10.913 Thread 0x00000155dfe79000 nmethod 647 0x00000155c4f45710 code [0x00000155c4f45900, 0x00000155c4f46068]
Event: 10.913 Thread 0x00000155dfe79000  649       3       java.lang.invoke.LambdaFormBuffer::ownedCount (7 bytes)
Event: 10.913 Thread 0x00000155dfe79000 nmethod 649 0x00000155c4f46210 code [0x00000155c4f463a0, 0x00000155c4f464b8]
Event: 10.913 Thread 0x00000155dfe79000  646       3       java.lang.invoke.InvokerBytecodeGenerator::emitStoreInsn (21 bytes)
Event: 10.913 Thread 0x00000155dfe79000 nmethod 646 0x00000155c4f46590 code [0x00000155c4f46740, 0x00000155c4f469b8]
Event: 10.913 Thread 0x00000155dfe79000  648       3       java.lang.invoke.LambdaFormBuffer::changeName (149 bytes)
Event: 10.913 Thread 0x00000155dfe79000 nmethod 648 0x00000155c4f46b10 code [0x00000155c4f46ce0, 0x00000155c4f47268]
Event: 10.913 Thread 0x00000155dfe79000  650       3       java.lang.invoke.InvokerBytecodeGenerator::emitReferenceCast (192 bytes)
Event: 10.914 Thread 0x00000155dfe79000 nmethod 650 0x00000155c4f47410 code [0x00000155c4f476e0, 0x00000155c4f486a8]

GC Heap History (0 events):
No events

Deoptimization events (8 events):
Event: 0.207 Thread 0x00000155bc11a800 Uncommon trap: trap_request=0xffffff45 fr.pc=0x00000155cc38618c relative=0x000000000000006c
Event: 0.207 Thread 0x00000155bc11a800 Uncommon trap: reason=unstable_if action=reinterpret pc=0x00000155cc38618c method=java.lang.String.isLatin1()Z @ 10 c2
Event: 0.207 Thread 0x00000155bc11a800 DEOPT PACKING pc=0x00000155cc38618c sp=0x00000016ea2fdfb0
Event: 0.207 Thread 0x00000155bc11a800 DEOPT UNPACKING pc=0x00000155c48f912f sp=0x00000016ea2fdf50 mode 2
Event: 10.837 Thread 0x00000155e0bcb800 Uncommon trap: trap_request=0xffffff45 fr.pc=0x00000155cc38dc1c relative=0x0000000000000c3c
Event: 10.837 Thread 0x00000155e0bcb800 Uncommon trap: reason=unstable_if action=reinterpret pc=0x00000155cc38dc1c method=java.util.HashMap.putVal(ILjava/lang/Object;Ljava/lang/Object;ZZ)Ljava/lang/Object; @ 181 c2
Event: 10.837 Thread 0x00000155e0bcb800 DEOPT PACKING pc=0x00000155cc38dc1c sp=0x00000016ec7fde00
Event: 10.837 Thread 0x00000155e0bcb800 DEOPT UNPACKING pc=0x00000155c48f912f sp=0x00000016ec7fddb0 mode 2

Classes unloaded (0 events):
No events

Classes redefined (0 events):
No events

Internal exceptions (14 events):
Event: 10.608 Thread 0x00000155bc11a800 Exception <a 'java/lang/ClassNotFoundException'{0x0000000710867b00}: sun/awt/resources/spi/awtProvider> (0x0000000710867b00) 
thrown [./open/src/hotspot/share/classfile/systemDictionary.cpp, line 226]
Event: 10.628 Thread 0x00000155bc11a800 Exception <a 'java/io/FileNotFoundException'{0x00000007108ebe88}> (0x00000007108ebe88) 
thrown [./open/src/hotspot/share/prims/jni.cpp, line 599]
Event: 10.634 Thread 0x00000155bc11a800 Exception <a 'java/io/FileNotFoundException'{0x0000000710714a10}> (0x0000000710714a10) 
thrown [./open/src/hotspot/share/prims/jni.cpp, line 599]
Event: 10.688 Thread 0x00000155e0bcb800 Exception <a 'java/lang/NoSuchMethodError'{0x000000071068ed18}: 'void java.lang.invoke.DirectMethodHandle$Holder.invokeSpecial(java.lang.Object, java.lang.Object)'> (0x000000071068ed18) 
thrown [./open/src/hotspot/share/interpreter/linkResolver.cpp, line 766]
Event: 10.800 Thread 0x00000155bc11a800 Exception <a 'java/lang/NoSuchMethodError'{0x00000007105d2cb8}: 'java.lang.Object java.lang.invoke.DirectMethodHandle$Holder.invokeStatic(java.lang.Object, int, java.lang.Object, java.lang.Object, java.lang.Object, java.lang.Object)'> (0x00000007105d2cb8) 
thrown [./open/src/hotspot/share/interpreter/linkResolver.cpp, line 766]
Event: 10.800 Thread 0x00000155bc11a800 Exception <a 'java/lang/NoSuchMethodError'{0x00000007105d95d8}: 'java.lang.Object java.lang.invoke.DirectMethodHandle$Holder.invokeStatic(java.lang.Object, int, java.lang.Object, java.lang.Object, java.lang.Object)'> (0x00000007105d95d8) 
thrown [./open/src/hotspot/share/interpreter/linkResolver.cpp, line 766]
Event: 10.801 Thread 0x00000155bc11a800 Exception <a 'java/lang/NoSuchMethodError'{0x00000007105dce28}: 'java.lang.Object java.lang.invoke.DirectMethodHandle$Holder.invokeSpecial(java.lang.Object, java.lang.Object, int, java.lang.Object, java.lang.Object, java.lang.Object)'> (0x00000007105dce28) 
thrown [./open/src/hotspot/share/interpreter/linkResolver.cpp, line 766]
Event: 10.803 Thread 0x00000155bc11a800 Exception <a 'java/lang/NoSuchMethodError'{0x00000007105f3b38}: 'java.lang.Object java.lang.invoke.DirectMethodHandle$Holder.invokeStatic(java.lang.Object, int, java.lang.Object)'> (0x00000007105f3b38) 
thrown [./open/src/hotspot/share/interpreter/linkResolver.cpp, line 766]
Event: 10.822 Thread 0x00000155bc11a800 Exception <a 'java/lang/ClassNotFoundException'{0x00000007104a6c80}: com/sun/swing/internal/plaf/metal/resources/spi/metalProvider> (0x00000007104a6c80) 
thrown [./open/src/hotspot/share/classfile/systemDictionary.cpp, line 226]
Event: 10.823 Thread 0x00000155bc11a800 Exception <a 'java/lang/ClassNotFoundException'{0x00000007104aecc8}: com/sun/swing/internal/plaf/basic/resources/spi/basicProvider> (0x00000007104aecc8) 
thrown [./open/src/hotspot/share/classfile/systemDictionary.cpp, line 226]
Event: 10.889 Thread 0x00000155bc11a800 Exception <a 'java/lang/NoSuchMethodError'{0x000000071022b9f0}: 'void java.lang.invoke.DirectMethodHandle$Holder.invokeStaticInit(java.lang.Object)'> (0x000000071022b9f0) 
thrown [./open/src/hotspot/share/interpreter/linkResolver.cpp, line 766]
Event: 10.897 Thread 0x00000155bc11a800 Exception <a 'java/io/FileNotFoundException'{0x00000007102abcb8}> (0x00000007102abcb8) 
thrown [./open/src/hotspot/share/prims/jni.cpp, line 599]
Event: 10.897 Thread 0x00000155bc11a800 Exception <a 'java/lang/NullPointerException'{0x00000007102ac5a8}> (0x00000007102ac5a8) 
thrown [./open/src/hotspot/share/interpreter/linkResolver.cpp, line 1348]
Event: 10.913 Thread 0x00000155bc11a800 Exception <a 'java/lang/NoSuchMethodError'{0x0000000710119b28}: 'java.lang.Object java.lang.invoke.Invokers$Holder.linkToTargetMethod(java.lang.Object, int, java.lang.Object)'> (0x0000000710119b28) 
thrown [./open/src/hotspot/share/interpreter/linkResolver.cpp, line 766]

Events (20 events):
Event: 10.909 loading class default
Event: 10.909 loading class default done
Event: 10.909 loading class sun/awt/windows/WDefaultFontCharset
Event: 10.909 loading class sun/awt/AWTCharset
Event: 10.909 loading class sun/awt/AWTCharset done
Event: 10.909 loading class sun/awt/windows/WDefaultFontCharset done
Event: 10.910 loading class sun/awt/windows/WDefaultFontCharset$Encoder
Event: 10.910 loading class sun/awt/AWTCharset$Encoder
Event: 10.910 loading class sun/awt/AWTCharset$Encoder done
Event: 10.910 loading class sun/awt/windows/WDefaultFontCharset$Encoder done
Event: 10.910 loading class java/io/ByteArrayOutputStream
Event: 10.911 loading class java/io/ByteArrayOutputStream done
Event: 10.911 loading class sun/awt/windows/WingDings
Event: 10.911 loading class sun/awt/windows/WingDings done
Event: 10.911 loading class sun/awt/windows/WingDings$Encoder
Event: 10.911 loading class sun/awt/windows/WingDings$Encoder done
Event: 10.911 loading class sun/awt/Symbol
Event: 10.911 loading class sun/awt/Symbol done
Event: 10.911 loading class sun/awt/Symbol$Encoder
Event: 10.911 loading class sun/awt/Symbol$Encoder done


Dynamic libraries:
0x00007ff665de0000 - 0x00007ff665def000 	C:\Program Files\Java\jdk-14.0.1\bin\java.exe
0x00007ffb0a600000 - 0x00007ffb0a7f0000 	C:\WINDOWS\SYSTEM32\ntdll.dll
0x00007ffb0a2b0000 - 0x00007ffb0a362000 	C:\WINDOWS\System32\KERNEL32.DLL
0x00007ffb08030000 - 0x00007ffb082d4000 	C:\WINDOWS\System32\KERNELBASE.dll
0x00007ffb05650000 - 0x00007ffb056df000 	C:\WINDOWS\SYSTEM32\apphelp.dll
0x00007ffb08340000 - 0x00007ffb0843a000 	C:\WINDOWS\System32\ucrtbase.dll
0x00007ffae17d0000 - 0x00007ffae17e8000 	C:\Program Files\Java\jdk-14.0.1\bin\jli.dll
0x00007ffb09680000 - 0x00007ffb09723000 	C:\WINDOWS\System32\ADVAPI32.dll
0x00007ffb0a170000 - 0x00007ffb0a20e000 	C:\WINDOWS\System32\msvcrt.dll
0x00007ffb09460000 - 0x00007ffb094f7000 	C:\WINDOWS\System32\sechost.dll
0x00007ffb09500000 - 0x00007ffb09620000 	C:\WINDOWS\System32\RPCRT4.dll
0x00007ffb09260000 - 0x00007ffb093f4000 	C:\WINDOWS\System32\USER32.dll
0x00007ffb07590000 - 0x00007ffb075b1000 	C:\WINDOWS\System32\win32u.dll
0x00007ffb09400000 - 0x00007ffb09426000 	C:\WINDOWS\System32\GDI32.dll
0x00007ffb07e90000 - 0x00007ffb08024000 	C:\WINDOWS\System32\gdi32full.dll
0x00007ffb08470000 - 0x00007ffb0850e000 	C:\WINDOWS\System32\msvcp_win.dll
0x00007ffae17b0000 - 0x00007ffae17c5000 	C:\Program Files\Java\jdk-14.0.1\bin\VCRUNTIME140.dll
0x00007ffaf53d0000 - 0x00007ffaf5654000 	C:\WINDOWS\WinSxS\amd64_microsoft.windows.common-controls_6595b64144ccf1df_6.0.18362.836_none_e6c4b943130f18ed\COMCTL32.dll
0x00007ffb08760000 - 0x00007ffb08a96000 	C:\WINDOWS\System32\combase.dll
0x00007ffb08630000 - 0x00007ffb086b0000 	C:\WINDOWS\System32\bcryptPrimitives.dll
0x00007ffb01280000 - 0x00007ffb0128a000 	C:\WINDOWS\SYSTEM32\VERSION.dll
0x00007ffb09430000 - 0x00007ffb0945e000 	C:\WINDOWS\System32\IMM32.DLL
0x00007ffacbfe0000 - 0x00007ffacc07b000 	C:\Program Files\Java\jdk-14.0.1\bin\msvcp140.dll
0x00007ffa91e90000 - 0x00007ffa929ae000 	C:\Program Files\Java\jdk-14.0.1\bin\server\jvm.dll
0x00007ffb0a210000 - 0x00007ffb0a218000 	C:\WINDOWS\System32\PSAPI.DLL
0x00007ffb02db0000 - 0x00007ffb02db9000 	C:\WINDOWS\SYSTEM32\WSOCK32.dll
0x00007ffb0a100000 - 0x00007ffb0a16f000 	C:\WINDOWS\System32\WS2_32.dll
0x00007ffb04fd0000 - 0x00007ffb04ff4000 	C:\WINDOWS\SYSTEM32\WINMM.dll
0x00007ffb04fa0000 - 0x00007ffb04fcd000 	C:\WINDOWS\SYSTEM32\WINMMBASE.dll
0x00007ffb08510000 - 0x00007ffb0855a000 	C:\WINDOWS\System32\cfgmgr32.dll
0x00007ffb074d0000 - 0x00007ffb074e1000 	C:\WINDOWS\System32\kernel.appcore.dll
0x00007ffaeb500000 - 0x00007ffaeb50a000 	C:\Program Files\Java\jdk-14.0.1\bin\jimage.dll
0x00007ffafee90000 - 0x00007ffaff084000 	C:\WINDOWS\SYSTEM32\DBGHELP.DLL
0x00007ffaff120000 - 0x00007ffaff14a000 	C:\WINDOWS\SYSTEM32\dbgcore.DLL
0x00007ffacbfa0000 - 0x00007ffacbfd8000 	C:\Program Files\Java\jdk-14.0.1\bin\jdwp.dll
0x00007ffad6be0000 - 0x00007ffad6c05000 	C:\Program Files\Java\jdk-14.0.1\bin\java.dll
0x00007ffaeb2c0000 - 0x00007ffaeb2ce000 	C:\Program Files\Java\jdk-14.0.1\bin\instrument.dll
0x00007ffad54e0000 - 0x00007ffad54f6000 	C:\Program Files\Java\jdk-14.0.1\bin\zip.dll
0x00007ffb08aa0000 - 0x00007ffb09184000 	C:\WINDOWS\System32\SHELL32.dll
0x00007ffb086b0000 - 0x00007ffb08759000 	C:\WINDOWS\System32\shcore.dll
0x00007ffb07710000 - 0x00007ffb07e8e000 	C:\WINDOWS\System32\windows.storage.dll
0x00007ffb07510000 - 0x00007ffb07533000 	C:\WINDOWS\System32\profapi.dll
0x00007ffb07540000 - 0x00007ffb0758a000 	C:\WINDOWS\System32\powrprof.dll
0x00007ffb074c0000 - 0x00007ffb074d0000 	C:\WINDOWS\System32\UMPDC.dll
0x00007ffb09620000 - 0x00007ffb09672000 	C:\WINDOWS\System32\shlwapi.dll
0x00007ffb08560000 - 0x00007ffb08577000 	C:\WINDOWS\System32\cryptsp.dll
0x00007ffaea5c0000 - 0x00007ffaea5cb000 	C:\Program Files\Java\jdk-14.0.1\bin\dt_socket.dll
0x00007ffb06a40000 - 0x00007ffb06a7a000 	C:\WINDOWS\SYSTEM32\IPHLPAPI.DLL
0x00007ffb06d30000 - 0x00007ffb06d97000 	C:\WINDOWS\system32\mswsock.dll
0x00007ffad54c0000 - 0x00007ffad54d9000 	C:\Program Files\Java\jdk-14.0.1\bin\net.dll
0x00007ffaff240000 - 0x00007ffaff330000 	C:\WINDOWS\SYSTEM32\WINHTTP.dll
0x00007ffad4c20000 - 0x00007ffad4c32000 	C:\Program Files\Java\jdk-14.0.1\bin\nio.dll
0x00007ffa873d0000 - 0x00007ffa8a3d1000 	C:\Users\tyani\Downloads\opencv\build\java\x64\opencv_java430.dll
0x00007ffb09ab0000 - 0x00007ffb09c07000 	C:\WINDOWS\System32\ole32.dll
0x00007ffb09190000 - 0x00007ffb09254000 	C:\WINDOWS\System32\OLEAUT32.dll
0x00007ffb021e0000 - 0x00007ffb023da000 	C:\WINDOWS\SYSTEM32\MFPlat.DLL
0x00007ffafde00000 - 0x00007ffafde82000 	C:\WINDOWS\SYSTEM32\MF.dll
0x00007ffadd030000 - 0x00007ffadd169000 	C:\WINDOWS\SYSTEM32\MFReadWrite.dll
0x00007ffaf2e60000 - 0x00007ffaf324c000 	C:\WINDOWS\SYSTEM32\MFCORE.DLL
0x00007ffb075c0000 - 0x00007ffb07709000 	C:\WINDOWS\System32\CRYPT32.dll
0x00007ffb074f0000 - 0x00007ffb07502000 	C:\WINDOWS\System32\MSASN1.dll
0x00007ffb08440000 - 0x00007ffb08466000 	C:\WINDOWS\System32\bcrypt.dll
0x00007ffb03500000 - 0x00007ffb03509000 	C:\WINDOWS\SYSTEM32\ksuser.dll
0x00007ffb06f00000 - 0x00007ffb06f0c000 	C:\WINDOWS\SYSTEM32\CRYPTBASE.DLL
0x00007ffb01f40000 - 0x00007ffb01f6f000 	C:\WINDOWS\SYSTEM32\RTWorkQ.DLL
0x00007ffb05790000 - 0x00007ffb05829000 	C:\WINDOWS\system32\uxtheme.dll
0x00007ffb016b0000 - 0x00007ffb016e0000 	C:\WINDOWS\SYSTEM32\CompPkgSup.DLL
0x00007ffb0a510000 - 0x00007ffb0a5b2000 	C:\WINDOWS\System32\clbcatq.dll
0x00007ffaf0d60000 - 0x00007ffaf14c9000 	C:\Windows\System32\Windows.Media.dll
0x00007ffb06520000 - 0x00007ffb06551000 	C:\WINDOWS\SYSTEM32\ntmarta.dll
0x00007ffaeeae0000 - 0x00007ffaeeb35000 	C:\Windows\System32\FSClient.dll
0x00007ffaf2c10000 - 0x00007ffaf2c6c000 	C:\Windows\System32\MFSENSORGROUP.dll
0x00007ffb061c0000 - 0x00007ffb062ab000 	C:\Windows\System32\dxgi.dll
0x00007ffb04b60000 - 0x00007ffb04dbb000 	C:\Windows\System32\d3d11.dll
0x00007ffb06130000 - 0x00007ffb06150000 	C:\WINDOWS\SYSTEM32\dxcore.dll
0x00007ffb00390000 - 0x00007ffb00471000 	C:\Windows\System32\Windows.ApplicationModel.dll
0x00007ffb05900000 - 0x00007ffb05b61000 	C:\Windows\System32\twinapi.appcore.dll
0x00007ffb05c60000 - 0x00007ffb05c89000 	C:\Windows\System32\RMCLIENT.dll
0x00007ffb01f00000 - 0x00007ffb01f0a000 	C:\WINDOWS\SYSTEM32\AVRT.dll
0x00007ffb01290000 - 0x00007ffb01370000 	C:\Windows\System32\AppXDeploymentClient.dll
0x00007ffb06460000 - 0x00007ffb064ec000 	C:\Windows\System32\FirewallAPI.dll
0x00007ffb00610000 - 0x00007ffb006bf000 	C:\Windows\System32\StateRepository.Core.dll
0x00007ffb06a80000 - 0x00007ffb06b4b000 	C:\Windows\System32\DNSAPI.dll
0x00007ffb0a220000 - 0x00007ffb0a228000 	C:\WINDOWS\System32\NSI.dll
0x00007ffb06400000 - 0x00007ffb0642e000 	C:\Windows\System32\fwbase.dll
0x00007ffb03450000 - 0x00007ffb0345d000 	C:\Windows\System32\vidcap.ax
0x00007ffaf6100000 - 0x00007ffaf6126000 	C:\Windows\System32\kswdmcap.ax
0x00007ffacccd0000 - 0x00007ffacce32000 	C:\Windows\System32\MFC42.dll
0x00007ffaefbf0000 - 0x00007ffaefd25000 	C:\Windows\System32\Windows.StateRepositoryPS.dll
0x00007ffb03740000 - 0x00007ffb03893000 	C:\Windows\System32\WinTypes.dll
0x00007ffad9c50000 - 0x00007ffad9dc2000 	C:\WINDOWS\System32\msvproc.dll
0x00007ffafdf20000 - 0x00007ffafdf38000 	C:\Windows\System32\devenum.dll
0x00007ffb09c90000 - 0x00007ffb0a100000 	C:\WINDOWS\System32\setupapi.dll
0x00007ffb072c0000 - 0x00007ffb072ea000 	C:\WINDOWS\SYSTEM32\DEVOBJ.dll
0x00007ffb082e0000 - 0x00007ffb0833c000 	C:\WINDOWS\System32\WINTRUST.dll
0x00007ffb03540000 - 0x00007ffb0354b000 	C:\WINDOWS\SYSTEM32\msdmo.dll
0x00007ffaa1750000 - 0x00007ffaa18e8000 	C:\Program Files\Java\jdk-14.0.1\bin\awt.dll
0x00007ffb0a3d0000 - 0x00007ffb0a506000 	C:\WINDOWS\System32\MSCTF.dll
0x00007ffb05d70000 - 0x00007ffb05d9d000 	C:\WINDOWS\system32\DWMAPI.DLL
0x00007ffacb600000 - 0x00007ffacb756000 	C:\WINDOWS\system32\opengl32.dll
0x00007ffadfc40000 - 0x00007ffadfc6c000 	C:\WINDOWS\SYSTEM32\GLU32.dll
0x00007ffadc910000 - 0x00007ffadcad7000 	C:\WINDOWS\system32\d3d9.dll
0x00007ffb02c50000 - 0x00007ffb02d3f000 	C:\WINDOWS\System32\DriverStore\FileRepository\nv_desktop_ref4i.inf_amd64_462657f76ab86475\nvldumdx.dll
0x00007ffb09730000 - 0x00007ffb0974d000 	C:\WINDOWS\System32\imagehlp.dll
0x00007ffb068a0000 - 0x00007ffb068d3000 	C:\WINDOWS\system32\rsaenh.dll
0x00007ffa96570000 - 0x00007ffa97a73000 	C:\WINDOWS\System32\DriverStore\FileRepository\nv_desktop_ref4i.inf_amd64_462657f76ab86475\nvd3dumx.dll
0x00007ffaeae60000 - 0x00007ffaeae70000 	C:\Program Files\Java\jdk-14.0.1\bin\verify.dll
0x00007ffaa6350000 - 0x00007ffaa63d2000 	C:\Program Files\Java\jdk-14.0.1\bin\freetype.dll
0x00007ffa8c6e0000 - 0x00007ffa8c786000 	C:\Program Files\Java\jdk-14.0.1\bin\fontmanager.dll

dbghelp: loaded successfully - version: 4.0.5 - missing functions: none
symbol engine: initialized successfully - sym options: 0x614 - pdb path: .;C:\Program Files\Java\jdk-14.0.1\bin;C:\WINDOWS\SYSTEM32;C:\WINDOWS\WinSxS\amd64_microsoft.windows.common-controls_6595b64144ccf1df_6.0.18362.836_none_e6c4b943130f18ed;C:\Program Files\Java\jdk-14.0.1\bin\server;C:\Users\tyani\Downloads\opencv\build\java\x64;C:\WINDOWS\System32\DriverStore\FileRepository\nv_desktop_ref4i.inf_amd64_462657f76ab86475

VM Arguments:
jvm_args: -agentlib:jdwp=transport=dt_socket,address=127.0.0.1:63899,suspend=y,server=n -Djava.library.path=C:\Users\tyani\Downloads\opencv\build\java\x64 -javaagent:C:\Users\tyani\AppData\Local\JetBrains\IdeaIC2020.1\captureAgent\debugger-agent.jar -Dfile.encoding=UTF-8 
java_command: com.company.Main
java_class_path (initial): C:\Users\tyani\IdeaProjects\TouchDetectionLibrary\out\production\TouchDetectionLibrary;C:\Users\tyani\Downloads\opencv\build\java\opencv-430.jar;C:\Program Files\JetBrains\IntelliJ IDEA Community Edition 2020.1.1\lib\idea_rt.jar
Launcher Type: SUN_STANDARD

[Global flags]
     intx CICompilerCount                          = 3                                         {product} {ergonomic}
     uint ConcGCThreads                            = 1                                         {product} {ergonomic}
     uint G1ConcRefinementThreads                  = 4                                         {product} {ergonomic}
   size_t G1HeapRegionSize                         = 1048576                                   {product} {ergonomic}
    uintx GCDrainStackTargetSize                   = 64                                        {product} {ergonomic}
   size_t InitialHeapSize                          = 268435456                                 {product} {ergonomic}
   size_t MarkStackSize                            = 4194304                                   {product} {ergonomic}
   size_t MaxHeapSize                              = 4282384384                                {product} {ergonomic}
   size_t MaxNewSize                               = 2569011200                                {product} {ergonomic}
   size_t MinHeapDeltaBytes                        = 1048576                                   {product} {ergonomic}
   size_t MinHeapSize                              = 8388608                                   {product} {ergonomic}
    uintx NonNMethodCodeHeapSize                   = 5832780                                {pd product} {ergonomic}
    uintx NonProfiledCodeHeapSize                  = 122912730                              {pd product} {ergonomic}
    uintx ProfiledCodeHeapSize                     = 122912730                              {pd product} {ergonomic}
    uintx ReservedCodeCacheSize                    = 251658240                              {pd product} {ergonomic}
     bool SegmentedCodeCache                       = true                                      {product} {ergonomic}
   size_t SoftMaxHeapSize                          = 4282384384                             {manageable} {ergonomic}
     bool UseCompressedClassPointers               = true                                 {lp64_product} {ergonomic}
     bool UseCompressedOops                        = true                                 {lp64_product} {ergonomic}
     bool UseG1GC                                  = true                                      {product} {ergonomic}
     bool UseLargePagesIndividualAllocation        = false                                  {pd product} {ergonomic}

Logging:
Log output configuration:
 #0: stdout all=warning uptime,level,tags
 #1: stderr all=off uptime,level,tags

Environment Variables:
PATH=C:\Program Files (x86)\Common Files\Oracle\Java\javapath;C:\WINDOWS\system32;C:\WINDOWS;C:\WINDOWS\System32\Wbem;C:\WINDOWS\System32\WindowsPowerShell\v1.0\;C:\WINDOWS\System32\OpenSSH\;C:\Program Files\Git\cmd;C:\Program Files\dotnet\;C:\Users\tyani\AppData\Local\Microsoft\WindowsApps;C:\Users\tyani\LocalRepository\flutter\bin;
USERNAME=tyani
OS=Windows_NT
PROCESSOR_IDENTIFIER=Intel64 Family 6 Model 60 Stepping 3, GenuineIntel



---------------  S Y S T E M  ---------------

OS: Windows 10 , 64 bit Build 18362 (10.0.18362.778)
OS uptime: 6 days 7:56 hours

CPU:total 4 (initial active 4) (4 cores per cpu, 1 threads per core) family 6 model 60 stepping 3, cmov, cx8, fxsr, mmx, sse, sse2, sse3, ssse3, sse4.1, sse4.2, popcnt, avx, avx2, aes, clmul, erms, lzcnt, tsc, tscinvbit, bmi1, bmi2, fma

Memory: 4k page, system-wide physical 16335M (3568M free)
TotalPageFile size 28590M (AvailPageFile size 3505M)
current process WorkingSet (physical memory assigned to process): 92M, peak: 92M
current process commit charge ("private bytes"): 373M, peak: 373M

vm_info: Java HotSpot(TM) 64-Bit Server VM (14.0.1+7) for windows-amd64 JRE (14.0.1+7), built on Mar  5 2020 10:30:14 by "mach5one" with MS VC++ 15.9 (VS2017)

END.
