#
# A fatal error has been detected by the Java Runtime Environment:
#
#  EXCEPTION_ACCESS_VIOLATION (0xc0000005) at pc=0x00007ffaa17df74a, pid=16904, tid=25492
#
# JRE version: Java(TM) SE Runtime Environment (14.0.1+7) (build 14.0.1+7)
# Java VM: Java HotSpot(TM) 64-Bit Server VM (14.0.1+7, mixed mode, sharing, tiered, compressed oops, g1 gc, windows-amd64)
# Problematic frame:
# C  [awt.dll+0x8f74a]
#
# No core dump will be written. Minidumps are not enabled by default on client versions of Windows
#
# If you would like to submit a bug report, please visit:
#   https://bugreport.java.com/bugreport/crash.jsp
# The crash happened outside the Java Virtual Machine in native code.
# See problematic frame for where to report the bug.
#

---------------  S U M M A R Y ------------

Command Line: -Djava.library.path=C:\Users\tyani\Downloads\opencv\build\java\x64 -javaagent:C:\Users\tyani\AppData\Local\JetBrains\IdeaIC2020.1\testAgent\intellij-coverage-agent-1.0.508.jar=C:\Users\tyani\AppData\Local\Temp\coverageargs -javaagent:C:\Program Files\JetBrains\IntelliJ IDEA Community Edition 2020.1.1\lib\idea_rt.jar=63817:C:\Program Files\JetBrains\IntelliJ IDEA Community Edition 2020.1.1\bin -Dfile.encoding=UTF-8 com.company.Main

Host: Intel(R) Core(TM) i5-4690K CPU @ 3.50GHz, 4 cores, 15G,  Windows 10 , 64 bit Build 18362 (10.0.18362.778)
Time: Thu May 28 05:05:03 2020 ???? (?W?€??) elapsed time: 1 seconds (0d 0h 0m 1s)

---------------  T H R E A D  ---------------

Current thread (0x000002411958a800):  JavaThread "main" [_thread_in_native, id=25492, stack(0x0000005357c00000,0x0000005357d00000)]

Stack: [0x0000005357c00000,0x0000005357d00000],  sp=0x0000005357cfebe0,  free space=1018k
Native frames: (J=compiled Java code, j=interpreted, Vv=VM code, C=native code)
C  [awt.dll+0x8f74a]

Java frames: (J=compiled Java code, j=interpreted, Vv=VM code)
j  sun.awt.windows.WComponentPeer._setFont(Ljava/awt/Font;)V+0 java.desktop@14.0.1
j  sun.awt.windows.WComponentPeer.setFont(Ljava/awt/Font;)V+7 java.desktop@14.0.1
j  sun.awt.windows.WWindowPeer.initialize()V+42 java.desktop@14.0.1
j  sun.awt.windows.WFramePeer.initialize()V+1 java.desktop@14.0.1
j  sun.awt.windows.WComponentPeer.<init>(Ljava/awt/Component;)V+83 java.desktop@14.0.1
j  sun.awt.windows.WCanvasPeer.<init>(Ljava/awt/Component;)V+2 java.desktop@14.0.1
j  sun.awt.windows.WPanelPeer.<init>(Ljava/awt/Component;)V+2 java.desktop@14.0.1
j  sun.awt.windows.WWindowPeer.<init>(Ljava/awt/Window;)V+2 java.desktop@14.0.1
j  sun.awt.windows.WFramePeer.<init>(Ljava/awt/Frame;)V+2 java.desktop@14.0.1
j  sun.awt.windows.WToolkit.createFrame(Ljava/awt/Frame;)Ljava/awt/peer/FramePeer;+5 java.desktop@14.0.1
j  java.awt.Frame.addNotify()V+20 java.desktop@14.0.1
j  java.awt.Window.pack()V+28 java.desktop@14.0.1
j  org.opencv.highgui.ImageWindow.setFrameLabelVisible(Ljavax/swing/JFrame;Ljavax/swing/JLabel;)V+160
j  org.opencv.highgui.HighGui.waitKey(I)I+366
j  com.company.Main.main([Ljava/lang/String;)V+206
v  ~StubRoutines::call_stub

siginfo: EXCEPTION_ACCESS_VIOLATION (0xc0000005), reading address 0x0000000000000058


Register to memory mapping:

RIP=0x00007ffaa17df74a awt.dll
RAX=0x00007ffaa185a660 awt.dll
RBX=0x000002411958ab10 points into unknown readable memory: a0 1a 85 92 fa 7f 00 00
RCX=0x000002413ebdb8d0 points into unknown readable memory: 60 a6 85 a1 fa 7f 00 00
RDX=0x0 is NULL
RSP=0x0000005357cfebe0 is pointing into the stack for thread: 0x000002411958a800
RBP=0x0 is NULL
RSI=0x000002413ec0ed68 is a global jni handle
RDI=0x000002413ec0ed70 is a global jni handle
R8 =0x0000000000000042 is an unknown value
R9 =0x0000000800b66fe0 is a pointer to class: 
java.awt.Font {0x0000000800b66fe8}
R10=0x0000000000008000 is an unknown value
R11=0x0000005357cfebe0 is pointing into the stack for thread: 0x000002411958a800
R12=0x0 is NULL
R13={method} {0x000002413cc72818} '_setFont' '(Ljava/awt/Font;)V' in 'sun/awt/windows/WComponentPeer'
R14=0x000002413ebdb8d0 points into unknown readable memory: 60 a6 85 a1 fa 7f 00 00
R15=0x000002413ec334a0 points into unknown readable memory: 68 ed c0 3e 41 02 00 00


Registers:
RAX=0x00007ffaa185a660, RBX=0x000002411958ab10, RCX=0x000002413ebdb8d0, RDX=0x0000000000000000
RSP=0x0000005357cfebe0, RBP=0x0000000000000000, RSI=0x000002413ec0ed68, RDI=0x000002413ec0ed70
R8 =0x0000000000000042, R9 =0x0000000800b66fe0, R10=0x0000000000008000, R11=0x0000005357cfebe0
R12=0x0000000000000000, R13=0x000002413cc72810, R14=0x000002413ebdb8d0, R15=0x000002413ec334a0
RIP=0x00007ffaa17df74a, EFLAGS=0x0000000000010202

Top of Stack: (sp=0x0000005357cfebe0)
0x0000005357cfebe0:   000002413ec334a0 000002413ebdb8d0
0x0000005357cfebf0:   000002413ec334a0 000002413ebdb8d0
0x0000005357cfec00:   000002413ec0ed70 00007ffaa17e4655
0x0000005357cfec10:   000002411958ab10 000002411958ab10
0x0000005357cfec20:   0000000000000000 000002413ec0ed68
0x0000005357cfec30:   000002411958a800 0000005357cfed88
0x0000005357cfec40:   000002413ec334a0 00007ffaa181d59b
0x0000005357cfec50:   00007ffaa189f018 0000005357cfed60
0x0000005357cfec60:   00007ffaa17e4528 0000000000000000
0x0000005357cfec70:   fffffffffffffffe fffffffffffffffe
0x0000005357cfec80:   000002413ec0ed68 00007ffaa17e581c
0x0000005357cfec90:   000002413ec0ed70 0000005357cfed80
0x0000005357cfeca0:   0000005357cfed80 00007ffaa189f018
0x0000005357cfecb0:   fffffffffffffffe 00007ffa921c6c39
0x0000005357cfecc0:   0000024121d2a1b3 0000024121d300b4
0x0000005357cfecd0:   000002413cc72810 0000000000000001 

Instructions: (pc=0x00007ffaa17df74a)
0x00007ffaa17df64a:   00 48 8b d9 e8 d9 dc ff ff 48 8b f8 48 85 c0 75
0x00007ffaa17df65a:   04 48 8b 7b 48 48 8b cf e8 93 15 05 00 48 8b d8
0x00007ffaa17df66a:   48 85 c0 74 60 83 64 24 20 00 0f 57 c0 83 64 24
0x00007ffaa17df67a:   34 00 b9 11 00 00 00 83 64 24 38 00 f3 0f 7f 44
0x00007ffaa17df68a:   24 24 ff 15 86 bc 0b 00 4c 8d 44 24 40 ba 5c 00
0x00007ffaa17df69a:   00 00 48 8b c8 ff 15 2b bf 0b 00 83 f8 5c 75 0d
0x00007ffaa17df6aa:   48 8d 54 24 40 48 8b cb e8 f2 15 05 00 48 8d 54
0x00007ffaa17df6ba:   24 20 48 8b cb e8 09 16 05 00 48 8b d3 48 8b cf
0x00007ffaa17df6ca:   e8 b6 15 05 00 48 8b 8c 24 a0 00 00 00 48 33 cc
0x00007ffaa17df6da:   e8 e1 22 05 00 48 8b 9c 24 c8 00 00 00 48 81 c4
0x00007ffaa17df6ea:   b0 00 00 00 5f c3 40 53 48 83 ec 20 48 8b d9 ff
0x00007ffaa17df6fa:   15 69 c4 0b 00 48 85 c0 75 0a 48 8b 4b 48 ff 15
0x00007ffaa17df70a:   52 c4 0b 00 48 83 c4 20 5b c3 4c 63 c2 48 8b 15
0x00007ffaa17df71a:   2a a8 0b 00 48 ff 25 e3 c2 0b 00 cc cc cc 48 8b
0x00007ffaa17df72a:   d1 48 8b 0d 1e d8 0b 00 48 89 15 17 d8 0b 00 e9
0x00007ffaa17df73a:   f6 63 04 00 cc cc 48 89 5c 24 08 57 48 83 ec 20
0x00007ffaa17df74a:   83 7a 58 00 48 8b da 48 8b f9 7d 08 48 8b ca e8
0x00007ffaa17df75a:   4a 95 01 00 4c 8b 43 48 45 33 c9 48 8b 4f 48 4d
0x00007ffaa17df76a:   8b 00 41 8d 51 30 ff 15 5a c5 0b 00 48 8b 4f 48
0x00007ffaa17df77a:   33 d2 44 8d 42 01 48 8b 5c 24 30 48 83 c4 20 5f
0x00007ffaa17df78a:   48 ff 25 f7 c3 0b 00 cc cc cc 48 8b c4 48 89 58
0x00007ffaa17df79a:   08 48 89 68 10 48 89 70 18 48 89 78 20 41 56 48
0x00007ffaa17df7aa:   83 ec 20 4c 8b f2 48 8b f9 48 8b 0d 3e f6 0b 00
0x00007ffaa17df7ba:   ba 02 00 01 00 41 8b e8 e8 04 21 05 00 48 8b 97
0x00007ffaa17df7ca:   c0 00 00 00 33 db 48 8b f0 48 85 d2 74 0d 4c 8b
0x00007ffaa17df7da:   08 48 8b c8 41 ff 91 b0 00 00 00 4d 85 f6 74 14
0x00007ffaa17df7ea:   48 8b 06 49 8b d6 48 8b ce ff 90 a8 00 00 00 48
0x00007ffaa17df7fa:   8b d8 eb 05 bd 01 00 00 00 48 89 9f c0 00 00 00
0x00007ffaa17df80a:   89 af c8 00 00 00 48 8b 5c 24 30 48 8b 6c 24 38
0x00007ffaa17df81a:   48 8b 74 24 40 48 8b 7c 24 48 48 83 c4 20 41 5e
0x00007ffaa17df82a:   c3 cc 48 89 5c 24 08 48 89 6c 24 10 48 89 74 24
0x00007ffaa17df83a:   18 57 48 83 ec 20 33 db 48 8b f9 48 85 c9 75 09 


Stack slot to memory mapping:
stack at sp + 0 slots: 0x000002413ec334a0 points into unknown readable memory: 68 ed c0 3e 41 02 00 00
stack at sp + 1 slots: 0x000002413ebdb8d0 points into unknown readable memory: 60 a6 85 a1 fa 7f 00 00
stack at sp + 2 slots: 0x000002413ec334a0 points into unknown readable memory: 68 ed c0 3e 41 02 00 00
stack at sp + 3 slots: 0x000002413ebdb8d0 points into unknown readable memory: 60 a6 85 a1 fa 7f 00 00
stack at sp + 4 slots: 0x000002413ec0ed70 is a global jni handle
stack at sp + 5 slots: 0x00007ffaa17e4655 awt.dll
stack at sp + 6 slots: 0x000002411958ab10 points into unknown readable memory: a0 1a 85 92 fa 7f 00 00
stack at sp + 7 slots: 0x000002411958ab10 points into unknown readable memory: a0 1a 85 92 fa 7f 00 00


---------------  P R O C E S S  ---------------

Threads class SMR info:
_java_thread_list=0x000002413e8a6370, length=16, elements={
0x000002411958a800, 0x000002413c9d5000, 0x000002413c9d6800, 0x000002413d278800,
0x000002413d27b800, 0x000002413d27d800, 0x000002413d27f000, 0x000002413d282000,
0x000002413d304000, 0x000002413c9b9000, 0x000002413d586000, 0x000002413d587000,
0x000002413dfb5000, 0x000002413e507800, 0x000002413e508800, 0x000002413ec35800
}

Java Threads: ( => current thread )
=>0x000002411958a800 JavaThread "main" [_thread_in_native, id=25492, stack(0x0000005357c00000,0x0000005357d00000)]
  0x000002413c9d5000 JavaThread "Reference Handler" daemon [_thread_blocked, id=25080, stack(0x0000005358300000,0x0000005358400000)]
  0x000002413c9d6800 JavaThread "Finalizer" daemon [_thread_blocked, id=23544, stack(0x0000005358400000,0x0000005358500000)]
  0x000002413d278800 JavaThread "Signal Dispatcher" daemon [_thread_blocked, id=9788, stack(0x0000005358500000,0x0000005358600000)]
  0x000002413d27b800 JavaThread "Attach Listener" daemon [_thread_blocked, id=23076, stack(0x0000005358600000,0x0000005358700000)]
  0x000002413d27d800 JavaThread "Service Thread" daemon [_thread_blocked, id=25380, stack(0x0000005358700000,0x0000005358800000)]
  0x000002413d27f000 JavaThread "C2 CompilerThread0" daemon [_thread_blocked, id=21852, stack(0x0000005358800000,0x0000005358900000)]
  0x000002413d282000 JavaThread "C1 CompilerThread0" daemon [_thread_blocked, id=22416, stack(0x0000005358900000,0x0000005358a00000)]
  0x000002413d304000 JavaThread "Sweeper thread" daemon [_thread_blocked, id=17284, stack(0x0000005358a00000,0x0000005358b00000)]
  0x000002413c9b9000 JavaThread "Common-Cleaner" daemon [_thread_blocked, id=25452, stack(0x0000005358b00000,0x0000005358c00000)]
  0x000002413d586000 JavaThread "Monitor Ctrl-Break" daemon [_thread_in_native, id=9260, stack(0x0000005358d00000,0x0000005358e00000)]
  0x000002413d587000 JavaThread "Notification Thread" daemon [_thread_blocked, id=12424, stack(0x0000005358e00000,0x0000005358f00000)]
  0x000002413dfb5000 JavaThread "Java2D Disposer" daemon [_thread_blocked, id=4892, stack(0x0000005359b00000,0x0000005359c00000)]
  0x000002413e507800 JavaThread "AWT-Shutdown" [_thread_blocked, id=24724, stack(0x0000005359c00000,0x0000005359d00000)]
  0x000002413e508800 JavaThread "AWT-Windows" daemon [_thread_in_native, id=16652, stack(0x0000005359d00000,0x0000005359e00000)]
  0x000002413ec35800 JavaThread "AWT-EventQueue-0" [_thread_blocked, id=22968, stack(0x000000535a000000,0x000000535a100000)]

Other Threads:
  0x000002413c9d0800 VMThread "VM Thread" [stack: 0x0000005358200000,0x0000005358300000] [id=5916]
  0x000002413d587800 WatcherThread [stack: 0x0000005358f00000,0x0000005359000000] [id=15744]
  0x00000241195f6000 GCTaskThread "GC Thread#0" [stack: 0x0000005357d00000,0x0000005357e00000] [id=11156]
  0x000002413ec40800 GCTaskThread "GC Thread#1" [stack: 0x000000535a100000,0x000000535a200000] [id=22896]
  0x000002413ec41800 GCTaskThread "GC Thread#2" [stack: 0x000000535a200000,0x000000535a300000] [id=22396]
  0x000002413ec44000 GCTaskThread "GC Thread#3" [stack: 0x000000535a300000,0x000000535a400000] [id=21676]
  0x0000024119618800 ConcurrentGCThread "G1 Main Marker" [stack: 0x0000005357e00000,0x0000005357f00000] [id=5460]
  0x0000024119619800 ConcurrentGCThread "G1 Conc#0" [stack: 0x0000005357f00000,0x0000005358000000] [id=24732]
  0x000002413c8c0000 ConcurrentGCThread "G1 Refine#0" [stack: 0x0000005358000000,0x0000005358100000] [id=8984]
  0x000002413d42f000 ConcurrentGCThread "G1 Refine#1" [stack: 0x000000535a400000,0x000000535a500000] [id=22844]
  0x000002413c8c1000 ConcurrentGCThread "G1 Young RemSet Sampling" [stack: 0x0000005358100000,0x0000005358200000] [id=25432]

Threads with active compile tasks:

VM state:not at safepoint (normal execution)

VM Mutex/Monitor currently owned by a thread: None

Heap address: 0x0000000700c00000, size: 4084 MB, Compressed Oops mode: Zero based, Oop shift amount: 3
Narrow klass base: 0x0000000800000000, Narrow klass shift: 3
Compressed class space size: 1073741824 Address: 0x0000000800b30000

Heap:
 garbage-first heap   total 262144K, used 5508K [0x0000000700c00000, 0x0000000800000000)
  region size 1024K, 4 young (4096K), 2 survivors (2048K)
 Metaspace       used 7609K, capacity 7965K, committed 8192K, reserved 1056768K
  class space    used 785K, capacity 925K, committed 1024K, reserved 1048576K
Heap Regions: E=young(eden), S=young(survivor), O=old, HS=humongous(starts), HC=humongous(continues), CS=collection set, F=free, OA=open archive, CA=closed archive, TAMS=top-at-mark-start (previous, next)
|   0|0x0000000700c00000, 0x0000000700c00000, 0x0000000700d00000|  0%| F|  |TAMS 0x0000000700c00000, 0x0000000700c00000| Untracked 
|   1|0x0000000700d00000, 0x0000000700e00000, 0x0000000700e00000|100%|HS|  |TAMS 0x0000000700d00000, 0x0000000700d00000| Complete 
|   2|0x0000000700e00000, 0x0000000700f00000, 0x0000000700f00000|100%| O|  |TAMS 0x0000000700e00000, 0x0000000700e00000| Untracked 
|   3|0x0000000700f00000, 0x0000000700f61200, 0x0000000701000000| 37%| O|  |TAMS 0x0000000700f00000, 0x0000000700f00000| Untracked 
|   4|0x0000000701000000, 0x0000000701000000, 0x0000000701100000|  0%| F|  |TAMS 0x0000000701000000, 0x0000000701000000| Untracked 
|   5|0x0000000701100000, 0x0000000701100000, 0x0000000701200000|  0%| F|  |TAMS 0x0000000701100000, 0x0000000701100000| Untracked 
|   6|0x0000000701200000, 0x0000000701200000, 0x0000000701300000|  0%| F|  |TAMS 0x0000000701200000, 0x0000000701200000| Untracked 
|   7|0x0000000701300000, 0x0000000701300000, 0x0000000701400000|  0%| F|  |TAMS 0x0000000701300000, 0x0000000701300000| Untracked 
|   8|0x0000000701400000, 0x0000000701400000, 0x0000000701500000|  0%| F|  |TAMS 0x0000000701400000, 0x0000000701400000| Untracked 
|   9|0x0000000701500000, 0x0000000701500000, 0x0000000701600000|  0%| F|  |TAMS 0x0000000701500000, 0x0000000701500000| Untracked 
|  10|0x0000000701600000, 0x0000000701600000, 0x0000000701700000|  0%| F|  |TAMS 0x0000000701600000, 0x0000000701600000| Untracked 
|  11|0x0000000701700000, 0x0000000701700000, 0x0000000701800000|  0%| F|  |TAMS 0x0000000701700000, 0x0000000701700000| Untracked 
|  12|0x0000000701800000, 0x0000000701800000, 0x0000000701900000|  0%| F|  |TAMS 0x0000000701800000, 0x0000000701800000| Untracked 
|  13|0x0000000701900000, 0x0000000701900000, 0x0000000701a00000|  0%| F|  |TAMS 0x0000000701900000, 0x0000000701900000| Untracked 
|  14|0x0000000701a00000, 0x0000000701a00000, 0x0000000701b00000|  0%| F|  |TAMS 0x0000000701a00000, 0x0000000701a00000| Untracked 
|  15|0x0000000701b00000, 0x0000000701b00000, 0x0000000701c00000|  0%| F|  |TAMS 0x0000000701b00000, 0x0000000701b00000| Untracked 
|  16|0x0000000701c00000, 0x0000000701c00000, 0x0000000701d00000|  0%| F|  |TAMS 0x0000000701c00000, 0x0000000701c00000| Untracked 
|  17|0x0000000701d00000, 0x0000000701d00000, 0x0000000701e00000|  0%| F|  |TAMS 0x0000000701d00000, 0x0000000701d00000| Untracked 
|  18|0x0000000701e00000, 0x0000000701e00000, 0x0000000701f00000|  0%| F|  |TAMS 0x0000000701e00000, 0x0000000701e00000| Untracked 
|  19|0x0000000701f00000, 0x0000000701f00000, 0x0000000702000000|  0%| F|  |TAMS 0x0000000701f00000, 0x0000000701f00000| Untracked 
|  20|0x0000000702000000, 0x0000000702000000, 0x0000000702100000|  0%| F|  |TAMS 0x0000000702000000, 0x0000000702000000| Untracked 
|  21|0x0000000702100000, 0x0000000702100000, 0x0000000702200000|  0%| F|  |TAMS 0x0000000702100000, 0x0000000702100000| Untracked 
|  22|0x0000000702200000, 0x0000000702200000, 0x0000000702300000|  0%| F|  |TAMS 0x0000000702200000, 0x0000000702200000| Untracked 
|  23|0x0000000702300000, 0x0000000702300000, 0x0000000702400000|  0%| F|  |TAMS 0x0000000702300000, 0x0000000702300000| Untracked 
|  24|0x0000000702400000, 0x0000000702400000, 0x0000000702500000|  0%| F|  |TAMS 0x0000000702400000, 0x0000000702400000| Untracked 
|  25|0x0000000702500000, 0x0000000702500000, 0x0000000702600000|  0%| F|  |TAMS 0x0000000702500000, 0x0000000702500000| Untracked 
|  26|0x0000000702600000, 0x0000000702600000, 0x0000000702700000|  0%| F|  |TAMS 0x0000000702600000, 0x0000000702600000| Untracked 
|  27|0x0000000702700000, 0x0000000702700000, 0x0000000702800000|  0%| F|  |TAMS 0x0000000702700000, 0x0000000702700000| Untracked 
|  28|0x0000000702800000, 0x0000000702800000, 0x0000000702900000|  0%| F|  |TAMS 0x0000000702800000, 0x0000000702800000| Untracked 
|  29|0x0000000702900000, 0x0000000702900000, 0x0000000702a00000|  0%| F|  |TAMS 0x0000000702900000, 0x0000000702900000| Untracked 
|  30|0x0000000702a00000, 0x0000000702a00000, 0x0000000702b00000|  0%| F|  |TAMS 0x0000000702a00000, 0x0000000702a00000| Untracked 
|  31|0x0000000702b00000, 0x0000000702b00000, 0x0000000702c00000|  0%| F|  |TAMS 0x0000000702b00000, 0x0000000702b00000| Untracked 
|  32|0x0000000702c00000, 0x0000000702c00000, 0x0000000702d00000|  0%| F|  |TAMS 0x0000000702c00000, 0x0000000702c00000| Untracked 
|  33|0x0000000702d00000, 0x0000000702d00000, 0x0000000702e00000|  0%| F|  |TAMS 0x0000000702d00000, 0x0000000702d00000| Untracked 
|  34|0x0000000702e00000, 0x0000000702e00000, 0x0000000702f00000|  0%| F|  |TAMS 0x0000000702e00000, 0x0000000702e00000| Untracked 
|  35|0x0000000702f00000, 0x0000000702f00000, 0x0000000703000000|  0%| F|  |TAMS 0x0000000702f00000, 0x0000000702f00000| Untracked 
|  36|0x0000000703000000, 0x0000000703000000, 0x0000000703100000|  0%| F|  |TAMS 0x0000000703000000, 0x0000000703000000| Untracked 
|  37|0x0000000703100000, 0x0000000703100000, 0x0000000703200000|  0%| F|  |TAMS 0x0000000703100000, 0x0000000703100000| Untracked 
|  38|0x0000000703200000, 0x0000000703200000, 0x0000000703300000|  0%| F|  |TAMS 0x0000000703200000, 0x0000000703200000| Untracked 
|  39|0x0000000703300000, 0x0000000703300000, 0x0000000703400000|  0%| F|  |TAMS 0x0000000703300000, 0x0000000703300000| Untracked 
|  40|0x0000000703400000, 0x0000000703400000, 0x0000000703500000|  0%| F|  |TAMS 0x0000000703400000, 0x0000000703400000| Untracked 
|  41|0x0000000703500000, 0x0000000703500000, 0x0000000703600000|  0%| F|  |TAMS 0x0000000703500000, 0x0000000703500000| Untracked 
|  42|0x0000000703600000, 0x0000000703600000, 0x0000000703700000|  0%| F|  |TAMS 0x0000000703600000, 0x0000000703600000| Untracked 
|  43|0x0000000703700000, 0x0000000703700000, 0x0000000703800000|  0%| F|  |TAMS 0x0000000703700000, 0x0000000703700000| Untracked 
|  44|0x0000000703800000, 0x0000000703800000, 0x0000000703900000|  0%| F|  |TAMS 0x0000000703800000, 0x0000000703800000| Untracked 
|  45|0x0000000703900000, 0x0000000703900000, 0x0000000703a00000|  0%| F|  |TAMS 0x0000000703900000, 0x0000000703900000| Untracked 
|  46|0x0000000703a00000, 0x0000000703a00000, 0x0000000703b00000|  0%| F|  |TAMS 0x0000000703a00000, 0x0000000703a00000| Untracked 
|  47|0x0000000703b00000, 0x0000000703b00000, 0x0000000703c00000|  0%| F|  |TAMS 0x0000000703b00000, 0x0000000703b00000| Untracked 
|  48|0x0000000703c00000, 0x0000000703c00000, 0x0000000703d00000|  0%| F|  |TAMS 0x0000000703c00000, 0x0000000703c00000| Untracked 
|  49|0x0000000703d00000, 0x0000000703d00000, 0x0000000703e00000|  0%| F|  |TAMS 0x0000000703d00000, 0x0000000703d00000| Untracked 
|  50|0x0000000703e00000, 0x0000000703e00000, 0x0000000703f00000|  0%| F|  |TAMS 0x0000000703e00000, 0x0000000703e00000| Untracked 
|  51|0x0000000703f00000, 0x0000000703f00000, 0x0000000704000000|  0%| F|  |TAMS 0x0000000703f00000, 0x0000000703f00000| Untracked 
|  52|0x0000000704000000, 0x0000000704000000, 0x0000000704100000|  0%| F|  |TAMS 0x0000000704000000, 0x0000000704000000| Untracked 
|  53|0x0000000704100000, 0x0000000704100000, 0x0000000704200000|  0%| F|  |TAMS 0x0000000704100000, 0x0000000704100000| Untracked 
|  54|0x0000000704200000, 0x0000000704200000, 0x0000000704300000|  0%| F|  |TAMS 0x0000000704200000, 0x0000000704200000| Untracked 
|  55|0x0000000704300000, 0x0000000704300000, 0x0000000704400000|  0%| F|  |TAMS 0x0000000704300000, 0x0000000704300000| Untracked 
|  56|0x0000000704400000, 0x0000000704400000, 0x0000000704500000|  0%| F|  |TAMS 0x0000000704400000, 0x0000000704400000| Untracked 
|  57|0x0000000704500000, 0x0000000704500000, 0x0000000704600000|  0%| F|  |TAMS 0x0000000704500000, 0x0000000704500000| Untracked 
|  58|0x0000000704600000, 0x0000000704600000, 0x0000000704700000|  0%| F|  |TAMS 0x0000000704600000, 0x0000000704600000| Untracked 
|  59|0x0000000704700000, 0x0000000704700000, 0x0000000704800000|  0%| F|  |TAMS 0x0000000704700000, 0x0000000704700000| Untracked 
|  60|0x0000000704800000, 0x0000000704800000, 0x0000000704900000|  0%| F|  |TAMS 0x0000000704800000, 0x0000000704800000| Untracked 
|  61|0x0000000704900000, 0x0000000704900000, 0x0000000704a00000|  0%| F|  |TAMS 0x0000000704900000, 0x0000000704900000| Untracked 
|  62|0x0000000704a00000, 0x0000000704a00000, 0x0000000704b00000|  0%| F|  |TAMS 0x0000000704a00000, 0x0000000704a00000| Untracked 
|  63|0x0000000704b00000, 0x0000000704b00000, 0x0000000704c00000|  0%| F|  |TAMS 0x0000000704b00000, 0x0000000704b00000| Untracked 
|  64|0x0000000704c00000, 0x0000000704c00000, 0x0000000704d00000|  0%| F|  |TAMS 0x0000000704c00000, 0x0000000704c00000| Untracked 
|  65|0x0000000704d00000, 0x0000000704d00000, 0x0000000704e00000|  0%| F|  |TAMS 0x0000000704d00000, 0x0000000704d00000| Untracked 
|  66|0x0000000704e00000, 0x0000000704e00000, 0x0000000704f00000|  0%| F|  |TAMS 0x0000000704e00000, 0x0000000704e00000| Untracked 
|  67|0x0000000704f00000, 0x0000000704f00000, 0x0000000705000000|  0%| F|  |TAMS 0x0000000704f00000, 0x0000000704f00000| Untracked 
|  68|0x0000000705000000, 0x0000000705000000, 0x0000000705100000|  0%| F|  |TAMS 0x0000000705000000, 0x0000000705000000| Untracked 
|  69|0x0000000705100000, 0x0000000705100000, 0x0000000705200000|  0%| F|  |TAMS 0x0000000705100000, 0x0000000705100000| Untracked 
|  70|0x0000000705200000, 0x0000000705200000, 0x0000000705300000|  0%| F|  |TAMS 0x0000000705200000, 0x0000000705200000| Untracked 
|  71|0x0000000705300000, 0x0000000705300000, 0x0000000705400000|  0%| F|  |TAMS 0x0000000705300000, 0x0000000705300000| Untracked 
|  72|0x0000000705400000, 0x0000000705400000, 0x0000000705500000|  0%| F|  |TAMS 0x0000000705400000, 0x0000000705400000| Untracked 
|  73|0x0000000705500000, 0x0000000705500000, 0x0000000705600000|  0%| F|  |TAMS 0x0000000705500000, 0x0000000705500000| Untracked 
|  74|0x0000000705600000, 0x0000000705600000, 0x0000000705700000|  0%| F|  |TAMS 0x0000000705600000, 0x0000000705600000| Untracked 
|  75|0x0000000705700000, 0x0000000705700000, 0x0000000705800000|  0%| F|  |TAMS 0x0000000705700000, 0x0000000705700000| Untracked 
|  76|0x0000000705800000, 0x0000000705800000, 0x0000000705900000|  0%| F|  |TAMS 0x0000000705800000, 0x0000000705800000| Untracked 
|  77|0x0000000705900000, 0x0000000705900000, 0x0000000705a00000|  0%| F|  |TAMS 0x0000000705900000, 0x0000000705900000| Untracked 
|  78|0x0000000705a00000, 0x0000000705a00000, 0x0000000705b00000|  0%| F|  |TAMS 0x0000000705a00000, 0x0000000705a00000| Untracked 
|  79|0x0000000705b00000, 0x0000000705b00000, 0x0000000705c00000|  0%| F|  |TAMS 0x0000000705b00000, 0x0000000705b00000| Untracked 
|  80|0x0000000705c00000, 0x0000000705c00000, 0x0000000705d00000|  0%| F|  |TAMS 0x0000000705c00000, 0x0000000705c00000| Untracked 
|  81|0x0000000705d00000, 0x0000000705d00000, 0x0000000705e00000|  0%| F|  |TAMS 0x0000000705d00000, 0x0000000705d00000| Untracked 
|  82|0x0000000705e00000, 0x0000000705e00000, 0x0000000705f00000|  0%| F|  |TAMS 0x0000000705e00000, 0x0000000705e00000| Untracked 
|  83|0x0000000705f00000, 0x0000000705f00000, 0x0000000706000000|  0%| F|  |TAMS 0x0000000705f00000, 0x0000000705f00000| Untracked 
|  84|0x0000000706000000, 0x0000000706000000, 0x0000000706100000|  0%| F|  |TAMS 0x0000000706000000, 0x0000000706000000| Untracked 
|  85|0x0000000706100000, 0x0000000706100000, 0x0000000706200000|  0%| F|  |TAMS 0x0000000706100000, 0x0000000706100000| Untracked 
|  86|0x0000000706200000, 0x0000000706200000, 0x0000000706300000|  0%| F|  |TAMS 0x0000000706200000, 0x0000000706200000| Untracked 
|  87|0x0000000706300000, 0x0000000706300000, 0x0000000706400000|  0%| F|  |TAMS 0x0000000706300000, 0x0000000706300000| Untracked 
|  88|0x0000000706400000, 0x0000000706400000, 0x0000000706500000|  0%| F|  |TAMS 0x0000000706400000, 0x0000000706400000| Untracked 
|  89|0x0000000706500000, 0x0000000706500000, 0x0000000706600000|  0%| F|  |TAMS 0x0000000706500000, 0x0000000706500000| Untracked 
|  90|0x0000000706600000, 0x0000000706600000, 0x0000000706700000|  0%| F|  |TAMS 0x0000000706600000, 0x0000000706600000| Untracked 
|  91|0x0000000706700000, 0x0000000706700000, 0x0000000706800000|  0%| F|  |TAMS 0x0000000706700000, 0x0000000706700000| Untracked 
|  92|0x0000000706800000, 0x0000000706800000, 0x0000000706900000|  0%| F|  |TAMS 0x0000000706800000, 0x0000000706800000| Untracked 
|  93|0x0000000706900000, 0x0000000706900000, 0x0000000706a00000|  0%| F|  |TAMS 0x0000000706900000, 0x0000000706900000| Untracked 
|  94|0x0000000706a00000, 0x0000000706a00000, 0x0000000706b00000|  0%| F|  |TAMS 0x0000000706a00000, 0x0000000706a00000| Untracked 
|  95|0x0000000706b00000, 0x0000000706b00000, 0x0000000706c00000|  0%| F|  |TAMS 0x0000000706b00000, 0x0000000706b00000| Untracked 
|  96|0x0000000706c00000, 0x0000000706c00000, 0x0000000706d00000|  0%| F|  |TAMS 0x0000000706c00000, 0x0000000706c00000| Untracked 
|  97|0x0000000706d00000, 0x0000000706d00000, 0x0000000706e00000|  0%| F|  |TAMS 0x0000000706d00000, 0x0000000706d00000| Untracked 
|  98|0x0000000706e00000, 0x0000000706e00000, 0x0000000706f00000|  0%| F|  |TAMS 0x0000000706e00000, 0x0000000706e00000| Untracked 
|  99|0x0000000706f00000, 0x0000000706f00000, 0x0000000707000000|  0%| F|  |TAMS 0x0000000706f00000, 0x0000000706f00000| Untracked 
| 100|0x0000000707000000, 0x0000000707000000, 0x0000000707100000|  0%| F|  |TAMS 0x0000000707000000, 0x0000000707000000| Untracked 
| 101|0x0000000707100000, 0x0000000707100000, 0x0000000707200000|  0%| F|  |TAMS 0x0000000707100000, 0x0000000707100000| Untracked 
| 102|0x0000000707200000, 0x0000000707200000, 0x0000000707300000|  0%| F|  |TAMS 0x0000000707200000, 0x0000000707200000| Untracked 
| 103|0x0000000707300000, 0x0000000707300000, 0x0000000707400000|  0%| F|  |TAMS 0x0000000707300000, 0x0000000707300000| Untracked 
| 104|0x0000000707400000, 0x0000000707400000, 0x0000000707500000|  0%| F|  |TAMS 0x0000000707400000, 0x0000000707400000| Untracked 
| 105|0x0000000707500000, 0x0000000707500000, 0x0000000707600000|  0%| F|  |TAMS 0x0000000707500000, 0x0000000707500000| Untracked 
| 106|0x0000000707600000, 0x0000000707600000, 0x0000000707700000|  0%| F|  |TAMS 0x0000000707600000, 0x0000000707600000| Untracked 
| 107|0x0000000707700000, 0x0000000707700000, 0x0000000707800000|  0%| F|  |TAMS 0x0000000707700000, 0x0000000707700000| Untracked 
| 108|0x0000000707800000, 0x0000000707800000, 0x0000000707900000|  0%| F|  |TAMS 0x0000000707800000, 0x0000000707800000| Untracked 
| 109|0x0000000707900000, 0x0000000707900000, 0x0000000707a00000|  0%| F|  |TAMS 0x0000000707900000, 0x0000000707900000| Untracked 
| 110|0x0000000707a00000, 0x0000000707a00000, 0x0000000707b00000|  0%| F|  |TAMS 0x0000000707a00000, 0x0000000707a00000| Untracked 
| 111|0x0000000707b00000, 0x0000000707b00000, 0x0000000707c00000|  0%| F|  |TAMS 0x0000000707b00000, 0x0000000707b00000| Untracked 
| 112|0x0000000707c00000, 0x0000000707c00000, 0x0000000707d00000|  0%| F|  |TAMS 0x0000000707c00000, 0x0000000707c00000| Untracked 
| 113|0x0000000707d00000, 0x0000000707d00000, 0x0000000707e00000|  0%| F|  |TAMS 0x0000000707d00000, 0x0000000707d00000| Untracked 
| 114|0x0000000707e00000, 0x0000000707e00000, 0x0000000707f00000|  0%| F|  |TAMS 0x0000000707e00000, 0x0000000707e00000| Untracked 
| 115|0x0000000707f00000, 0x0000000707f00000, 0x0000000708000000|  0%| F|  |TAMS 0x0000000707f00000, 0x0000000707f00000| Untracked 
| 116|0x0000000708000000, 0x0000000708000000, 0x0000000708100000|  0%| F|  |TAMS 0x0000000708000000, 0x0000000708000000| Untracked 
| 117|0x0000000708100000, 0x0000000708100000, 0x0000000708200000|  0%| F|  |TAMS 0x0000000708100000, 0x0000000708100000| Untracked 
| 118|0x0000000708200000, 0x0000000708200000, 0x0000000708300000|  0%| F|  |TAMS 0x0000000708200000, 0x0000000708200000| Untracked 
| 119|0x0000000708300000, 0x0000000708300000, 0x0000000708400000|  0%| F|  |TAMS 0x0000000708300000, 0x0000000708300000| Untracked 
| 120|0x0000000708400000, 0x0000000708400000, 0x0000000708500000|  0%| F|  |TAMS 0x0000000708400000, 0x0000000708400000| Untracked 
| 121|0x0000000708500000, 0x0000000708500000, 0x0000000708600000|  0%| F|  |TAMS 0x0000000708500000, 0x0000000708500000| Untracked 
| 122|0x0000000708600000, 0x0000000708600000, 0x0000000708700000|  0%| F|  |TAMS 0x0000000708600000, 0x0000000708600000| Untracked 
| 123|0x0000000708700000, 0x0000000708700000, 0x0000000708800000|  0%| F|  |TAMS 0x0000000708700000, 0x0000000708700000| Untracked 
| 124|0x0000000708800000, 0x0000000708800000, 0x0000000708900000|  0%| F|  |TAMS 0x0000000708800000, 0x0000000708800000| Untracked 
| 125|0x0000000708900000, 0x0000000708900000, 0x0000000708a00000|  0%| F|  |TAMS 0x0000000708900000, 0x0000000708900000| Untracked 
| 126|0x0000000708a00000, 0x0000000708a00000, 0x0000000708b00000|  0%| F|  |TAMS 0x0000000708a00000, 0x0000000708a00000| Untracked 
| 127|0x0000000708b00000, 0x0000000708b00000, 0x0000000708c00000|  0%| F|  |TAMS 0x0000000708b00000, 0x0000000708b00000| Untracked 
| 128|0x0000000708c00000, 0x0000000708c00000, 0x0000000708d00000|  0%| F|  |TAMS 0x0000000708c00000, 0x0000000708c00000| Untracked 
| 129|0x0000000708d00000, 0x0000000708d00000, 0x0000000708e00000|  0%| F|  |TAMS 0x0000000708d00000, 0x0000000708d00000| Untracked 
| 130|0x0000000708e00000, 0x0000000708e00000, 0x0000000708f00000|  0%| F|  |TAMS 0x0000000708e00000, 0x0000000708e00000| Untracked 
| 131|0x0000000708f00000, 0x0000000708f00000, 0x0000000709000000|  0%| F|  |TAMS 0x0000000708f00000, 0x0000000708f00000| Untracked 
| 132|0x0000000709000000, 0x0000000709000000, 0x0000000709100000|  0%| F|  |TAMS 0x0000000709000000, 0x0000000709000000| Untracked 
| 133|0x0000000709100000, 0x0000000709100000, 0x0000000709200000|  0%| F|  |TAMS 0x0000000709100000, 0x0000000709100000| Untracked 
| 134|0x0000000709200000, 0x0000000709200000, 0x0000000709300000|  0%| F|  |TAMS 0x0000000709200000, 0x0000000709200000| Untracked 
| 135|0x0000000709300000, 0x0000000709300000, 0x0000000709400000|  0%| F|  |TAMS 0x0000000709300000, 0x0000000709300000| Untracked 
| 136|0x0000000709400000, 0x0000000709400000, 0x0000000709500000|  0%| F|  |TAMS 0x0000000709400000, 0x0000000709400000| Untracked 
| 137|0x0000000709500000, 0x0000000709500000, 0x0000000709600000|  0%| F|  |TAMS 0x0000000709500000, 0x0000000709500000| Untracked 
| 138|0x0000000709600000, 0x0000000709600000, 0x0000000709700000|  0%| F|  |TAMS 0x0000000709600000, 0x0000000709600000| Untracked 
| 139|0x0000000709700000, 0x0000000709700000, 0x0000000709800000|  0%| F|  |TAMS 0x0000000709700000, 0x0000000709700000| Untracked 
| 140|0x0000000709800000, 0x0000000709800000, 0x0000000709900000|  0%| F|  |TAMS 0x0000000709800000, 0x0000000709800000| Untracked 
| 141|0x0000000709900000, 0x0000000709900000, 0x0000000709a00000|  0%| F|  |TAMS 0x0000000709900000, 0x0000000709900000| Untracked 
| 142|0x0000000709a00000, 0x0000000709a00000, 0x0000000709b00000|  0%| F|  |TAMS 0x0000000709a00000, 0x0000000709a00000| Untracked 
| 143|0x0000000709b00000, 0x0000000709b00000, 0x0000000709c00000|  0%| F|  |TAMS 0x0000000709b00000, 0x0000000709b00000| Untracked 
| 144|0x0000000709c00000, 0x0000000709c00000, 0x0000000709d00000|  0%| F|  |TAMS 0x0000000709c00000, 0x0000000709c00000| Untracked 
| 145|0x0000000709d00000, 0x0000000709d00000, 0x0000000709e00000|  0%| F|  |TAMS 0x0000000709d00000, 0x0000000709d00000| Untracked 
| 146|0x0000000709e00000, 0x0000000709e00000, 0x0000000709f00000|  0%| F|  |TAMS 0x0000000709e00000, 0x0000000709e00000| Untracked 
| 147|0x0000000709f00000, 0x0000000709f00000, 0x000000070a000000|  0%| F|  |TAMS 0x0000000709f00000, 0x0000000709f00000| Untracked 
| 148|0x000000070a000000, 0x000000070a000000, 0x000000070a100000|  0%| F|  |TAMS 0x000000070a000000, 0x000000070a000000| Untracked 
| 149|0x000000070a100000, 0x000000070a100000, 0x000000070a200000|  0%| F|  |TAMS 0x000000070a100000, 0x000000070a100000| Untracked 
| 150|0x000000070a200000, 0x000000070a200000, 0x000000070a300000|  0%| F|  |TAMS 0x000000070a200000, 0x000000070a200000| Untracked 
| 151|0x000000070a300000, 0x000000070a300000, 0x000000070a400000|  0%| F|  |TAMS 0x000000070a300000, 0x000000070a300000| Untracked 
| 152|0x000000070a400000, 0x000000070a400000, 0x000000070a500000|  0%| F|  |TAMS 0x000000070a400000, 0x000000070a400000| Untracked 
| 153|0x000000070a500000, 0x000000070a500000, 0x000000070a600000|  0%| F|  |TAMS 0x000000070a500000, 0x000000070a500000| Untracked 
| 154|0x000000070a600000, 0x000000070a600000, 0x000000070a700000|  0%| F|  |TAMS 0x000000070a600000, 0x000000070a600000| Untracked 
| 155|0x000000070a700000, 0x000000070a700000, 0x000000070a800000|  0%| F|  |TAMS 0x000000070a700000, 0x000000070a700000| Untracked 
| 156|0x000000070a800000, 0x000000070a800000, 0x000000070a900000|  0%| F|  |TAMS 0x000000070a800000, 0x000000070a800000| Untracked 
| 157|0x000000070a900000, 0x000000070a900000, 0x000000070aa00000|  0%| F|  |TAMS 0x000000070a900000, 0x000000070a900000| Untracked 
| 158|0x000000070aa00000, 0x000000070aa00000, 0x000000070ab00000|  0%| F|  |TAMS 0x000000070aa00000, 0x000000070aa00000| Untracked 
| 159|0x000000070ab00000, 0x000000070ab00000, 0x000000070ac00000|  0%| F|  |TAMS 0x000000070ab00000, 0x000000070ab00000| Untracked 
| 160|0x000000070ac00000, 0x000000070ac00000, 0x000000070ad00000|  0%| F|  |TAMS 0x000000070ac00000, 0x000000070ac00000| Untracked 
| 161|0x000000070ad00000, 0x000000070ad00000, 0x000000070ae00000|  0%| F|  |TAMS 0x000000070ad00000, 0x000000070ad00000| Untracked 
| 162|0x000000070ae00000, 0x000000070ae00000, 0x000000070af00000|  0%| F|  |TAMS 0x000000070ae00000, 0x000000070ae00000| Untracked 
| 163|0x000000070af00000, 0x000000070af00000, 0x000000070b000000|  0%| F|  |TAMS 0x000000070af00000, 0x000000070af00000| Untracked 
| 164|0x000000070b000000, 0x000000070b000000, 0x000000070b100000|  0%| F|  |TAMS 0x000000070b000000, 0x000000070b000000| Untracked 
| 165|0x000000070b100000, 0x000000070b100000, 0x000000070b200000|  0%| F|  |TAMS 0x000000070b100000, 0x000000070b100000| Untracked 
| 166|0x000000070b200000, 0x000000070b200000, 0x000000070b300000|  0%| F|  |TAMS 0x000000070b200000, 0x000000070b200000| Untracked 
| 167|0x000000070b300000, 0x000000070b300000, 0x000000070b400000|  0%| F|  |TAMS 0x000000070b300000, 0x000000070b300000| Untracked 
| 168|0x000000070b400000, 0x000000070b400000, 0x000000070b500000|  0%| F|  |TAMS 0x000000070b400000, 0x000000070b400000| Untracked 
| 169|0x000000070b500000, 0x000000070b500000, 0x000000070b600000|  0%| F|  |TAMS 0x000000070b500000, 0x000000070b500000| Untracked 
| 170|0x000000070b600000, 0x000000070b600000, 0x000000070b700000|  0%| F|  |TAMS 0x000000070b600000, 0x000000070b600000| Untracked 
| 171|0x000000070b700000, 0x000000070b700000, 0x000000070b800000|  0%| F|  |TAMS 0x000000070b700000, 0x000000070b700000| Untracked 
| 172|0x000000070b800000, 0x000000070b800000, 0x000000070b900000|  0%| F|  |TAMS 0x000000070b800000, 0x000000070b800000| Untracked 
| 173|0x000000070b900000, 0x000000070b900000, 0x000000070ba00000|  0%| F|  |TAMS 0x000000070b900000, 0x000000070b900000| Untracked 
| 174|0x000000070ba00000, 0x000000070ba00000, 0x000000070bb00000|  0%| F|  |TAMS 0x000000070ba00000, 0x000000070ba00000| Untracked 
| 175|0x000000070bb00000, 0x000000070bb00000, 0x000000070bc00000|  0%| F|  |TAMS 0x000000070bb00000, 0x000000070bb00000| Untracked 
| 176|0x000000070bc00000, 0x000000070bc00000, 0x000000070bd00000|  0%| F|  |TAMS 0x000000070bc00000, 0x000000070bc00000| Untracked 
| 177|0x000000070bd00000, 0x000000070bd00000, 0x000000070be00000|  0%| F|  |TAMS 0x000000070bd00000, 0x000000070bd00000| Untracked 
| 178|0x000000070be00000, 0x000000070be00000, 0x000000070bf00000|  0%| F|  |TAMS 0x000000070be00000, 0x000000070be00000| Untracked 
| 179|0x000000070bf00000, 0x000000070bf00000, 0x000000070c000000|  0%| F|  |TAMS 0x000000070bf00000, 0x000000070bf00000| Untracked 
| 180|0x000000070c000000, 0x000000070c000000, 0x000000070c100000|  0%| F|  |TAMS 0x000000070c000000, 0x000000070c000000| Untracked 
| 181|0x000000070c100000, 0x000000070c100000, 0x000000070c200000|  0%| F|  |TAMS 0x000000070c100000, 0x000000070c100000| Untracked 
| 182|0x000000070c200000, 0x000000070c200000, 0x000000070c300000|  0%| F|  |TAMS 0x000000070c200000, 0x000000070c200000| Untracked 
| 183|0x000000070c300000, 0x000000070c300000, 0x000000070c400000|  0%| F|  |TAMS 0x000000070c300000, 0x000000070c300000| Untracked 
| 184|0x000000070c400000, 0x000000070c400000, 0x000000070c500000|  0%| F|  |TAMS 0x000000070c400000, 0x000000070c400000| Untracked 
| 185|0x000000070c500000, 0x000000070c500000, 0x000000070c600000|  0%| F|  |TAMS 0x000000070c500000, 0x000000070c500000| Untracked 
| 186|0x000000070c600000, 0x000000070c600000, 0x000000070c700000|  0%| F|  |TAMS 0x000000070c600000, 0x000000070c600000| Untracked 
| 187|0x000000070c700000, 0x000000070c700000, 0x000000070c800000|  0%| F|  |TAMS 0x000000070c700000, 0x000000070c700000| Untracked 
| 188|0x000000070c800000, 0x000000070c800000, 0x000000070c900000|  0%| F|  |TAMS 0x000000070c800000, 0x000000070c800000| Untracked 
| 189|0x000000070c900000, 0x000000070c900000, 0x000000070ca00000|  0%| F|  |TAMS 0x000000070c900000, 0x000000070c900000| Untracked 
| 190|0x000000070ca00000, 0x000000070ca00000, 0x000000070cb00000|  0%| F|  |TAMS 0x000000070ca00000, 0x000000070ca00000| Untracked 
| 191|0x000000070cb00000, 0x000000070cb00000, 0x000000070cc00000|  0%| F|  |TAMS 0x000000070cb00000, 0x000000070cb00000| Untracked 
| 192|0x000000070cc00000, 0x000000070cc00000, 0x000000070cd00000|  0%| F|  |TAMS 0x000000070cc00000, 0x000000070cc00000| Untracked 
| 193|0x000000070cd00000, 0x000000070cd00000, 0x000000070ce00000|  0%| F|  |TAMS 0x000000070cd00000, 0x000000070cd00000| Untracked 
| 194|0x000000070ce00000, 0x000000070ce00000, 0x000000070cf00000|  0%| F|  |TAMS 0x000000070ce00000, 0x000000070ce00000| Untracked 
| 195|0x000000070cf00000, 0x000000070cf00000, 0x000000070d000000|  0%| F|  |TAMS 0x000000070cf00000, 0x000000070cf00000| Untracked 
| 196|0x000000070d000000, 0x000000070d000000, 0x000000070d100000|  0%| F|  |TAMS 0x000000070d000000, 0x000000070d000000| Untracked 
| 197|0x000000070d100000, 0x000000070d100000, 0x000000070d200000|  0%| F|  |TAMS 0x000000070d100000, 0x000000070d100000| Untracked 
| 198|0x000000070d200000, 0x000000070d200000, 0x000000070d300000|  0%| F|  |TAMS 0x000000070d200000, 0x000000070d200000| Untracked 
| 199|0x000000070d300000, 0x000000070d300000, 0x000000070d400000|  0%| F|  |TAMS 0x000000070d300000, 0x000000070d300000| Untracked 
| 200|0x000000070d400000, 0x000000070d400000, 0x000000070d500000|  0%| F|  |TAMS 0x000000070d400000, 0x000000070d400000| Untracked 
| 201|0x000000070d500000, 0x000000070d500000, 0x000000070d600000|  0%| F|  |TAMS 0x000000070d500000, 0x000000070d500000| Untracked 
| 202|0x000000070d600000, 0x000000070d600000, 0x000000070d700000|  0%| F|  |TAMS 0x000000070d600000, 0x000000070d600000| Untracked 
| 203|0x000000070d700000, 0x000000070d700000, 0x000000070d800000|  0%| F|  |TAMS 0x000000070d700000, 0x000000070d700000| Untracked 
| 204|0x000000070d800000, 0x000000070d800000, 0x000000070d900000|  0%| F|  |TAMS 0x000000070d800000, 0x000000070d800000| Untracked 
| 205|0x000000070d900000, 0x000000070d900000, 0x000000070da00000|  0%| F|  |TAMS 0x000000070d900000, 0x000000070d900000| Untracked 
| 206|0x000000070da00000, 0x000000070da00000, 0x000000070db00000|  0%| F|  |TAMS 0x000000070da00000, 0x000000070da00000| Untracked 
| 207|0x000000070db00000, 0x000000070db00000, 0x000000070dc00000|  0%| F|  |TAMS 0x000000070db00000, 0x000000070db00000| Untracked 
| 208|0x000000070dc00000, 0x000000070dc00000, 0x000000070dd00000|  0%| F|  |TAMS 0x000000070dc00000, 0x000000070dc00000| Untracked 
| 209|0x000000070dd00000, 0x000000070dd00000, 0x000000070de00000|  0%| F|  |TAMS 0x000000070dd00000, 0x000000070dd00000| Untracked 
| 210|0x000000070de00000, 0x000000070de00000, 0x000000070df00000|  0%| F|  |TAMS 0x000000070de00000, 0x000000070de00000| Untracked 
| 211|0x000000070df00000, 0x000000070df00000, 0x000000070e000000|  0%| F|  |TAMS 0x000000070df00000, 0x000000070df00000| Untracked 
| 212|0x000000070e000000, 0x000000070e000000, 0x000000070e100000|  0%| F|  |TAMS 0x000000070e000000, 0x000000070e000000| Untracked 
| 213|0x000000070e100000, 0x000000070e100000, 0x000000070e200000|  0%| F|  |TAMS 0x000000070e100000, 0x000000070e100000| Untracked 
| 214|0x000000070e200000, 0x000000070e200000, 0x000000070e300000|  0%| F|  |TAMS 0x000000070e200000, 0x000000070e200000| Untracked 
| 215|0x000000070e300000, 0x000000070e300000, 0x000000070e400000|  0%| F|  |TAMS 0x000000070e300000, 0x000000070e300000| Untracked 
| 216|0x000000070e400000, 0x000000070e400000, 0x000000070e500000|  0%| F|  |TAMS 0x000000070e400000, 0x000000070e400000| Untracked 
| 217|0x000000070e500000, 0x000000070e500000, 0x000000070e600000|  0%| F|  |TAMS 0x000000070e500000, 0x000000070e500000| Untracked 
| 218|0x000000070e600000, 0x000000070e600000, 0x000000070e700000|  0%| F|  |TAMS 0x000000070e600000, 0x000000070e600000| Untracked 
| 219|0x000000070e700000, 0x000000070e700000, 0x000000070e800000|  0%| F|  |TAMS 0x000000070e700000, 0x000000070e700000| Untracked 
| 220|0x000000070e800000, 0x000000070e800000, 0x000000070e900000|  0%| F|  |TAMS 0x000000070e800000, 0x000000070e800000| Untracked 
| 221|0x000000070e900000, 0x000000070e900000, 0x000000070ea00000|  0%| F|  |TAMS 0x000000070e900000, 0x000000070e900000| Untracked 
| 222|0x000000070ea00000, 0x000000070ea00000, 0x000000070eb00000|  0%| F|  |TAMS 0x000000070ea00000, 0x000000070ea00000| Untracked 
| 223|0x000000070eb00000, 0x000000070eb00000, 0x000000070ec00000|  0%| F|  |TAMS 0x000000070eb00000, 0x000000070eb00000| Untracked 
| 224|0x000000070ec00000, 0x000000070ec00000, 0x000000070ed00000|  0%| F|  |TAMS 0x000000070ec00000, 0x000000070ec00000| Untracked 
| 225|0x000000070ed00000, 0x000000070ed00000, 0x000000070ee00000|  0%| F|  |TAMS 0x000000070ed00000, 0x000000070ed00000| Untracked 
| 226|0x000000070ee00000, 0x000000070ee00000, 0x000000070ef00000|  0%| F|  |TAMS 0x000000070ee00000, 0x000000070ee00000| Untracked 
| 227|0x000000070ef00000, 0x000000070ef00000, 0x000000070f000000|  0%| F|  |TAMS 0x000000070ef00000, 0x000000070ef00000| Untracked 
| 228|0x000000070f000000, 0x000000070f000000, 0x000000070f100000|  0%| F|  |TAMS 0x000000070f000000, 0x000000070f000000| Untracked 
| 229|0x000000070f100000, 0x000000070f100000, 0x000000070f200000|  0%| F|  |TAMS 0x000000070f100000, 0x000000070f100000| Untracked 
| 230|0x000000070f200000, 0x000000070f200000, 0x000000070f300000|  0%| F|  |TAMS 0x000000070f200000, 0x000000070f200000| Untracked 
| 231|0x000000070f300000, 0x000000070f300000, 0x000000070f400000|  0%| F|  |TAMS 0x000000070f300000, 0x000000070f300000| Untracked 
| 232|0x000000070f400000, 0x000000070f400000, 0x000000070f500000|  0%| F|  |TAMS 0x000000070f400000, 0x000000070f400000| Untracked 
| 233|0x000000070f500000, 0x000000070f500000, 0x000000070f600000|  0%| F|  |TAMS 0x000000070f500000, 0x000000070f500000| Untracked 
| 234|0x000000070f600000, 0x000000070f600000, 0x000000070f700000|  0%| F|  |TAMS 0x000000070f600000, 0x000000070f600000| Untracked 
| 235|0x000000070f700000, 0x000000070f700000, 0x000000070f800000|  0%| F|  |TAMS 0x000000070f700000, 0x000000070f700000| Untracked 
| 236|0x000000070f800000, 0x000000070f800000, 0x000000070f900000|  0%| F|  |TAMS 0x000000070f800000, 0x000000070f800000| Untracked 
| 237|0x000000070f900000, 0x000000070f900000, 0x000000070fa00000|  0%| F|  |TAMS 0x000000070f900000, 0x000000070f900000| Untracked 
| 238|0x000000070fa00000, 0x000000070fa00000, 0x000000070fb00000|  0%| F|  |TAMS 0x000000070fa00000, 0x000000070fa00000| Untracked 
| 239|0x000000070fb00000, 0x000000070fb00000, 0x000000070fc00000|  0%| F|  |TAMS 0x000000070fb00000, 0x000000070fb00000| Untracked 
| 240|0x000000070fc00000, 0x000000070fc00000, 0x000000070fd00000|  0%| F|  |TAMS 0x000000070fc00000, 0x000000070fc00000| Untracked 
| 241|0x000000070fd00000, 0x000000070fe00000, 0x000000070fe00000|100%| S|CS|TAMS 0x000000070fd00000, 0x000000070fd00000| Complete 
| 242|0x000000070fe00000, 0x000000070ff00000, 0x000000070ff00000|100%| S|CS|TAMS 0x000000070fe00000, 0x000000070fe00000| Complete 
| 243|0x000000070ff00000, 0x000000070ff00000, 0x0000000710000000|  0%| F|  |TAMS 0x000000070ff00000, 0x000000070ff00000| Untracked 
| 244|0x0000000710000000, 0x0000000710000000, 0x0000000710100000|  0%| F|  |TAMS 0x0000000710000000, 0x0000000710000000| Untracked 
| 245|0x0000000710100000, 0x0000000710100000, 0x0000000710200000|  0%| F|  |TAMS 0x0000000710100000, 0x0000000710100000| Untracked 
| 246|0x0000000710200000, 0x0000000710200000, 0x0000000710300000|  0%| F|  |TAMS 0x0000000710200000, 0x0000000710200000| Untracked 
| 247|0x0000000710300000, 0x0000000710300000, 0x0000000710400000|  0%| F|  |TAMS 0x0000000710300000, 0x0000000710300000| Untracked 
| 248|0x0000000710400000, 0x0000000710400000, 0x0000000710500000|  0%| F|  |TAMS 0x0000000710400000, 0x0000000710400000| Untracked 
| 249|0x0000000710500000, 0x0000000710500000, 0x0000000710600000|  0%| F|  |TAMS 0x0000000710500000, 0x0000000710500000| Untracked 
| 250|0x0000000710600000, 0x0000000710600000, 0x0000000710700000|  0%| F|  |TAMS 0x0000000710600000, 0x0000000710600000| Untracked 
| 251|0x0000000710700000, 0x0000000710700000, 0x0000000710800000|  0%| F|  |TAMS 0x0000000710700000, 0x0000000710700000| Untracked 
| 252|0x0000000710800000, 0x0000000710800000, 0x0000000710900000|  0%| F|  |TAMS 0x0000000710800000, 0x0000000710800000| Untracked 
| 253|0x0000000710900000, 0x0000000710900000, 0x0000000710a00000|  0%| F|  |TAMS 0x0000000710900000, 0x0000000710900000| Untracked 
| 254|0x0000000710a00000, 0x0000000710a00800, 0x0000000710b00000|  0%| E|  |TAMS 0x0000000710a00000, 0x0000000710a00000| Complete 
| 255|0x0000000710b00000, 0x0000000710c00000, 0x0000000710c00000|100%| E|CS|TAMS 0x0000000710b00000, 0x0000000710b00000| Complete 

Card table byte_map: [0x0000024131520000,0x0000024131d20000] _byte_map_base: 0x000002412dd1a000

Marking Bits (Prev, Next): (CMBitMap*) 0x00000241195a57c8, (CMBitMap*) 0x00000241195a5808
 Prev Bits: [0x0000024132520000, 0x00000241364f0000)
 Next Bits: [0x00000241364f0000, 0x000002413a4c0000)

Polling page: 0x0000024117330000

Metaspace:

Usage:
  Non-class:      6.88 MB capacity,     6.66 MB ( 97%) used,   194.47 KB (  3%) free+waste,    20.75 KB ( <1%) overhead. 
      Class:    925.00 KB capacity,   785.17 KB ( 85%) used,   125.95 KB ( 14%) free+waste,    13.88 KB (  2%) overhead. 
       Both:      7.78 MB capacity,     7.43 MB ( 96%) used,   320.42 KB (  4%) free+waste,    34.63 KB ( <1%) overhead. 

Virtual space:
  Non-class space:        8.00 MB reserved,       7.00 MB ( 88%) committed 
      Class space:        1.00 GB reserved,       1.00 MB ( <1%) committed 
             Both:        1.01 GB reserved,       8.00 MB ( <1%) committed 

Chunk freelists:
   Non-Class:  0 bytes
       Class:  3.00 KB
        Both:  3.00 KB

MaxMetaspaceSize: 17179869184.00 GB
CompressedClassSpaceSize: 1.00 GB

CodeHeap 'non-profiled nmethods': size=120000Kb used=316Kb max_used=316Kb free=119684Kb
 bounds [0x00000241297f0000, 0x0000024129a60000, 0x0000024130d20000]
CodeHeap 'profiled nmethods': size=120000Kb used=1843Kb max_used=1843Kb free=118156Kb
 bounds [0x00000241222c0000, 0x0000024122530000, 0x00000241297f0000]
CodeHeap 'non-nmethods': size=5760Kb used=1324Kb max_used=1339Kb free=4435Kb
 bounds [0x0000024121d20000, 0x0000024121f90000, 0x00000241222c0000]
 total_blobs=1945 nmethods=898 adapters=538
 compilation: enabled
              stopped_count=0, restarted_count=0
 full_count=0

Compilation events (20 events):
Event: 1.324 Thread 0x000002413d282000  885       3       java.lang.invoke.InvokerBytecodeGenerator::emitStoreResult (27 bytes)
Event: 1.324 Thread 0x000002413d282000 nmethod 885 0x0000024122486990 code [0x0000024122486b60, 0x0000024122486ed8]
Event: 1.324 Thread 0x000002413d282000  887       3       java.lang.invoke.InvokerBytecodeGenerator::emitPushArguments (45 bytes)
Event: 1.325 Thread 0x000002413d282000 nmethod 887 0x0000024122487090 code [0x0000024122487280, 0x0000024122487738]
Event: 1.325 Thread 0x000002413d282000  888       3       jdk.internal.org.objectweb.asm.MethodWriter::visitMaxs (60 bytes)
Event: 1.325 Thread 0x000002413d282000 nmethod 888 0x0000024122487a10 code [0x0000024122487be0, 0x0000024122487e78]
Event: 1.325 Thread 0x000002413d282000  889       3       jdk.internal.org.objectweb.asm.MethodWriter::visitEnd (1 bytes)
Event: 1.325 Thread 0x000002413d282000 nmethod 889 0x0000024122487f10 code [0x00000241224880a0, 0x00000241224881b8]
Event: 1.325 Thread 0x000002413d282000  890       3       jdk.internal.org.objectweb.asm.MethodWriter::computeMethodInfoSize (704 bytes)
Event: 1.325 Thread 0x000002413d27f000  893       4       jdk.internal.org.objectweb.asm.Symbol::<init> (38 bytes)
Event: 1.326 Thread 0x000002413d282000 nmethod 890 0x0000024122488290 code [0x0000024122488620, 0x0000024122489a18]
Event: 1.326 Thread 0x000002413d282000  891       3       java.lang.invoke.LambdaForm$Name::internArguments (59 bytes)
Event: 1.326 Thread 0x000002413d282000 nmethod 891 0x000002412248a210 code [0x000002412248a400, 0x000002412248ab48]
Event: 1.326 Thread 0x000002413d282000  886       3       java.lang.invoke.LambdaForm$NamedFunction::member (26 bytes)
Event: 1.326 Thread 0x000002413d282000 nmethod 886 0x000002412248ad10 code [0x000002412248aea0, 0x000002412248afd8]
Event: 1.326 Thread 0x000002413d282000  895       3       java.lang.invoke.LambdaForm$BasicType::basicType (172 bytes)
Event: 1.327 Thread 0x000002413d282000 nmethod 895 0x000002412248b090 code [0x000002412248b320, 0x000002412248bfa8]
Event: 1.327 Thread 0x000002413d282000  892       3       java.lang.invoke.LambdaFormBuffer::ownedCount (7 bytes)
Event: 1.327 Thread 0x000002413d282000 nmethod 892 0x000002412248c310 code [0x000002412248c4a0, 0x000002412248c5b8]
Event: 1.327 Thread 0x000002413d282000  898       3       jdk.internal.org.objectweb.asm.MethodWriter::visitTypeInsn (116 bytes)

GC Heap History (2 events):
Event: 1.299 GC heap before
{Heap before GC invocations=0 (full 0):
 garbage-first heap   total 262144K, used 15360K [0x0000000700c00000, 0x0000000800000000)
  region size 1024K, 13 young (13312K), 0 survivors (0K)
 Metaspace       used 7095K, capacity 7432K, committed 7552K, reserved 1056768K
  class space    used 728K, capacity 853K, committed 896K, reserved 1048576K
}
Event: 1.303 GC heap after
{Heap after GC invocations=1 (full 0):
 garbage-first heap   total 262144K, used 4484K [0x0000000700c00000, 0x0000000800000000)
  region size 1024K, 2 young (2048K), 2 survivors (2048K)
 Metaspace       used 7095K, capacity 7432K, committed 7552K, reserved 1056768K
  class space    used 728K, capacity 853K, committed 896K, reserved 1048576K
}

Deoptimization events (20 events):
Event: 0.726 Thread 0x000002411958a800 Uncommon trap: trap_request=0xffffff45 fr.pc=0x000002412980d6e8 relative=0x0000000000000948
Event: 0.726 Thread 0x000002411958a800 Uncommon trap: reason=unstable_if action=reinterpret pc=0x000002412980d6e8 method=org.jetbrains.coverage.org.objectweb.asm.ClassReader.readUTF8(I[C)Ljava/lang/String; @ 11 c2
Event: 0.726 Thread 0x000002411958a800 DEOPT PACKING pc=0x000002412980d6e8 sp=0x0000005357cfcb80
Event: 0.726 Thread 0x000002411958a800 DEOPT UNPACKING pc=0x0000024121d6912f sp=0x0000005357cfcb68 mode 2
Event: 0.726 Thread 0x000002411958a800 Uncommon trap: trap_request=0xffffff45 fr.pc=0x000002412981c588 relative=0x0000000000005d88
Event: 0.726 Thread 0x000002411958a800 Uncommon trap: reason=unstable_if action=reinterpret pc=0x000002412981c588 method=org.jetbrains.coverage.org.objectweb.asm.Frame.execute(IILorg/jetbrains/coverage/org/objectweb/asm/Symbol;Lorg/jetbrains/coverage/org/objectweb/asm/SymbolTable;)V @ 1 c2
Event: 0.726 Thread 0x000002411958a800 DEOPT PACKING pc=0x000002412981c588 sp=0x0000005357cfc500
Event: 0.726 Thread 0x000002411958a800 DEOPT UNPACKING pc=0x0000024121d6912f sp=0x0000005357cfc4a8 mode 2
Event: 1.041 Thread 0x000002411958a800 Uncommon trap: trap_request=0xffffff45 fr.pc=0x0000024129809f80 relative=0x00000000000002c0
Event: 1.041 Thread 0x000002411958a800 Uncommon trap: reason=unstable_if action=reinterpret pc=0x0000024129809f80 method=java.lang.StringUTF16.compress([CI[BII)I @ 20 c2
Event: 1.041 Thread 0x000002411958a800 DEOPT PACKING pc=0x0000024129809f80 sp=0x0000005357cfc350
Event: 1.041 Thread 0x000002411958a800 DEOPT UNPACKING pc=0x0000024121d6912f sp=0x0000005357cfc2d0 mode 2
Event: 1.273 Thread 0x000002411958a800 Uncommon trap: trap_request=0xffffff45 fr.pc=0x0000024129805704 relative=0x00000000000000e4
Event: 1.273 Thread 0x000002411958a800 Uncommon trap: reason=unstable_if action=reinterpret pc=0x0000024129805704 method=java.util.HashMap.hash(Ljava/lang/Object;)I @ 1 c2
Event: 1.273 Thread 0x000002411958a800 DEOPT PACKING pc=0x0000024129805704 sp=0x0000005357cfec10
Event: 1.273 Thread 0x000002411958a800 DEOPT UNPACKING pc=0x0000024121d6912f sp=0x0000005357cfeb50 mode 2
Event: 1.280 Thread 0x000002413e508800 Uncommon trap: trap_request=0xffffff45 fr.pc=0x00000241297fd57c relative=0x000000000000091c
Event: 1.280 Thread 0x000002413e508800 Uncommon trap: reason=unstable_if action=reinterpret pc=0x00000241297fd57c method=java.util.HashMap.putVal(ILjava/lang/Object;Ljava/lang/Object;ZZ)Ljava/lang/Object; @ 181 c2
Event: 1.280 Thread 0x000002413e508800 DEOPT PACKING pc=0x00000241297fd57c sp=0x0000005359dfdcc0
Event: 1.280 Thread 0x000002413e508800 DEOPT UNPACKING pc=0x0000024121d6912f sp=0x0000005359dfdc50 mode 2

Classes unloaded (0 events):
No events

Classes redefined (0 events):
No events

Internal exceptions (15 events):
Event: 1.022 Thread 0x000002411958a800 Exception <a 'java/lang/ClassNotFoundException'{0x00000007104cd5c8}: sun/awt/resources/spi/awtProvider> (0x00000007104cd5c8) 
thrown [./open/src/hotspot/share/classfile/systemDictionary.cpp, line 226]
Event: 1.041 Thread 0x000002411958a800 Exception <a 'java/io/FileNotFoundException'{0x000000071034ab00}> (0x000000071034ab00) 
thrown [./open/src/hotspot/share/prims/jni.cpp, line 599]
Event: 1.048 Thread 0x000002411958a800 Exception <a 'java/io/FileNotFoundException'{0x0000000710373348}> (0x0000000710373348) 
thrown [./open/src/hotspot/share/prims/jni.cpp, line 599]
Event: 1.114 Thread 0x000002413e508800 Exception <a 'java/lang/NoSuchMethodError'{0x00000007102e40e8}: 'void java.lang.invoke.DirectMethodHandle$Holder.invokeSpecial(java.lang.Object, java.lang.Object)'> (0x00000007102e40e8) 
thrown [./open/src/hotspot/share/interpreter/linkResolver.cpp, line 766]
Event: 1.250 Thread 0x000002411958a800 Exception <a 'java/lang/NoSuchMethodError'{0x00000007100110d0}: 'java.lang.Object java.lang.invoke.DirectMethodHandle$Holder.invokeStatic(java.lang.Object, int, java.lang.Object, java.lang.Object, java.lang.Object, java.lang.Object)'> (0x00000007100110d0) 
thrown [./open/src/hotspot/share/interpreter/linkResolver.cpp, line 766]
Event: 1.250 Thread 0x000002411958a800 Exception <a 'java/lang/NoSuchMethodError'{0x00000007100179f0}: 'java.lang.Object java.lang.invoke.DirectMethodHandle$Holder.invokeStatic(java.lang.Object, int, java.lang.Object, java.lang.Object, java.lang.Object)'> (0x00000007100179f0) 
thrown [./open/src/hotspot/share/interpreter/linkResolver.cpp, line 766]
Event: 1.250 Thread 0x000002411958a800 Exception <a 'java/lang/NoSuchMethodError'{0x000000071001b240}: 'java.lang.Object java.lang.invoke.DirectMethodHandle$Holder.invokeSpecial(java.lang.Object, java.lang.Object, int, java.lang.Object, java.lang.Object, java.lang.Object)'> (0x000000071001b240) 
thrown [./open/src/hotspot/share/interpreter/linkResolver.cpp, line 766]
Event: 1.253 Thread 0x000002411958a800 Exception <a 'java/lang/NoSuchMethodError'{0x0000000710031d30}: 'java.lang.Object java.lang.invoke.DirectMethodHandle$Holder.invokeStatic(java.lang.Object, int, java.lang.Object)'> (0x0000000710031d30) 
thrown [./open/src/hotspot/share/interpreter/linkResolver.cpp, line 766]
Event: 1.268 Thread 0x000002411958a800 Exception <a 'java/lang/ClassNotFoundException'{0x00000007100e91a8}: com/sun/swing/internal/plaf/metal/resources/spi/metalProvider> (0x00000007100e91a8) 
thrown [./open/src/hotspot/share/classfile/systemDictionary.cpp, line 226]
Event: 1.269 Thread 0x000002411958a800 Exception <a 'java/lang/ClassNotFoundException'{0x00000007100f13c0}: com/sun/swing/internal/plaf/basic/resources/spi/basicProvider> (0x00000007100f13c0) 
thrown [./open/src/hotspot/share/classfile/systemDictionary.cpp, line 226]
Event: 1.273 Thread 0x000002411958a800 Implicit null exception at 0x0000024129805668 to 0x00000241298056fa
Event: 1.298 Thread 0x000002411958a800 Exception <a 'java/lang/NoSuchMethodError'{0x000000070ffc2f88}: 'void java.lang.invoke.DirectMethodHandle$Holder.invokeStaticInit(java.lang.Object)'> (0x000000070ffc2f88) 
thrown [./open/src/hotspot/share/interpreter/linkResolver.cpp, line 766]
Event: 1.310 Thread 0x000002411958a800 Exception <a 'java/io/FileNotFoundException'{0x0000000710b37dc0}> (0x0000000710b37dc0) 
thrown [./open/src/hotspot/share/prims/jni.cpp, line 599]
Event: 1.310 Thread 0x000002411958a800 Exception <a 'java/lang/NullPointerException'{0x0000000710b386b0}> (0x0000000710b386b0) 
thrown [./open/src/hotspot/share/interpreter/linkResolver.cpp, line 1348]
Event: 1.327 Thread 0x000002411958a800 Exception <a 'java/lang/NoSuchMethodError'{0x0000000710bebfa0}: 'java.lang.Object java.lang.invoke.Invokers$Holder.linkToTargetMethod(java.lang.Object, int, java.lang.Object)'> (0x0000000710bebfa0) 
thrown [./open/src/hotspot/share/interpreter/linkResolver.cpp, line 766]

Events (20 events):
Event: 1.321 loading class sun/awt/FontConfiguration$2
Event: 1.321 loading class sun/awt/FontConfiguration$2 done
Event: 1.321 loading class default
Event: 1.321 loading class default done
Event: 1.322 loading class sun/awt/windows/WDefaultFontCharset
Event: 1.322 loading class sun/awt/AWTCharset
Event: 1.322 loading class sun/awt/AWTCharset done
Event: 1.322 loading class sun/awt/windows/WDefaultFontCharset done
Event: 1.322 loading class sun/awt/windows/WDefaultFontCharset$Encoder
Event: 1.322 loading class sun/awt/AWTCharset$Encoder
Event: 1.322 loading class sun/awt/AWTCharset$Encoder done
Event: 1.322 loading class sun/awt/windows/WDefaultFontCharset$Encoder done
Event: 1.323 loading class sun/awt/windows/WingDings
Event: 1.323 loading class sun/awt/windows/WingDings done
Event: 1.323 loading class sun/awt/windows/WingDings$Encoder
Event: 1.323 loading class sun/awt/windows/WingDings$Encoder done
Event: 1.324 loading class sun/awt/Symbol
Event: 1.324 loading class sun/awt/Symbol done
Event: 1.324 loading class sun/awt/Symbol$Encoder
Event: 1.324 loading class sun/awt/Symbol$Encoder done


Dynamic libraries:
0x00007ff665de0000 - 0x00007ff665def000 	C:\Program Files\Java\jdk-14.0.1\bin\java.exe
0x00007ffb0a600000 - 0x00007ffb0a7f0000 	C:\WINDOWS\SYSTEM32\ntdll.dll
0x00007ffb0a2b0000 - 0x00007ffb0a362000 	C:\WINDOWS\System32\KERNEL32.DLL
0x00007ffb08030000 - 0x00007ffb082d4000 	C:\WINDOWS\System32\KERNELBASE.dll
0x00007ffb05650000 - 0x00007ffb056df000 	C:\WINDOWS\SYSTEM32\apphelp.dll
0x00007ffb08340000 - 0x00007ffb0843a000 	C:\WINDOWS\System32\ucrtbase.dll
0x00007ffae17d0000 - 0x00007ffae17e8000 	C:\Program Files\Java\jdk-14.0.1\bin\jli.dll
0x00007ffb09680000 - 0x00007ffb09723000 	C:\WINDOWS\System32\ADVAPI32.dll
0x00007ffb0a170000 - 0x00007ffb0a20e000 	C:\WINDOWS\System32\msvcrt.dll
0x00007ffb09460000 - 0x00007ffb094f7000 	C:\WINDOWS\System32\sechost.dll
0x00007ffb09500000 - 0x00007ffb09620000 	C:\WINDOWS\System32\RPCRT4.dll
0x00007ffb09260000 - 0x00007ffb093f4000 	C:\WINDOWS\System32\USER32.dll
0x00007ffb07590000 - 0x00007ffb075b1000 	C:\WINDOWS\System32\win32u.dll
0x00007ffb09400000 - 0x00007ffb09426000 	C:\WINDOWS\System32\GDI32.dll
0x00007ffb07e90000 - 0x00007ffb08024000 	C:\WINDOWS\System32\gdi32full.dll
0x00007ffb08470000 - 0x00007ffb0850e000 	C:\WINDOWS\System32\msvcp_win.dll
0x00007ffae17b0000 - 0x00007ffae17c5000 	C:\Program Files\Java\jdk-14.0.1\bin\VCRUNTIME140.dll
0x00007ffaf53d0000 - 0x00007ffaf5654000 	C:\WINDOWS\WinSxS\amd64_microsoft.windows.common-controls_6595b64144ccf1df_6.0.18362.836_none_e6c4b943130f18ed\COMCTL32.dll
0x00007ffb08760000 - 0x00007ffb08a96000 	C:\WINDOWS\System32\combase.dll
0x00007ffb08630000 - 0x00007ffb086b0000 	C:\WINDOWS\System32\bcryptPrimitives.dll
0x00007ffb01280000 - 0x00007ffb0128a000 	C:\WINDOWS\SYSTEM32\VERSION.dll
0x00007ffb09430000 - 0x00007ffb0945e000 	C:\WINDOWS\System32\IMM32.DLL
0x00007ffacbfe0000 - 0x00007ffacc07b000 	C:\Program Files\Java\jdk-14.0.1\bin\msvcp140.dll
0x00007ffa91e90000 - 0x00007ffa929ae000 	C:\Program Files\Java\jdk-14.0.1\bin\server\jvm.dll
0x00007ffb0a210000 - 0x00007ffb0a218000 	C:\WINDOWS\System32\PSAPI.DLL
0x00007ffb02db0000 - 0x00007ffb02db9000 	C:\WINDOWS\SYSTEM32\WSOCK32.dll
0x00007ffb0a100000 - 0x00007ffb0a16f000 	C:\WINDOWS\System32\WS2_32.dll
0x00007ffb04fd0000 - 0x00007ffb04ff4000 	C:\WINDOWS\SYSTEM32\WINMM.dll
0x00007ffb04fa0000 - 0x00007ffb04fcd000 	C:\WINDOWS\SYSTEM32\WINMMBASE.dll
0x00007ffb08510000 - 0x00007ffb0855a000 	C:\WINDOWS\System32\cfgmgr32.dll
0x00007ffb074d0000 - 0x00007ffb074e1000 	C:\WINDOWS\System32\kernel.appcore.dll
0x00007ffaeb500000 - 0x00007ffaeb50a000 	C:\Program Files\Java\jdk-14.0.1\bin\jimage.dll
0x00007ffafee90000 - 0x00007ffaff084000 	C:\WINDOWS\SYSTEM32\DBGHELP.DLL
0x00007ffaff120000 - 0x00007ffaff14a000 	C:\WINDOWS\SYSTEM32\dbgcore.DLL
0x00007ffaeb2c0000 - 0x00007ffaeb2ce000 	C:\Program Files\Java\jdk-14.0.1\bin\instrument.dll
0x00007ffad54d0000 - 0x00007ffad54f5000 	C:\Program Files\Java\jdk-14.0.1\bin\java.dll
0x00007ffad6bd0000 - 0x00007ffad6be6000 	C:\Program Files\Java\jdk-14.0.1\bin\zip.dll
0x00007ffb08aa0000 - 0x00007ffb09184000 	C:\WINDOWS\System32\SHELL32.dll
0x00007ffb086b0000 - 0x00007ffb08759000 	C:\WINDOWS\System32\shcore.dll
0x00007ffb07710000 - 0x00007ffb07e8e000 	C:\WINDOWS\System32\windows.storage.dll
0x00007ffb07510000 - 0x00007ffb07533000 	C:\WINDOWS\System32\profapi.dll
0x00007ffb07540000 - 0x00007ffb0758a000 	C:\WINDOWS\System32\powrprof.dll
0x00007ffb074c0000 - 0x00007ffb074d0000 	C:\WINDOWS\System32\UMPDC.dll
0x00007ffb09620000 - 0x00007ffb09672000 	C:\WINDOWS\System32\shlwapi.dll
0x00007ffb08560000 - 0x00007ffb08577000 	C:\WINDOWS\System32\cryptsp.dll
0x00007ffad54b0000 - 0x00007ffad54c9000 	C:\Program Files\Java\jdk-14.0.1\bin\net.dll
0x00007ffaff240000 - 0x00007ffaff330000 	C:\WINDOWS\SYSTEM32\WINHTTP.dll
0x00007ffb06d30000 - 0x00007ffb06d97000 	C:\WINDOWS\system32\mswsock.dll
0x00007ffad4c20000 - 0x00007ffad4c32000 	C:\Program Files\Java\jdk-14.0.1\bin\nio.dll
0x00007ffaeae60000 - 0x00007ffaeae70000 	C:\Program Files\Java\jdk-14.0.1\bin\verify.dll
0x00007ffad2460000 - 0x00007ffad247a000 	C:\Program Files\JetBrains\IntelliJ IDEA Community Edition 2020.1.1\bin\breakgen64.dll
0x00007ffa873d0000 - 0x00007ffa8a3d1000 	C:\Users\tyani\Downloads\opencv\build\java\x64\opencv_java430.dll
0x00007ffb09ab0000 - 0x00007ffb09c07000 	C:\WINDOWS\System32\ole32.dll
0x00007ffb09190000 - 0x00007ffb09254000 	C:\WINDOWS\System32\OLEAUT32.dll
0x00007ffb021e0000 - 0x00007ffb023da000 	C:\WINDOWS\SYSTEM32\MFPlat.DLL
0x00007ffafde00000 - 0x00007ffafde82000 	C:\WINDOWS\SYSTEM32\MF.dll
0x00007ffadd030000 - 0x00007ffadd169000 	C:\WINDOWS\SYSTEM32\MFReadWrite.dll
0x00007ffaf2e60000 - 0x00007ffaf324c000 	C:\WINDOWS\SYSTEM32\MFCORE.DLL
0x00007ffb075c0000 - 0x00007ffb07709000 	C:\WINDOWS\System32\CRYPT32.dll
0x00007ffb074f0000 - 0x00007ffb07502000 	C:\WINDOWS\System32\MSASN1.dll
0x00007ffb08440000 - 0x00007ffb08466000 	C:\WINDOWS\System32\bcrypt.dll
0x00007ffb03500000 - 0x00007ffb03509000 	C:\WINDOWS\SYSTEM32\ksuser.dll
0x00007ffb06f00000 - 0x00007ffb06f0c000 	C:\WINDOWS\SYSTEM32\CRYPTBASE.DLL
0x00007ffb01f40000 - 0x00007ffb01f6f000 	C:\WINDOWS\SYSTEM32\RTWorkQ.DLL
0x00007ffb05790000 - 0x00007ffb05829000 	C:\WINDOWS\system32\uxtheme.dll
0x00007ffb0a510000 - 0x00007ffb0a5b2000 	C:\WINDOWS\System32\clbcatq.dll
0x00007ffaeeae0000 - 0x00007ffaeeb35000 	C:\Windows\System32\FSClient.dll
0x00007ffaf2c10000 - 0x00007ffaf2c6c000 	C:\Windows\System32\MFSENSORGROUP.dll
0x00007ffb061c0000 - 0x00007ffb062ab000 	C:\Windows\System32\dxgi.dll
0x00007ffb04b60000 - 0x00007ffb04dbb000 	C:\Windows\System32\d3d11.dll
0x00007ffb06130000 - 0x00007ffb06150000 	C:\WINDOWS\SYSTEM32\dxcore.dll
0x00007ffb01f00000 - 0x00007ffb01f0a000 	C:\WINDOWS\SYSTEM32\AVRT.dll
0x00007ffb016b0000 - 0x00007ffb016e0000 	C:\WINDOWS\SYSTEM32\CompPkgSup.DLL
0x00007ffaf0d60000 - 0x00007ffaf14c9000 	C:\Windows\System32\Windows.Media.dll
0x00007ffb06520000 - 0x00007ffb06551000 	C:\WINDOWS\SYSTEM32\ntmarta.dll
0x00007ffb00390000 - 0x00007ffb00471000 	C:\Windows\System32\Windows.ApplicationModel.dll
0x00007ffb05900000 - 0x00007ffb05b61000 	C:\Windows\System32\twinapi.appcore.dll
0x00007ffb05c60000 - 0x00007ffb05c89000 	C:\Windows\System32\RMCLIENT.dll
0x00007ffb01290000 - 0x00007ffb01370000 	C:\Windows\System32\AppXDeploymentClient.dll
0x00007ffb06460000 - 0x00007ffb064ec000 	C:\Windows\System32\FirewallAPI.dll
0x00007ffb00610000 - 0x00007ffb006bf000 	C:\Windows\System32\StateRepository.Core.dll
0x00007ffb06a80000 - 0x00007ffb06b4b000 	C:\Windows\System32\DNSAPI.dll
0x00007ffb0a220000 - 0x00007ffb0a228000 	C:\WINDOWS\System32\NSI.dll
0x00007ffb06a40000 - 0x00007ffb06a7a000 	C:\WINDOWS\SYSTEM32\IPHLPAPI.DLL
0x00007ffb06400000 - 0x00007ffb0642e000 	C:\Windows\System32\fwbase.dll
0x00007ffb03450000 - 0x00007ffb0345d000 	C:\Windows\System32\vidcap.ax
0x00007ffaf6100000 - 0x00007ffaf6126000 	C:\Windows\System32\kswdmcap.ax
0x00007ffacccd0000 - 0x00007ffacce32000 	C:\Windows\System32\MFC42.dll
0x00007ffaefbf0000 - 0x00007ffaefd25000 	C:\Windows\System32\Windows.StateRepositoryPS.dll
0x00007ffb03740000 - 0x00007ffb03893000 	C:\Windows\System32\WinTypes.dll
0x00007ffad9c50000 - 0x00007ffad9dc2000 	C:\WINDOWS\System32\msvproc.dll
0x00007ffafdf20000 - 0x00007ffafdf38000 	C:\Windows\System32\devenum.dll
0x00007ffb09c90000 - 0x00007ffb0a100000 	C:\WINDOWS\System32\setupapi.dll
0x00007ffb072c0000 - 0x00007ffb072ea000 	C:\WINDOWS\SYSTEM32\DEVOBJ.dll
0x00007ffb082e0000 - 0x00007ffb0833c000 	C:\WINDOWS\System32\WINTRUST.dll
0x00007ffb03540000 - 0x00007ffb0354b000 	C:\WINDOWS\SYSTEM32\msdmo.dll
0x00007ffaa1750000 - 0x00007ffaa18e8000 	C:\Program Files\Java\jdk-14.0.1\bin\awt.dll
0x00007ffb0a3d0000 - 0x00007ffb0a506000 	C:\WINDOWS\System32\MSCTF.dll
0x00007ffb05d70000 - 0x00007ffb05d9d000 	C:\WINDOWS\system32\DWMAPI.DLL
0x00007ffacb600000 - 0x00007ffacb756000 	C:\WINDOWS\system32\opengl32.dll
0x00007ffadfc40000 - 0x00007ffadfc6c000 	C:\WINDOWS\SYSTEM32\GLU32.dll
0x00007ffadc910000 - 0x00007ffadcad7000 	C:\WINDOWS\system32\d3d9.dll
0x00007ffb02c50000 - 0x00007ffb02d3f000 	C:\WINDOWS\System32\DriverStore\FileRepository\nv_desktop_ref4i.inf_amd64_462657f76ab86475\nvldumdx.dll
0x00007ffb09730000 - 0x00007ffb0974d000 	C:\WINDOWS\System32\imagehlp.dll
0x00007ffb068a0000 - 0x00007ffb068d3000 	C:\WINDOWS\system32\rsaenh.dll
0x00007ffa96570000 - 0x00007ffa97a73000 	C:\WINDOWS\System32\DriverStore\FileRepository\nv_desktop_ref4i.inf_amd64_462657f76ab86475\nvd3dumx.dll
0x00007ffaa6350000 - 0x00007ffaa63d2000 	C:\Program Files\Java\jdk-14.0.1\bin\freetype.dll
0x00007ffa8c6e0000 - 0x00007ffa8c786000 	C:\Program Files\Java\jdk-14.0.1\bin\fontmanager.dll

dbghelp: loaded successfully - version: 4.0.5 - missing functions: none
symbol engine: initialized successfully - sym options: 0x614 - pdb path: .;C:\Program Files\Java\jdk-14.0.1\bin;C:\WINDOWS\SYSTEM32;C:\WINDOWS\WinSxS\amd64_microsoft.windows.common-controls_6595b64144ccf1df_6.0.18362.836_none_e6c4b943130f18ed;C:\Program Files\Java\jdk-14.0.1\bin\server;C:\Program Files\JetBrains\IntelliJ IDEA Community Edition 2020.1.1\bin;C:\Users\tyani\Downloads\opencv\build\java\x64;C:\WINDOWS\System32\DriverStore\FileRepository\nv_desktop_ref4i.inf_amd64_462657f76ab86475

VM Arguments:
jvm_args: -Djava.library.path=C:\Users\tyani\Downloads\opencv\build\java\x64 -javaagent:C:\Users\tyani\AppData\Local\JetBrains\IdeaIC2020.1\testAgent\intellij-coverage-agent-1.0.508.jar=C:\Users\tyani\AppData\Local\Temp\coverageargs -javaagent:C:\Program Files\JetBrains\IntelliJ IDEA Community Edition 2020.1.1\lib\idea_rt.jar=63817:C:\Program Files\JetBrains\IntelliJ IDEA Community Edition 2020.1.1\bin -Dfile.encoding=UTF-8 
java_command: com.company.Main
java_class_path (initial): C:\Users\tyani\IdeaProjects\TouchDetectionLibrary\out\production\TouchDetectionLibrary;C:\Users\tyani\Downloads\opencv\build\java\opencv-430.jar
Launcher Type: SUN_STANDARD

[Global flags]
     intx CICompilerCount                          = 3                                         {product} {ergonomic}
     uint ConcGCThreads                            = 1                                         {product} {ergonomic}
     uint G1ConcRefinementThreads                  = 4                                         {product} {ergonomic}
   size_t G1HeapRegionSize                         = 1048576                                   {product} {ergonomic}
    uintx GCDrainStackTargetSize                   = 64                                        {product} {ergonomic}
   size_t InitialHeapSize                          = 268435456                                 {product} {ergonomic}
   size_t MarkStackSize                            = 4194304                                   {product} {ergonomic}
   size_t MaxHeapSize                              = 4282384384                                {product} {ergonomic}
   size_t MaxNewSize                               = 2569011200                                {product} {ergonomic}
   size_t MinHeapDeltaBytes                        = 1048576                                   {product} {ergonomic}
   size_t MinHeapSize                              = 8388608                                   {product} {ergonomic}
    uintx NonNMethodCodeHeapSize                   = 5832780                                {pd product} {ergonomic}
    uintx NonProfiledCodeHeapSize                  = 122912730                              {pd product} {ergonomic}
    uintx ProfiledCodeHeapSize                     = 122912730                              {pd product} {ergonomic}
    uintx ReservedCodeCacheSize                    = 251658240                              {pd product} {ergonomic}
     bool SegmentedCodeCache                       = true                                      {product} {ergonomic}
   size_t SoftMaxHeapSize                          = 4282384384                             {manageable} {ergonomic}
     bool UseCompressedClassPointers               = true                                 {lp64_product} {ergonomic}
     bool UseCompressedOops                        = true                                 {lp64_product} {ergonomic}
     bool UseG1GC                                  = true                                      {product} {ergonomic}
     bool UseLargePagesIndividualAllocation        = false                                  {pd product} {ergonomic}

Logging:
Log output configuration:
 #0: stdout all=warning uptime,level,tags
 #1: stderr all=off uptime,level,tags

Environment Variables:
PATH=C:\Program Files (x86)\Common Files\Oracle\Java\javapath;C:\WINDOWS\system32;C:\WINDOWS;C:\WINDOWS\System32\Wbem;C:\WINDOWS\System32\WindowsPowerShell\v1.0\;C:\WINDOWS\System32\OpenSSH\;C:\Program Files\Git\cmd;C:\Program Files\dotnet\;C:\Users\tyani\AppData\Local\Microsoft\WindowsApps;C:\Users\tyani\LocalRepository\flutter\bin;
USERNAME=tyani
OS=Windows_NT
PROCESSOR_IDENTIFIER=Intel64 Family 6 Model 60 Stepping 3, GenuineIntel



---------------  S Y S T E M  ---------------

OS: Windows 10 , 64 bit Build 18362 (10.0.18362.778)
OS uptime: 6 days 7:54 hours

CPU:total 4 (initial active 4) (4 cores per cpu, 1 threads per core) family 6 model 60 stepping 3, cmov, cx8, fxsr, mmx, sse, sse2, sse3, ssse3, sse4.1, sse4.2, popcnt, avx, avx2, aes, clmul, erms, lzcnt, tsc, tscinvbit, bmi1, bmi2, fma

Memory: 4k page, system-wide physical 16335M (3615M free)
TotalPageFile size 28590M (AvailPageFile size 3505M)
current process WorkingSet (physical memory assigned to process): 112M, peak: 112M
current process commit charge ("private bytes"): 385M, peak: 385M

vm_info: Java HotSpot(TM) 64-Bit Server VM (14.0.1+7) for windows-amd64 JRE (14.0.1+7), built on Mar  5 2020 10:30:14 by "mach5one" with MS VC++ 15.9 (VS2017)

END.
