#
# A fatal error has been detected by the Java Runtime Environment:
#
#  EXCEPTION_ACCESS_VIOLATION (0xc0000005) at pc=0x00007ffad8f6f74a, pid=2636, tid=18108
#
# JRE version: Java(TM) SE Runtime Environment (14.0.1+7) (build 14.0.1+7)
# Java VM: Java HotSpot(TM) 64-Bit Server VM (14.0.1+7, mixed mode, sharing, tiered, compressed oops, g1 gc, windows-amd64)
# Problematic frame:
# C  [awt.dll+0x8f74a]
#
# No core dump will be written. Minidumps are not enabled by default on client versions of Windows
#
# If you would like to submit a bug report, please visit:
#   https://bugreport.java.com/bugreport/crash.jsp
# The crash happened outside the Java Virtual Machine in native code.
# See problematic frame for where to report the bug.
#

---------------  S U M M A R Y ------------

Command Line: --module-path=C:\Users\tyani\Downloads\javafx-sdk-11.0.2\lib --add-modules=javafx.fxml,javafx.controls --add-exports=javafx.graphics/com.sun.javafx.sg.prism=ALL-UNNAMED -Djava.library.path=C:\Users\tyani\Downloads\opencv\build\java\x64 -javaagent:C:\Program Files\JetBrains\IntelliJ IDEA Community Edition 2020.1.1\lib\idea_rt.jar=58190:C:\Program Files\JetBrains\IntelliJ IDEA Community Edition 2020.1.1\bin -Dfile.encoding=UTF-8 com.company.Main

Host: Intel(R) Core(TM) i5-4690K CPU @ 3.50GHz, 4 cores, 15G,  Windows 10 , 64 bit Build 18362 (10.0.18362.778)
Time: Thu Jun  4 15:40:03 2020 ???? (?W?€??) elapsed time: 0 seconds (0d 0h 0m 0s)

---------------  T H R E A D  ---------------

Current thread (0x000001c6ba0bb000):  JavaThread "main" [_thread_in_native, id=18108, stack(0x000000a6a0b00000,0x000000a6a0c00000)]

Stack: [0x000000a6a0b00000,0x000000a6a0c00000],  sp=0x000000a6a0bfebe0,  free space=1018k
Native frames: (J=compiled Java code, j=interpreted, Vv=VM code, C=native code)
C  [awt.dll+0x8f74a]

Java frames: (J=compiled Java code, j=interpreted, Vv=VM code)
j  sun.awt.windows.WComponentPeer._setFont(Ljava/awt/Font;)V+0 java.desktop@14.0.1
j  sun.awt.windows.WComponentPeer.setFont(Ljava/awt/Font;)V+7 java.desktop@14.0.1
j  sun.awt.windows.WWindowPeer.initialize()V+42 java.desktop@14.0.1
j  sun.awt.windows.WFramePeer.initialize()V+1 java.desktop@14.0.1
j  sun.awt.windows.WComponentPeer.<init>(Ljava/awt/Component;)V+83 java.desktop@14.0.1
j  sun.awt.windows.WCanvasPeer.<init>(Ljava/awt/Component;)V+2 java.desktop@14.0.1
j  sun.awt.windows.WPanelPeer.<init>(Ljava/awt/Component;)V+2 java.desktop@14.0.1
j  sun.awt.windows.WWindowPeer.<init>(Ljava/awt/Window;)V+2 java.desktop@14.0.1
j  sun.awt.windows.WFramePeer.<init>(Ljava/awt/Frame;)V+2 java.desktop@14.0.1
j  sun.awt.windows.WToolkit.createFrame(Ljava/awt/Frame;)Ljava/awt/peer/FramePeer;+5 java.desktop@14.0.1
j  java.awt.Frame.addNotify()V+20 java.desktop@14.0.1
j  java.awt.Window.pack()V+28 java.desktop@14.0.1
j  org.opencv.highgui.ImageWindow.setFrameLabelVisible(Ljavax/swing/JFrame;Ljavax/swing/JLabel;)V+84
j  org.opencv.highgui.HighGui.waitKey(I)I+203
j  com.company.Main.main([Ljava/lang/String;)V+109
v  ~StubRoutines::call_stub

siginfo: EXCEPTION_ACCESS_VIOLATION (0xc0000005), reading address 0x0000000000000058


Register to memory mapping:

RIP=0x00007ffad8f6f74a awt.dll
RAX=0x00007ffad8fea660 awt.dll
RBX=0x000001c6ba0bb310 points into unknown readable memory: a0 1a 60 a7 fa 7f 00 00
RCX=0x000001c6e8d66180 points into unknown readable memory: 60 a6 fe d8 fa 7f 00 00
RDX=0x0 is NULL
RSP=0x000000a6a0bfebe0 is pointing into the stack for thread: 0x000001c6ba0bb000
RBP=0x0 is NULL
RSI=0x000001c6e8d7b4a0 is a global jni handle
RDI=0x000001c6e8d7b4a8 is a global jni handle
R8 =0x0000000000000042 is an unknown value
R9 =0x0000000800b606b8 is a pointer to class: 
java.awt.Font {0x0000000800b606c0}
R10=0x0000000000008000 is an unknown value
R11=0x000000a6a0bfebe0 is pointing into the stack for thread: 0x000001c6ba0bb000
R12=0x0 is NULL
R13={method} {0x000001c6df6e21e0} '_setFont' '(Ljava/awt/Font;)V' in 'sun/awt/windows/WComponentPeer'
R14=0x000001c6e8d66180 points into unknown readable memory: 60 a6 fe d8 fa 7f 00 00
R15=0x000001c6e8db0bc0 points into unknown readable memory: a0 b4 d7 e8 c6 01 00 00


Registers:
RAX=0x00007ffad8fea660, RBX=0x000001c6ba0bb310, RCX=0x000001c6e8d66180, RDX=0x0000000000000000
RSP=0x000000a6a0bfebe0, RBP=0x0000000000000000, RSI=0x000001c6e8d7b4a0, RDI=0x000001c6e8d7b4a8
R8 =0x0000000000000042, R9 =0x0000000800b606b8, R10=0x0000000000008000, R11=0x000000a6a0bfebe0
R12=0x0000000000000000, R13=0x000001c6df6e21d8, R14=0x000001c6e8d66180, R15=0x000001c6e8db0bc0
RIP=0x00007ffad8f6f74a, EFLAGS=0x0000000000010202

Top of Stack: (sp=0x000000a6a0bfebe0)
0x000000a6a0bfebe0:   000001c6e8db0bc0 000001c6e8d66180
0x000000a6a0bfebf0:   000001c6e8db0bc0 000001c6e8d66180
0x000000a6a0bfec00:   000001c6e8d7b4a8 00007ffad8f74655
0x000000a6a0bfec10:   000001c6ba0bb310 000001c6ba0bb310
0x000000a6a0bfec20:   0000000000000000 000001c6e8d7b4a0
0x000000a6a0bfec30:   000001c6ba0bb000 000000a6a0bfed88
0x000000a6a0bfec40:   000001c6e8db0bc0 00007ffad8fad59b
0x000000a6a0bfec50:   00007ffad902f018 000000a6a0bfed60
0x000000a6a0bfec60:   00007ffad8f74528 0000000000000000
0x000000a6a0bfec70:   fffffffffffffffe fffffffffffffffe
0x000000a6a0bfec80:   000001c6e8d7b4a0 00007ffad8f7581c
0x000000a6a0bfec90:   000001c6e8d7b4a8 000000a6a0bfed80
0x000000a6a0bfeca0:   000000a6a0bfed80 00007ffad902f018
0x000000a6a0bfecb0:   fffffffffffffffe 00007ffaa6f76c39
0x000000a6a0bfecc0:   000001c6c406a1b3 000001c6c40700b4
0x000000a6a0bfecd0:   000001c6df6e21d8 00000007103c5910 

Instructions: (pc=0x00007ffad8f6f74a)
0x00007ffad8f6f64a:   00 48 8b d9 e8 d9 dc ff ff 48 8b f8 48 85 c0 75
0x00007ffad8f6f65a:   04 48 8b 7b 48 48 8b cf e8 93 15 05 00 48 8b d8
0x00007ffad8f6f66a:   48 85 c0 74 60 83 64 24 20 00 0f 57 c0 83 64 24
0x00007ffad8f6f67a:   34 00 b9 11 00 00 00 83 64 24 38 00 f3 0f 7f 44
0x00007ffad8f6f68a:   24 24 ff 15 86 bc 0b 00 4c 8d 44 24 40 ba 5c 00
0x00007ffad8f6f69a:   00 00 48 8b c8 ff 15 2b bf 0b 00 83 f8 5c 75 0d
0x00007ffad8f6f6aa:   48 8d 54 24 40 48 8b cb e8 f2 15 05 00 48 8d 54
0x00007ffad8f6f6ba:   24 20 48 8b cb e8 09 16 05 00 48 8b d3 48 8b cf
0x00007ffad8f6f6ca:   e8 b6 15 05 00 48 8b 8c 24 a0 00 00 00 48 33 cc
0x00007ffad8f6f6da:   e8 e1 22 05 00 48 8b 9c 24 c8 00 00 00 48 81 c4
0x00007ffad8f6f6ea:   b0 00 00 00 5f c3 40 53 48 83 ec 20 48 8b d9 ff
0x00007ffad8f6f6fa:   15 69 c4 0b 00 48 85 c0 75 0a 48 8b 4b 48 ff 15
0x00007ffad8f6f70a:   52 c4 0b 00 48 83 c4 20 5b c3 4c 63 c2 48 8b 15
0x00007ffad8f6f71a:   2a a8 0b 00 48 ff 25 e3 c2 0b 00 cc cc cc 48 8b
0x00007ffad8f6f72a:   d1 48 8b 0d 1e d8 0b 00 48 89 15 17 d8 0b 00 e9
0x00007ffad8f6f73a:   f6 63 04 00 cc cc 48 89 5c 24 08 57 48 83 ec 20
0x00007ffad8f6f74a:   83 7a 58 00 48 8b da 48 8b f9 7d 08 48 8b ca e8
0x00007ffad8f6f75a:   4a 95 01 00 4c 8b 43 48 45 33 c9 48 8b 4f 48 4d
0x00007ffad8f6f76a:   8b 00 41 8d 51 30 ff 15 5a c5 0b 00 48 8b 4f 48
0x00007ffad8f6f77a:   33 d2 44 8d 42 01 48 8b 5c 24 30 48 83 c4 20 5f
0x00007ffad8f6f78a:   48 ff 25 f7 c3 0b 00 cc cc cc 48 8b c4 48 89 58
0x00007ffad8f6f79a:   08 48 89 68 10 48 89 70 18 48 89 78 20 41 56 48
0x00007ffad8f6f7aa:   83 ec 20 4c 8b f2 48 8b f9 48 8b 0d 3e f6 0b 00
0x00007ffad8f6f7ba:   ba 02 00 01 00 41 8b e8 e8 04 21 05 00 48 8b 97
0x00007ffad8f6f7ca:   c0 00 00 00 33 db 48 8b f0 48 85 d2 74 0d 4c 8b
0x00007ffad8f6f7da:   08 48 8b c8 41 ff 91 b0 00 00 00 4d 85 f6 74 14
0x00007ffad8f6f7ea:   48 8b 06 49 8b d6 48 8b ce ff 90 a8 00 00 00 48
0x00007ffad8f6f7fa:   8b d8 eb 05 bd 01 00 00 00 48 89 9f c0 00 00 00
0x00007ffad8f6f80a:   89 af c8 00 00 00 48 8b 5c 24 30 48 8b 6c 24 38
0x00007ffad8f6f81a:   48 8b 74 24 40 48 8b 7c 24 48 48 83 c4 20 41 5e
0x00007ffad8f6f82a:   c3 cc 48 89 5c 24 08 48 89 6c 24 10 48 89 74 24
0x00007ffad8f6f83a:   18 57 48 83 ec 20 33 db 48 8b f9 48 85 c9 75 09 


Stack slot to memory mapping:
stack at sp + 0 slots: 0x000001c6e8db0bc0 points into unknown readable memory: a0 b4 d7 e8 c6 01 00 00
stack at sp + 1 slots: 0x000001c6e8d66180 points into unknown readable memory: 60 a6 fe d8 fa 7f 00 00
stack at sp + 2 slots: 0x000001c6e8db0bc0 points into unknown readable memory: a0 b4 d7 e8 c6 01 00 00
stack at sp + 3 slots: 0x000001c6e8d66180 points into unknown readable memory: 60 a6 fe d8 fa 7f 00 00
stack at sp + 4 slots: 0x000001c6e8d7b4a8 is a global jni handle
stack at sp + 5 slots: 0x00007ffad8f74655 awt.dll
stack at sp + 6 slots: 0x000001c6ba0bb310 points into unknown readable memory: a0 1a 60 a7 fa 7f 00 00
stack at sp + 7 slots: 0x000001c6ba0bb310 points into unknown readable memory: a0 1a 60 a7 fa 7f 00 00


---------------  P R O C E S S  ---------------

Threads class SMR info:
_java_thread_list=0x000001c6e0353fe0, length=16, elements={
0x000001c6ba0bb000, 0x000001c6df4d7800, 0x000001c6df4d8800, 0x000001c6df4f9800,
0x000001c6df4fb800, 0x000001c6df4fd000, 0x000001c6df4fe000, 0x000001c6dfd84800,
0x000001c6dfdf8800, 0x000001c6dfd80800, 0x000001c6e0741800, 0x000001c6e07d9000,
0x000001c6dff86800, 0x000001c6e142f800, 0x000001c6e0784800, 0x000001c6e0052800
}

Java Threads: ( => current thread )
=>0x000001c6ba0bb000 JavaThread "main" [_thread_in_native, id=18108, stack(0x000000a6a0b00000,0x000000a6a0c00000)]
  0x000001c6df4d7800 JavaThread "Reference Handler" daemon [_thread_blocked, id=8616, stack(0x000000a6a1300000,0x000000a6a1400000)]
  0x000001c6df4d8800 JavaThread "Finalizer" daemon [_thread_blocked, id=23728, stack(0x000000a6a1400000,0x000000a6a1500000)]
  0x000001c6df4f9800 JavaThread "Signal Dispatcher" daemon [_thread_blocked, id=26132, stack(0x000000a6a1500000,0x000000a6a1600000)]
  0x000001c6df4fb800 JavaThread "Attach Listener" daemon [_thread_blocked, id=28076, stack(0x000000a6a1600000,0x000000a6a1700000)]
  0x000001c6df4fd000 JavaThread "Service Thread" daemon [_thread_blocked, id=18916, stack(0x000000a6a1700000,0x000000a6a1800000)]
  0x000001c6df4fe000 JavaThread "C2 CompilerThread0" daemon [_thread_blocked, id=22684, stack(0x000000a6a1800000,0x000000a6a1900000)]
  0x000001c6dfd84800 JavaThread "C1 CompilerThread0" daemon [_thread_blocked, id=6740, stack(0x000000a6a1900000,0x000000a6a1a00000)]
  0x000001c6dfdf8800 JavaThread "Sweeper thread" daemon [_thread_blocked, id=6800, stack(0x000000a6a1a00000,0x000000a6a1b00000)]
  0x000001c6dfd80800 JavaThread "Common-Cleaner" daemon [_thread_blocked, id=27712, stack(0x000000a6a1b00000,0x000000a6a1c00000)]
  0x000001c6e0741800 JavaThread "Monitor Ctrl-Break" daemon [_thread_in_native, id=16484, stack(0x000000a6a1d00000,0x000000a6a1e00000)]
  0x000001c6e07d9000 JavaThread "Notification Thread" daemon [_thread_blocked, id=16852, stack(0x000000a6a1e00000,0x000000a6a1f00000)]
  0x000001c6dff86800 JavaThread "Java2D Disposer" daemon [_thread_blocked, id=24320, stack(0x000000a6a1c00000,0x000000a6a1d00000)]
  0x000001c6e142f800 JavaThread "AWT-Shutdown" [_thread_blocked, id=20240, stack(0x000000a6a2900000,0x000000a6a2a00000)]
  0x000001c6e0784800 JavaThread "AWT-Windows" daemon [_thread_in_native, id=22352, stack(0x000000a6a2a00000,0x000000a6a2b00000)]
  0x000001c6e0052800 JavaThread "AWT-EventQueue-0" [_thread_blocked, id=20116, stack(0x000000a6a2b00000,0x000000a6a2c00000)]

Other Threads:
  0x000001c6df4cf800 VMThread "VM Thread" [stack: 0x000000a6a1200000,0x000000a6a1300000] [id=5204]
  0x000001c6e07da000 WatcherThread [stack: 0x000000a6a1f00000,0x000000a6a2000000] [id=72]
  0x000001c6ba124000 GCTaskThread "GC Thread#0" [stack: 0x000000a6a0d00000,0x000000a6a0e00000] [id=11220]
  0x000001c6ba145800 ConcurrentGCThread "G1 Main Marker" [stack: 0x000000a6a0e00000,0x000000a6a0f00000] [id=9876]
  0x000001c6ba147800 ConcurrentGCThread "G1 Conc#0" [stack: 0x000000a6a0f00000,0x000000a6a1000000] [id=25248]
  0x000001c6df3c0800 ConcurrentGCThread "G1 Refine#0" [stack: 0x000000a6a1000000,0x000000a6a1100000] [id=20336]
  0x000001c6df3c2800 ConcurrentGCThread "G1 Young RemSet Sampling" [stack: 0x000000a6a1100000,0x000000a6a1200000] [id=29656]

Threads with active compile tasks:

VM state:not at safepoint (normal execution)

VM Mutex/Monitor currently owned by a thread: None

Heap address: 0x0000000700c00000, size: 4084 MB, Compressed Oops mode: Zero based, Oop shift amount: 3
Narrow klass base: 0x0000000800000000, Narrow klass shift: 3
Compressed class space size: 1073741824 Address: 0x0000000800b30000

Heap:
 garbage-first heap   total 262144K, used 12288K [0x0000000700c00000, 0x0000000800000000)
  region size 1024K, 12 young (12288K), 0 survivors (0K)
 Metaspace       used 7091K, capacity 7445K, committed 7680K, reserved 1056768K
  class space    used 780K, capacity 934K, committed 1024K, reserved 1048576K
Heap Regions: E=young(eden), S=young(survivor), O=old, HS=humongous(starts), HC=humongous(continues), CS=collection set, F=free, OA=open archive, CA=closed archive, TAMS=top-at-mark-start (previous, next)
|   0|0x0000000700c00000, 0x0000000700d00000, 0x0000000700d00000|100%|HS|  |TAMS 0x0000000700c00000, 0x0000000700c00000| Complete 
|   1|0x0000000700d00000, 0x0000000700e00000, 0x0000000700e00000|100%|HS|  |TAMS 0x0000000700d00000, 0x0000000700d00000| Complete 
|   2|0x0000000700e00000, 0x0000000700e00000, 0x0000000700f00000|  0%| F|  |TAMS 0x0000000700e00000, 0x0000000700e00000| Untracked 
|   3|0x0000000700f00000, 0x0000000700f00000, 0x0000000701000000|  0%| F|  |TAMS 0x0000000700f00000, 0x0000000700f00000| Untracked 
|   4|0x0000000701000000, 0x0000000701000000, 0x0000000701100000|  0%| F|  |TAMS 0x0000000701000000, 0x0000000701000000| Untracked 
|   5|0x0000000701100000, 0x0000000701100000, 0x0000000701200000|  0%| F|  |TAMS 0x0000000701100000, 0x0000000701100000| Untracked 
|   6|0x0000000701200000, 0x0000000701200000, 0x0000000701300000|  0%| F|  |TAMS 0x0000000701200000, 0x0000000701200000| Untracked 
|   7|0x0000000701300000, 0x0000000701300000, 0x0000000701400000|  0%| F|  |TAMS 0x0000000701300000, 0x0000000701300000| Untracked 
|   8|0x0000000701400000, 0x0000000701400000, 0x0000000701500000|  0%| F|  |TAMS 0x0000000701400000, 0x0000000701400000| Untracked 
|   9|0x0000000701500000, 0x0000000701500000, 0x0000000701600000|  0%| F|  |TAMS 0x0000000701500000, 0x0000000701500000| Untracked 
|  10|0x0000000701600000, 0x0000000701600000, 0x0000000701700000|  0%| F|  |TAMS 0x0000000701600000, 0x0000000701600000| Untracked 
|  11|0x0000000701700000, 0x0000000701700000, 0x0000000701800000|  0%| F|  |TAMS 0x0000000701700000, 0x0000000701700000| Untracked 
|  12|0x0000000701800000, 0x0000000701800000, 0x0000000701900000|  0%| F|  |TAMS 0x0000000701800000, 0x0000000701800000| Untracked 
|  13|0x0000000701900000, 0x0000000701900000, 0x0000000701a00000|  0%| F|  |TAMS 0x0000000701900000, 0x0000000701900000| Untracked 
|  14|0x0000000701a00000, 0x0000000701a00000, 0x0000000701b00000|  0%| F|  |TAMS 0x0000000701a00000, 0x0000000701a00000| Untracked 
|  15|0x0000000701b00000, 0x0000000701b00000, 0x0000000701c00000|  0%| F|  |TAMS 0x0000000701b00000, 0x0000000701b00000| Untracked 
|  16|0x0000000701c00000, 0x0000000701c00000, 0x0000000701d00000|  0%| F|  |TAMS 0x0000000701c00000, 0x0000000701c00000| Untracked 
|  17|0x0000000701d00000, 0x0000000701d00000, 0x0000000701e00000|  0%| F|  |TAMS 0x0000000701d00000, 0x0000000701d00000| Untracked 
|  18|0x0000000701e00000, 0x0000000701e00000, 0x0000000701f00000|  0%| F|  |TAMS 0x0000000701e00000, 0x0000000701e00000| Untracked 
|  19|0x0000000701f00000, 0x0000000701f00000, 0x0000000702000000|  0%| F|  |TAMS 0x0000000701f00000, 0x0000000701f00000| Untracked 
|  20|0x0000000702000000, 0x0000000702000000, 0x0000000702100000|  0%| F|  |TAMS 0x0000000702000000, 0x0000000702000000| Untracked 
|  21|0x0000000702100000, 0x0000000702100000, 0x0000000702200000|  0%| F|  |TAMS 0x0000000702100000, 0x0000000702100000| Untracked 
|  22|0x0000000702200000, 0x0000000702200000, 0x0000000702300000|  0%| F|  |TAMS 0x0000000702200000, 0x0000000702200000| Untracked 
|  23|0x0000000702300000, 0x0000000702300000, 0x0000000702400000|  0%| F|  |TAMS 0x0000000702300000, 0x0000000702300000| Untracked 
|  24|0x0000000702400000, 0x0000000702400000, 0x0000000702500000|  0%| F|  |TAMS 0x0000000702400000, 0x0000000702400000| Untracked 
|  25|0x0000000702500000, 0x0000000702500000, 0x0000000702600000|  0%| F|  |TAMS 0x0000000702500000, 0x0000000702500000| Untracked 
|  26|0x0000000702600000, 0x0000000702600000, 0x0000000702700000|  0%| F|  |TAMS 0x0000000702600000, 0x0000000702600000| Untracked 
|  27|0x0000000702700000, 0x0000000702700000, 0x0000000702800000|  0%| F|  |TAMS 0x0000000702700000, 0x0000000702700000| Untracked 
|  28|0x0000000702800000, 0x0000000702800000, 0x0000000702900000|  0%| F|  |TAMS 0x0000000702800000, 0x0000000702800000| Untracked 
|  29|0x0000000702900000, 0x0000000702900000, 0x0000000702a00000|  0%| F|  |TAMS 0x0000000702900000, 0x0000000702900000| Untracked 
|  30|0x0000000702a00000, 0x0000000702a00000, 0x0000000702b00000|  0%| F|  |TAMS 0x0000000702a00000, 0x0000000702a00000| Untracked 
|  31|0x0000000702b00000, 0x0000000702b00000, 0x0000000702c00000|  0%| F|  |TAMS 0x0000000702b00000, 0x0000000702b00000| Untracked 
|  32|0x0000000702c00000, 0x0000000702c00000, 0x0000000702d00000|  0%| F|  |TAMS 0x0000000702c00000, 0x0000000702c00000| Untracked 
|  33|0x0000000702d00000, 0x0000000702d00000, 0x0000000702e00000|  0%| F|  |TAMS 0x0000000702d00000, 0x0000000702d00000| Untracked 
|  34|0x0000000702e00000, 0x0000000702e00000, 0x0000000702f00000|  0%| F|  |TAMS 0x0000000702e00000, 0x0000000702e00000| Untracked 
|  35|0x0000000702f00000, 0x0000000702f00000, 0x0000000703000000|  0%| F|  |TAMS 0x0000000702f00000, 0x0000000702f00000| Untracked 
|  36|0x0000000703000000, 0x0000000703000000, 0x0000000703100000|  0%| F|  |TAMS 0x0000000703000000, 0x0000000703000000| Untracked 
|  37|0x0000000703100000, 0x0000000703100000, 0x0000000703200000|  0%| F|  |TAMS 0x0000000703100000, 0x0000000703100000| Untracked 
|  38|0x0000000703200000, 0x0000000703200000, 0x0000000703300000|  0%| F|  |TAMS 0x0000000703200000, 0x0000000703200000| Untracked 
|  39|0x0000000703300000, 0x0000000703300000, 0x0000000703400000|  0%| F|  |TAMS 0x0000000703300000, 0x0000000703300000| Untracked 
|  40|0x0000000703400000, 0x0000000703400000, 0x0000000703500000|  0%| F|  |TAMS 0x0000000703400000, 0x0000000703400000| Untracked 
|  41|0x0000000703500000, 0x0000000703500000, 0x0000000703600000|  0%| F|  |TAMS 0x0000000703500000, 0x0000000703500000| Untracked 
|  42|0x0000000703600000, 0x0000000703600000, 0x0000000703700000|  0%| F|  |TAMS 0x0000000703600000, 0x0000000703600000| Untracked 
|  43|0x0000000703700000, 0x0000000703700000, 0x0000000703800000|  0%| F|  |TAMS 0x0000000703700000, 0x0000000703700000| Untracked 
|  44|0x0000000703800000, 0x0000000703800000, 0x0000000703900000|  0%| F|  |TAMS 0x0000000703800000, 0x0000000703800000| Untracked 
|  45|0x0000000703900000, 0x0000000703900000, 0x0000000703a00000|  0%| F|  |TAMS 0x0000000703900000, 0x0000000703900000| Untracked 
|  46|0x0000000703a00000, 0x0000000703a00000, 0x0000000703b00000|  0%| F|  |TAMS 0x0000000703a00000, 0x0000000703a00000| Untracked 
|  47|0x0000000703b00000, 0x0000000703b00000, 0x0000000703c00000|  0%| F|  |TAMS 0x0000000703b00000, 0x0000000703b00000| Untracked 
|  48|0x0000000703c00000, 0x0000000703c00000, 0x0000000703d00000|  0%| F|  |TAMS 0x0000000703c00000, 0x0000000703c00000| Untracked 
|  49|0x0000000703d00000, 0x0000000703d00000, 0x0000000703e00000|  0%| F|  |TAMS 0x0000000703d00000, 0x0000000703d00000| Untracked 
|  50|0x0000000703e00000, 0x0000000703e00000, 0x0000000703f00000|  0%| F|  |TAMS 0x0000000703e00000, 0x0000000703e00000| Untracked 
|  51|0x0000000703f00000, 0x0000000703f00000, 0x0000000704000000|  0%| F|  |TAMS 0x0000000703f00000, 0x0000000703f00000| Untracked 
|  52|0x0000000704000000, 0x0000000704000000, 0x0000000704100000|  0%| F|  |TAMS 0x0000000704000000, 0x0000000704000000| Untracked 
|  53|0x0000000704100000, 0x0000000704100000, 0x0000000704200000|  0%| F|  |TAMS 0x0000000704100000, 0x0000000704100000| Untracked 
|  54|0x0000000704200000, 0x0000000704200000, 0x0000000704300000|  0%| F|  |TAMS 0x0000000704200000, 0x0000000704200000| Untracked 
|  55|0x0000000704300000, 0x0000000704300000, 0x0000000704400000|  0%| F|  |TAMS 0x0000000704300000, 0x0000000704300000| Untracked 
|  56|0x0000000704400000, 0x0000000704400000, 0x0000000704500000|  0%| F|  |TAMS 0x0000000704400000, 0x0000000704400000| Untracked 
|  57|0x0000000704500000, 0x0000000704500000, 0x0000000704600000|  0%| F|  |TAMS 0x0000000704500000, 0x0000000704500000| Untracked 
|  58|0x0000000704600000, 0x0000000704600000, 0x0000000704700000|  0%| F|  |TAMS 0x0000000704600000, 0x0000000704600000| Untracked 
|  59|0x0000000704700000, 0x0000000704700000, 0x0000000704800000|  0%| F|  |TAMS 0x0000000704700000, 0x0000000704700000| Untracked 
|  60|0x0000000704800000, 0x0000000704800000, 0x0000000704900000|  0%| F|  |TAMS 0x0000000704800000, 0x0000000704800000| Untracked 
|  61|0x0000000704900000, 0x0000000704900000, 0x0000000704a00000|  0%| F|  |TAMS 0x0000000704900000, 0x0000000704900000| Untracked 
|  62|0x0000000704a00000, 0x0000000704a00000, 0x0000000704b00000|  0%| F|  |TAMS 0x0000000704a00000, 0x0000000704a00000| Untracked 
|  63|0x0000000704b00000, 0x0000000704b00000, 0x0000000704c00000|  0%| F|  |TAMS 0x0000000704b00000, 0x0000000704b00000| Untracked 
|  64|0x0000000704c00000, 0x0000000704c00000, 0x0000000704d00000|  0%| F|  |TAMS 0x0000000704c00000, 0x0000000704c00000| Untracked 
|  65|0x0000000704d00000, 0x0000000704d00000, 0x0000000704e00000|  0%| F|  |TAMS 0x0000000704d00000, 0x0000000704d00000| Untracked 
|  66|0x0000000704e00000, 0x0000000704e00000, 0x0000000704f00000|  0%| F|  |TAMS 0x0000000704e00000, 0x0000000704e00000| Untracked 
|  67|0x0000000704f00000, 0x0000000704f00000, 0x0000000705000000|  0%| F|  |TAMS 0x0000000704f00000, 0x0000000704f00000| Untracked 
|  68|0x0000000705000000, 0x0000000705000000, 0x0000000705100000|  0%| F|  |TAMS 0x0000000705000000, 0x0000000705000000| Untracked 
|  69|0x0000000705100000, 0x0000000705100000, 0x0000000705200000|  0%| F|  |TAMS 0x0000000705100000, 0x0000000705100000| Untracked 
|  70|0x0000000705200000, 0x0000000705200000, 0x0000000705300000|  0%| F|  |TAMS 0x0000000705200000, 0x0000000705200000| Untracked 
|  71|0x0000000705300000, 0x0000000705300000, 0x0000000705400000|  0%| F|  |TAMS 0x0000000705300000, 0x0000000705300000| Untracked 
|  72|0x0000000705400000, 0x0000000705400000, 0x0000000705500000|  0%| F|  |TAMS 0x0000000705400000, 0x0000000705400000| Untracked 
|  73|0x0000000705500000, 0x0000000705500000, 0x0000000705600000|  0%| F|  |TAMS 0x0000000705500000, 0x0000000705500000| Untracked 
|  74|0x0000000705600000, 0x0000000705600000, 0x0000000705700000|  0%| F|  |TAMS 0x0000000705600000, 0x0000000705600000| Untracked 
|  75|0x0000000705700000, 0x0000000705700000, 0x0000000705800000|  0%| F|  |TAMS 0x0000000705700000, 0x0000000705700000| Untracked 
|  76|0x0000000705800000, 0x0000000705800000, 0x0000000705900000|  0%| F|  |TAMS 0x0000000705800000, 0x0000000705800000| Untracked 
|  77|0x0000000705900000, 0x0000000705900000, 0x0000000705a00000|  0%| F|  |TAMS 0x0000000705900000, 0x0000000705900000| Untracked 
|  78|0x0000000705a00000, 0x0000000705a00000, 0x0000000705b00000|  0%| F|  |TAMS 0x0000000705a00000, 0x0000000705a00000| Untracked 
|  79|0x0000000705b00000, 0x0000000705b00000, 0x0000000705c00000|  0%| F|  |TAMS 0x0000000705b00000, 0x0000000705b00000| Untracked 
|  80|0x0000000705c00000, 0x0000000705c00000, 0x0000000705d00000|  0%| F|  |TAMS 0x0000000705c00000, 0x0000000705c00000| Untracked 
|  81|0x0000000705d00000, 0x0000000705d00000, 0x0000000705e00000|  0%| F|  |TAMS 0x0000000705d00000, 0x0000000705d00000| Untracked 
|  82|0x0000000705e00000, 0x0000000705e00000, 0x0000000705f00000|  0%| F|  |TAMS 0x0000000705e00000, 0x0000000705e00000| Untracked 
|  83|0x0000000705f00000, 0x0000000705f00000, 0x0000000706000000|  0%| F|  |TAMS 0x0000000705f00000, 0x0000000705f00000| Untracked 
|  84|0x0000000706000000, 0x0000000706000000, 0x0000000706100000|  0%| F|  |TAMS 0x0000000706000000, 0x0000000706000000| Untracked 
|  85|0x0000000706100000, 0x0000000706100000, 0x0000000706200000|  0%| F|  |TAMS 0x0000000706100000, 0x0000000706100000| Untracked 
|  86|0x0000000706200000, 0x0000000706200000, 0x0000000706300000|  0%| F|  |TAMS 0x0000000706200000, 0x0000000706200000| Untracked 
|  87|0x0000000706300000, 0x0000000706300000, 0x0000000706400000|  0%| F|  |TAMS 0x0000000706300000, 0x0000000706300000| Untracked 
|  88|0x0000000706400000, 0x0000000706400000, 0x0000000706500000|  0%| F|  |TAMS 0x0000000706400000, 0x0000000706400000| Untracked 
|  89|0x0000000706500000, 0x0000000706500000, 0x0000000706600000|  0%| F|  |TAMS 0x0000000706500000, 0x0000000706500000| Untracked 
|  90|0x0000000706600000, 0x0000000706600000, 0x0000000706700000|  0%| F|  |TAMS 0x0000000706600000, 0x0000000706600000| Untracked 
|  91|0x0000000706700000, 0x0000000706700000, 0x0000000706800000|  0%| F|  |TAMS 0x0000000706700000, 0x0000000706700000| Untracked 
|  92|0x0000000706800000, 0x0000000706800000, 0x0000000706900000|  0%| F|  |TAMS 0x0000000706800000, 0x0000000706800000| Untracked 
|  93|0x0000000706900000, 0x0000000706900000, 0x0000000706a00000|  0%| F|  |TAMS 0x0000000706900000, 0x0000000706900000| Untracked 
|  94|0x0000000706a00000, 0x0000000706a00000, 0x0000000706b00000|  0%| F|  |TAMS 0x0000000706a00000, 0x0000000706a00000| Untracked 
|  95|0x0000000706b00000, 0x0000000706b00000, 0x0000000706c00000|  0%| F|  |TAMS 0x0000000706b00000, 0x0000000706b00000| Untracked 
|  96|0x0000000706c00000, 0x0000000706c00000, 0x0000000706d00000|  0%| F|  |TAMS 0x0000000706c00000, 0x0000000706c00000| Untracked 
|  97|0x0000000706d00000, 0x0000000706d00000, 0x0000000706e00000|  0%| F|  |TAMS 0x0000000706d00000, 0x0000000706d00000| Untracked 
|  98|0x0000000706e00000, 0x0000000706e00000, 0x0000000706f00000|  0%| F|  |TAMS 0x0000000706e00000, 0x0000000706e00000| Untracked 
|  99|0x0000000706f00000, 0x0000000706f00000, 0x0000000707000000|  0%| F|  |TAMS 0x0000000706f00000, 0x0000000706f00000| Untracked 
| 100|0x0000000707000000, 0x0000000707000000, 0x0000000707100000|  0%| F|  |TAMS 0x0000000707000000, 0x0000000707000000| Untracked 
| 101|0x0000000707100000, 0x0000000707100000, 0x0000000707200000|  0%| F|  |TAMS 0x0000000707100000, 0x0000000707100000| Untracked 
| 102|0x0000000707200000, 0x0000000707200000, 0x0000000707300000|  0%| F|  |TAMS 0x0000000707200000, 0x0000000707200000| Untracked 
| 103|0x0000000707300000, 0x0000000707300000, 0x0000000707400000|  0%| F|  |TAMS 0x0000000707300000, 0x0000000707300000| Untracked 
| 104|0x0000000707400000, 0x0000000707400000, 0x0000000707500000|  0%| F|  |TAMS 0x0000000707400000, 0x0000000707400000| Untracked 
| 105|0x0000000707500000, 0x0000000707500000, 0x0000000707600000|  0%| F|  |TAMS 0x0000000707500000, 0x0000000707500000| Untracked 
| 106|0x0000000707600000, 0x0000000707600000, 0x0000000707700000|  0%| F|  |TAMS 0x0000000707600000, 0x0000000707600000| Untracked 
| 107|0x0000000707700000, 0x0000000707700000, 0x0000000707800000|  0%| F|  |TAMS 0x0000000707700000, 0x0000000707700000| Untracked 
| 108|0x0000000707800000, 0x0000000707800000, 0x0000000707900000|  0%| F|  |TAMS 0x0000000707800000, 0x0000000707800000| Untracked 
| 109|0x0000000707900000, 0x0000000707900000, 0x0000000707a00000|  0%| F|  |TAMS 0x0000000707900000, 0x0000000707900000| Untracked 
| 110|0x0000000707a00000, 0x0000000707a00000, 0x0000000707b00000|  0%| F|  |TAMS 0x0000000707a00000, 0x0000000707a00000| Untracked 
| 111|0x0000000707b00000, 0x0000000707b00000, 0x0000000707c00000|  0%| F|  |TAMS 0x0000000707b00000, 0x0000000707b00000| Untracked 
| 112|0x0000000707c00000, 0x0000000707c00000, 0x0000000707d00000|  0%| F|  |TAMS 0x0000000707c00000, 0x0000000707c00000| Untracked 
| 113|0x0000000707d00000, 0x0000000707d00000, 0x0000000707e00000|  0%| F|  |TAMS 0x0000000707d00000, 0x0000000707d00000| Untracked 
| 114|0x0000000707e00000, 0x0000000707e00000, 0x0000000707f00000|  0%| F|  |TAMS 0x0000000707e00000, 0x0000000707e00000| Untracked 
| 115|0x0000000707f00000, 0x0000000707f00000, 0x0000000708000000|  0%| F|  |TAMS 0x0000000707f00000, 0x0000000707f00000| Untracked 
| 116|0x0000000708000000, 0x0000000708000000, 0x0000000708100000|  0%| F|  |TAMS 0x0000000708000000, 0x0000000708000000| Untracked 
| 117|0x0000000708100000, 0x0000000708100000, 0x0000000708200000|  0%| F|  |TAMS 0x0000000708100000, 0x0000000708100000| Untracked 
| 118|0x0000000708200000, 0x0000000708200000, 0x0000000708300000|  0%| F|  |TAMS 0x0000000708200000, 0x0000000708200000| Untracked 
| 119|0x0000000708300000, 0x0000000708300000, 0x0000000708400000|  0%| F|  |TAMS 0x0000000708300000, 0x0000000708300000| Untracked 
| 120|0x0000000708400000, 0x0000000708400000, 0x0000000708500000|  0%| F|  |TAMS 0x0000000708400000, 0x0000000708400000| Untracked 
| 121|0x0000000708500000, 0x0000000708500000, 0x0000000708600000|  0%| F|  |TAMS 0x0000000708500000, 0x0000000708500000| Untracked 
| 122|0x0000000708600000, 0x0000000708600000, 0x0000000708700000|  0%| F|  |TAMS 0x0000000708600000, 0x0000000708600000| Untracked 
| 123|0x0000000708700000, 0x0000000708700000, 0x0000000708800000|  0%| F|  |TAMS 0x0000000708700000, 0x0000000708700000| Untracked 
| 124|0x0000000708800000, 0x0000000708800000, 0x0000000708900000|  0%| F|  |TAMS 0x0000000708800000, 0x0000000708800000| Untracked 
| 125|0x0000000708900000, 0x0000000708900000, 0x0000000708a00000|  0%| F|  |TAMS 0x0000000708900000, 0x0000000708900000| Untracked 
| 126|0x0000000708a00000, 0x0000000708a00000, 0x0000000708b00000|  0%| F|  |TAMS 0x0000000708a00000, 0x0000000708a00000| Untracked 
| 127|0x0000000708b00000, 0x0000000708b00000, 0x0000000708c00000|  0%| F|  |TAMS 0x0000000708b00000, 0x0000000708b00000| Untracked 
| 128|0x0000000708c00000, 0x0000000708c00000, 0x0000000708d00000|  0%| F|  |TAMS 0x0000000708c00000, 0x0000000708c00000| Untracked 
| 129|0x0000000708d00000, 0x0000000708d00000, 0x0000000708e00000|  0%| F|  |TAMS 0x0000000708d00000, 0x0000000708d00000| Untracked 
| 130|0x0000000708e00000, 0x0000000708e00000, 0x0000000708f00000|  0%| F|  |TAMS 0x0000000708e00000, 0x0000000708e00000| Untracked 
| 131|0x0000000708f00000, 0x0000000708f00000, 0x0000000709000000|  0%| F|  |TAMS 0x0000000708f00000, 0x0000000708f00000| Untracked 
| 132|0x0000000709000000, 0x0000000709000000, 0x0000000709100000|  0%| F|  |TAMS 0x0000000709000000, 0x0000000709000000| Untracked 
| 133|0x0000000709100000, 0x0000000709100000, 0x0000000709200000|  0%| F|  |TAMS 0x0000000709100000, 0x0000000709100000| Untracked 
| 134|0x0000000709200000, 0x0000000709200000, 0x0000000709300000|  0%| F|  |TAMS 0x0000000709200000, 0x0000000709200000| Untracked 
| 135|0x0000000709300000, 0x0000000709300000, 0x0000000709400000|  0%| F|  |TAMS 0x0000000709300000, 0x0000000709300000| Untracked 
| 136|0x0000000709400000, 0x0000000709400000, 0x0000000709500000|  0%| F|  |TAMS 0x0000000709400000, 0x0000000709400000| Untracked 
| 137|0x0000000709500000, 0x0000000709500000, 0x0000000709600000|  0%| F|  |TAMS 0x0000000709500000, 0x0000000709500000| Untracked 
| 138|0x0000000709600000, 0x0000000709600000, 0x0000000709700000|  0%| F|  |TAMS 0x0000000709600000, 0x0000000709600000| Untracked 
| 139|0x0000000709700000, 0x0000000709700000, 0x0000000709800000|  0%| F|  |TAMS 0x0000000709700000, 0x0000000709700000| Untracked 
| 140|0x0000000709800000, 0x0000000709800000, 0x0000000709900000|  0%| F|  |TAMS 0x0000000709800000, 0x0000000709800000| Untracked 
| 141|0x0000000709900000, 0x0000000709900000, 0x0000000709a00000|  0%| F|  |TAMS 0x0000000709900000, 0x0000000709900000| Untracked 
| 142|0x0000000709a00000, 0x0000000709a00000, 0x0000000709b00000|  0%| F|  |TAMS 0x0000000709a00000, 0x0000000709a00000| Untracked 
| 143|0x0000000709b00000, 0x0000000709b00000, 0x0000000709c00000|  0%| F|  |TAMS 0x0000000709b00000, 0x0000000709b00000| Untracked 
| 144|0x0000000709c00000, 0x0000000709c00000, 0x0000000709d00000|  0%| F|  |TAMS 0x0000000709c00000, 0x0000000709c00000| Untracked 
| 145|0x0000000709d00000, 0x0000000709d00000, 0x0000000709e00000|  0%| F|  |TAMS 0x0000000709d00000, 0x0000000709d00000| Untracked 
| 146|0x0000000709e00000, 0x0000000709e00000, 0x0000000709f00000|  0%| F|  |TAMS 0x0000000709e00000, 0x0000000709e00000| Untracked 
| 147|0x0000000709f00000, 0x0000000709f00000, 0x000000070a000000|  0%| F|  |TAMS 0x0000000709f00000, 0x0000000709f00000| Untracked 
| 148|0x000000070a000000, 0x000000070a000000, 0x000000070a100000|  0%| F|  |TAMS 0x000000070a000000, 0x000000070a000000| Untracked 
| 149|0x000000070a100000, 0x000000070a100000, 0x000000070a200000|  0%| F|  |TAMS 0x000000070a100000, 0x000000070a100000| Untracked 
| 150|0x000000070a200000, 0x000000070a200000, 0x000000070a300000|  0%| F|  |TAMS 0x000000070a200000, 0x000000070a200000| Untracked 
| 151|0x000000070a300000, 0x000000070a300000, 0x000000070a400000|  0%| F|  |TAMS 0x000000070a300000, 0x000000070a300000| Untracked 
| 152|0x000000070a400000, 0x000000070a400000, 0x000000070a500000|  0%| F|  |TAMS 0x000000070a400000, 0x000000070a400000| Untracked 
| 153|0x000000070a500000, 0x000000070a500000, 0x000000070a600000|  0%| F|  |TAMS 0x000000070a500000, 0x000000070a500000| Untracked 
| 154|0x000000070a600000, 0x000000070a600000, 0x000000070a700000|  0%| F|  |TAMS 0x000000070a600000, 0x000000070a600000| Untracked 
| 155|0x000000070a700000, 0x000000070a700000, 0x000000070a800000|  0%| F|  |TAMS 0x000000070a700000, 0x000000070a700000| Untracked 
| 156|0x000000070a800000, 0x000000070a800000, 0x000000070a900000|  0%| F|  |TAMS 0x000000070a800000, 0x000000070a800000| Untracked 
| 157|0x000000070a900000, 0x000000070a900000, 0x000000070aa00000|  0%| F|  |TAMS 0x000000070a900000, 0x000000070a900000| Untracked 
| 158|0x000000070aa00000, 0x000000070aa00000, 0x000000070ab00000|  0%| F|  |TAMS 0x000000070aa00000, 0x000000070aa00000| Untracked 
| 159|0x000000070ab00000, 0x000000070ab00000, 0x000000070ac00000|  0%| F|  |TAMS 0x000000070ab00000, 0x000000070ab00000| Untracked 
| 160|0x000000070ac00000, 0x000000070ac00000, 0x000000070ad00000|  0%| F|  |TAMS 0x000000070ac00000, 0x000000070ac00000| Untracked 
| 161|0x000000070ad00000, 0x000000070ad00000, 0x000000070ae00000|  0%| F|  |TAMS 0x000000070ad00000, 0x000000070ad00000| Untracked 
| 162|0x000000070ae00000, 0x000000070ae00000, 0x000000070af00000|  0%| F|  |TAMS 0x000000070ae00000, 0x000000070ae00000| Untracked 
| 163|0x000000070af00000, 0x000000070af00000, 0x000000070b000000|  0%| F|  |TAMS 0x000000070af00000, 0x000000070af00000| Untracked 
| 164|0x000000070b000000, 0x000000070b000000, 0x000000070b100000|  0%| F|  |TAMS 0x000000070b000000, 0x000000070b000000| Untracked 
| 165|0x000000070b100000, 0x000000070b100000, 0x000000070b200000|  0%| F|  |TAMS 0x000000070b100000, 0x000000070b100000| Untracked 
| 166|0x000000070b200000, 0x000000070b200000, 0x000000070b300000|  0%| F|  |TAMS 0x000000070b200000, 0x000000070b200000| Untracked 
| 167|0x000000070b300000, 0x000000070b300000, 0x000000070b400000|  0%| F|  |TAMS 0x000000070b300000, 0x000000070b300000| Untracked 
| 168|0x000000070b400000, 0x000000070b400000, 0x000000070b500000|  0%| F|  |TAMS 0x000000070b400000, 0x000000070b400000| Untracked 
| 169|0x000000070b500000, 0x000000070b500000, 0x000000070b600000|  0%| F|  |TAMS 0x000000070b500000, 0x000000070b500000| Untracked 
| 170|0x000000070b600000, 0x000000070b600000, 0x000000070b700000|  0%| F|  |TAMS 0x000000070b600000, 0x000000070b600000| Untracked 
| 171|0x000000070b700000, 0x000000070b700000, 0x000000070b800000|  0%| F|  |TAMS 0x000000070b700000, 0x000000070b700000| Untracked 
| 172|0x000000070b800000, 0x000000070b800000, 0x000000070b900000|  0%| F|  |TAMS 0x000000070b800000, 0x000000070b800000| Untracked 
| 173|0x000000070b900000, 0x000000070b900000, 0x000000070ba00000|  0%| F|  |TAMS 0x000000070b900000, 0x000000070b900000| Untracked 
| 174|0x000000070ba00000, 0x000000070ba00000, 0x000000070bb00000|  0%| F|  |TAMS 0x000000070ba00000, 0x000000070ba00000| Untracked 
| 175|0x000000070bb00000, 0x000000070bb00000, 0x000000070bc00000|  0%| F|  |TAMS 0x000000070bb00000, 0x000000070bb00000| Untracked 
| 176|0x000000070bc00000, 0x000000070bc00000, 0x000000070bd00000|  0%| F|  |TAMS 0x000000070bc00000, 0x000000070bc00000| Untracked 
| 177|0x000000070bd00000, 0x000000070bd00000, 0x000000070be00000|  0%| F|  |TAMS 0x000000070bd00000, 0x000000070bd00000| Untracked 
| 178|0x000000070be00000, 0x000000070be00000, 0x000000070bf00000|  0%| F|  |TAMS 0x000000070be00000, 0x000000070be00000| Untracked 
| 179|0x000000070bf00000, 0x000000070bf00000, 0x000000070c000000|  0%| F|  |TAMS 0x000000070bf00000, 0x000000070bf00000| Untracked 
| 180|0x000000070c000000, 0x000000070c000000, 0x000000070c100000|  0%| F|  |TAMS 0x000000070c000000, 0x000000070c000000| Untracked 
| 181|0x000000070c100000, 0x000000070c100000, 0x000000070c200000|  0%| F|  |TAMS 0x000000070c100000, 0x000000070c100000| Untracked 
| 182|0x000000070c200000, 0x000000070c200000, 0x000000070c300000|  0%| F|  |TAMS 0x000000070c200000, 0x000000070c200000| Untracked 
| 183|0x000000070c300000, 0x000000070c300000, 0x000000070c400000|  0%| F|  |TAMS 0x000000070c300000, 0x000000070c300000| Untracked 
| 184|0x000000070c400000, 0x000000070c400000, 0x000000070c500000|  0%| F|  |TAMS 0x000000070c400000, 0x000000070c400000| Untracked 
| 185|0x000000070c500000, 0x000000070c500000, 0x000000070c600000|  0%| F|  |TAMS 0x000000070c500000, 0x000000070c500000| Untracked 
| 186|0x000000070c600000, 0x000000070c600000, 0x000000070c700000|  0%| F|  |TAMS 0x000000070c600000, 0x000000070c600000| Untracked 
| 187|0x000000070c700000, 0x000000070c700000, 0x000000070c800000|  0%| F|  |TAMS 0x000000070c700000, 0x000000070c700000| Untracked 
| 188|0x000000070c800000, 0x000000070c800000, 0x000000070c900000|  0%| F|  |TAMS 0x000000070c800000, 0x000000070c800000| Untracked 
| 189|0x000000070c900000, 0x000000070c900000, 0x000000070ca00000|  0%| F|  |TAMS 0x000000070c900000, 0x000000070c900000| Untracked 
| 190|0x000000070ca00000, 0x000000070ca00000, 0x000000070cb00000|  0%| F|  |TAMS 0x000000070ca00000, 0x000000070ca00000| Untracked 
| 191|0x000000070cb00000, 0x000000070cb00000, 0x000000070cc00000|  0%| F|  |TAMS 0x000000070cb00000, 0x000000070cb00000| Untracked 
| 192|0x000000070cc00000, 0x000000070cc00000, 0x000000070cd00000|  0%| F|  |TAMS 0x000000070cc00000, 0x000000070cc00000| Untracked 
| 193|0x000000070cd00000, 0x000000070cd00000, 0x000000070ce00000|  0%| F|  |TAMS 0x000000070cd00000, 0x000000070cd00000| Untracked 
| 194|0x000000070ce00000, 0x000000070ce00000, 0x000000070cf00000|  0%| F|  |TAMS 0x000000070ce00000, 0x000000070ce00000| Untracked 
| 195|0x000000070cf00000, 0x000000070cf00000, 0x000000070d000000|  0%| F|  |TAMS 0x000000070cf00000, 0x000000070cf00000| Untracked 
| 196|0x000000070d000000, 0x000000070d000000, 0x000000070d100000|  0%| F|  |TAMS 0x000000070d000000, 0x000000070d000000| Untracked 
| 197|0x000000070d100000, 0x000000070d100000, 0x000000070d200000|  0%| F|  |TAMS 0x000000070d100000, 0x000000070d100000| Untracked 
| 198|0x000000070d200000, 0x000000070d200000, 0x000000070d300000|  0%| F|  |TAMS 0x000000070d200000, 0x000000070d200000| Untracked 
| 199|0x000000070d300000, 0x000000070d300000, 0x000000070d400000|  0%| F|  |TAMS 0x000000070d300000, 0x000000070d300000| Untracked 
| 200|0x000000070d400000, 0x000000070d400000, 0x000000070d500000|  0%| F|  |TAMS 0x000000070d400000, 0x000000070d400000| Untracked 
| 201|0x000000070d500000, 0x000000070d500000, 0x000000070d600000|  0%| F|  |TAMS 0x000000070d500000, 0x000000070d500000| Untracked 
| 202|0x000000070d600000, 0x000000070d600000, 0x000000070d700000|  0%| F|  |TAMS 0x000000070d600000, 0x000000070d600000| Untracked 
| 203|0x000000070d700000, 0x000000070d700000, 0x000000070d800000|  0%| F|  |TAMS 0x000000070d700000, 0x000000070d700000| Untracked 
| 204|0x000000070d800000, 0x000000070d800000, 0x000000070d900000|  0%| F|  |TAMS 0x000000070d800000, 0x000000070d800000| Untracked 
| 205|0x000000070d900000, 0x000000070d900000, 0x000000070da00000|  0%| F|  |TAMS 0x000000070d900000, 0x000000070d900000| Untracked 
| 206|0x000000070da00000, 0x000000070da00000, 0x000000070db00000|  0%| F|  |TAMS 0x000000070da00000, 0x000000070da00000| Untracked 
| 207|0x000000070db00000, 0x000000070db00000, 0x000000070dc00000|  0%| F|  |TAMS 0x000000070db00000, 0x000000070db00000| Untracked 
| 208|0x000000070dc00000, 0x000000070dc00000, 0x000000070dd00000|  0%| F|  |TAMS 0x000000070dc00000, 0x000000070dc00000| Untracked 
| 209|0x000000070dd00000, 0x000000070dd00000, 0x000000070de00000|  0%| F|  |TAMS 0x000000070dd00000, 0x000000070dd00000| Untracked 
| 210|0x000000070de00000, 0x000000070de00000, 0x000000070df00000|  0%| F|  |TAMS 0x000000070de00000, 0x000000070de00000| Untracked 
| 211|0x000000070df00000, 0x000000070df00000, 0x000000070e000000|  0%| F|  |TAMS 0x000000070df00000, 0x000000070df00000| Untracked 
| 212|0x000000070e000000, 0x000000070e000000, 0x000000070e100000|  0%| F|  |TAMS 0x000000070e000000, 0x000000070e000000| Untracked 
| 213|0x000000070e100000, 0x000000070e100000, 0x000000070e200000|  0%| F|  |TAMS 0x000000070e100000, 0x000000070e100000| Untracked 
| 214|0x000000070e200000, 0x000000070e200000, 0x000000070e300000|  0%| F|  |TAMS 0x000000070e200000, 0x000000070e200000| Untracked 
| 215|0x000000070e300000, 0x000000070e300000, 0x000000070e400000|  0%| F|  |TAMS 0x000000070e300000, 0x000000070e300000| Untracked 
| 216|0x000000070e400000, 0x000000070e400000, 0x000000070e500000|  0%| F|  |TAMS 0x000000070e400000, 0x000000070e400000| Untracked 
| 217|0x000000070e500000, 0x000000070e500000, 0x000000070e600000|  0%| F|  |TAMS 0x000000070e500000, 0x000000070e500000| Untracked 
| 218|0x000000070e600000, 0x000000070e600000, 0x000000070e700000|  0%| F|  |TAMS 0x000000070e600000, 0x000000070e600000| Untracked 
| 219|0x000000070e700000, 0x000000070e700000, 0x000000070e800000|  0%| F|  |TAMS 0x000000070e700000, 0x000000070e700000| Untracked 
| 220|0x000000070e800000, 0x000000070e800000, 0x000000070e900000|  0%| F|  |TAMS 0x000000070e800000, 0x000000070e800000| Untracked 
| 221|0x000000070e900000, 0x000000070e900000, 0x000000070ea00000|  0%| F|  |TAMS 0x000000070e900000, 0x000000070e900000| Untracked 
| 222|0x000000070ea00000, 0x000000070ea00000, 0x000000070eb00000|  0%| F|  |TAMS 0x000000070ea00000, 0x000000070ea00000| Untracked 
| 223|0x000000070eb00000, 0x000000070eb00000, 0x000000070ec00000|  0%| F|  |TAMS 0x000000070eb00000, 0x000000070eb00000| Untracked 
| 224|0x000000070ec00000, 0x000000070ec00000, 0x000000070ed00000|  0%| F|  |TAMS 0x000000070ec00000, 0x000000070ec00000| Untracked 
| 225|0x000000070ed00000, 0x000000070ed00000, 0x000000070ee00000|  0%| F|  |TAMS 0x000000070ed00000, 0x000000070ed00000| Untracked 
| 226|0x000000070ee00000, 0x000000070ee00000, 0x000000070ef00000|  0%| F|  |TAMS 0x000000070ee00000, 0x000000070ee00000| Untracked 
| 227|0x000000070ef00000, 0x000000070ef00000, 0x000000070f000000|  0%| F|  |TAMS 0x000000070ef00000, 0x000000070ef00000| Untracked 
| 228|0x000000070f000000, 0x000000070f000000, 0x000000070f100000|  0%| F|  |TAMS 0x000000070f000000, 0x000000070f000000| Untracked 
| 229|0x000000070f100000, 0x000000070f100000, 0x000000070f200000|  0%| F|  |TAMS 0x000000070f100000, 0x000000070f100000| Untracked 
| 230|0x000000070f200000, 0x000000070f200000, 0x000000070f300000|  0%| F|  |TAMS 0x000000070f200000, 0x000000070f200000| Untracked 
| 231|0x000000070f300000, 0x000000070f300000, 0x000000070f400000|  0%| F|  |TAMS 0x000000070f300000, 0x000000070f300000| Untracked 
| 232|0x000000070f400000, 0x000000070f400000, 0x000000070f500000|  0%| F|  |TAMS 0x000000070f400000, 0x000000070f400000| Untracked 
| 233|0x000000070f500000, 0x000000070f500000, 0x000000070f600000|  0%| F|  |TAMS 0x000000070f500000, 0x000000070f500000| Untracked 
| 234|0x000000070f600000, 0x000000070f600000, 0x000000070f700000|  0%| F|  |TAMS 0x000000070f600000, 0x000000070f600000| Untracked 
| 235|0x000000070f700000, 0x000000070f700000, 0x000000070f800000|  0%| F|  |TAMS 0x000000070f700000, 0x000000070f700000| Untracked 
| 236|0x000000070f800000, 0x000000070f800000, 0x000000070f900000|  0%| F|  |TAMS 0x000000070f800000, 0x000000070f800000| Untracked 
| 237|0x000000070f900000, 0x000000070f900000, 0x000000070fa00000|  0%| F|  |TAMS 0x000000070f900000, 0x000000070f900000| Untracked 
| 238|0x000000070fa00000, 0x000000070fa00000, 0x000000070fb00000|  0%| F|  |TAMS 0x000000070fa00000, 0x000000070fa00000| Untracked 
| 239|0x000000070fb00000, 0x000000070fb00000, 0x000000070fc00000|  0%| F|  |TAMS 0x000000070fb00000, 0x000000070fb00000| Untracked 
| 240|0x000000070fc00000, 0x000000070fc00000, 0x000000070fd00000|  0%| F|  |TAMS 0x000000070fc00000, 0x000000070fc00000| Untracked 
| 241|0x000000070fd00000, 0x000000070fd00000, 0x000000070fe00000|  0%| F|  |TAMS 0x000000070fd00000, 0x000000070fd00000| Untracked 
| 242|0x000000070fe00000, 0x000000070fe00000, 0x000000070ff00000|  0%| F|  |TAMS 0x000000070fe00000, 0x000000070fe00000| Untracked 
| 243|0x000000070ff00000, 0x000000070ff00000, 0x0000000710000000|  0%| F|  |TAMS 0x000000070ff00000, 0x000000070ff00000| Untracked 
| 244|0x0000000710000000, 0x0000000710100000, 0x0000000710100000|100%| E|  |TAMS 0x0000000710000000, 0x0000000710000000| Complete 
| 245|0x0000000710100000, 0x0000000710200000, 0x0000000710200000|100%| E|CS|TAMS 0x0000000710100000, 0x0000000710100000| Complete 
| 246|0x0000000710200000, 0x0000000710300000, 0x0000000710300000|100%| E|CS|TAMS 0x0000000710200000, 0x0000000710200000| Complete 
| 247|0x0000000710300000, 0x0000000710400000, 0x0000000710400000|100%| E|CS|TAMS 0x0000000710300000, 0x0000000710300000| Complete 
| 248|0x0000000710400000, 0x0000000710500000, 0x0000000710500000|100%| E|  |TAMS 0x0000000710400000, 0x0000000710400000| Complete 
| 249|0x0000000710500000, 0x0000000710600000, 0x0000000710600000|100%| E|CS|TAMS 0x0000000710500000, 0x0000000710500000| Complete 
| 250|0x0000000710600000, 0x0000000710700000, 0x0000000710700000|100%| E|CS|TAMS 0x0000000710600000, 0x0000000710600000| Complete 
| 251|0x0000000710700000, 0x0000000710800000, 0x0000000710800000|100%| E|CS|TAMS 0x0000000710700000, 0x0000000710700000| Complete 
| 252|0x0000000710800000, 0x0000000710900000, 0x0000000710900000|100%| E|CS|TAMS 0x0000000710800000, 0x0000000710800000| Complete 
| 253|0x0000000710900000, 0x0000000710a00000, 0x0000000710a00000|100%| E|CS|TAMS 0x0000000710900000, 0x0000000710900000| Complete 
| 254|0x0000000710a00000, 0x0000000710b00000, 0x0000000710b00000|100%| E|CS|TAMS 0x0000000710a00000, 0x0000000710a00000| Complete 
| 255|0x0000000710b00000, 0x0000000710c00000, 0x0000000710c00000|100%| E|CS|TAMS 0x0000000710b00000, 0x0000000710b00000| Complete 

Card table byte_map: [0x000001c6d3e90000,0x000001c6d4690000] _byte_map_base: 0x000001c6d068a000

Marking Bits (Prev, Next): (CMBitMap*) 0x000001c6ba124968, (CMBitMap*) 0x000001c6ba1249a8
 Prev Bits: [0x000001c6d4e90000, 0x000001c6d8e60000)
 Next Bits: [0x000001c6d8e60000, 0x000001c6dce30000)

Polling page: 0x000001c6ba190000

Metaspace:

Usage:
  Non-class:      6.36 MB capacity,     6.16 MB ( 97%) used,   176.88 KB (  3%) free+waste,    23.13 KB ( <1%) overhead. 
      Class:    934.00 KB capacity,   780.67 KB ( 84%) used,   138.58 KB ( 15%) free+waste,    14.75 KB (  2%) overhead. 
       Both:      7.27 MB capacity,     6.93 MB ( 95%) used,   315.45 KB (  4%) free+waste,    37.88 KB ( <1%) overhead. 

Virtual space:
  Non-class space:        8.00 MB reserved,       6.50 MB ( 81%) committed 
      Class space:        1.00 GB reserved,       1.00 MB ( <1%) committed 
             Both:        1.01 GB reserved,       7.50 MB ( <1%) committed 

Chunk freelists:
   Non-Class:  17.00 KB
       Class:  26.00 KB
        Both:  43.00 KB

MaxMetaspaceSize: 17179869184.00 GB
CompressedClassSpaceSize: 1.00 GB

CodeHeap 'non-profiled nmethods': size=120000Kb used=337Kb max_used=337Kb free=119662Kb
 bounds [0x000001c6cbb30000, 0x000001c6cbda0000, 0x000001c6d3060000]
CodeHeap 'profiled nmethods': size=120000Kb used=1359Kb max_used=1359Kb free=118640Kb
 bounds [0x000001c6c4600000, 0x000001c6c4870000, 0x000001c6cbb30000]
CodeHeap 'non-nmethods': size=5760Kb used=1308Kb max_used=1323Kb free=4451Kb
 bounds [0x000001c6c4060000, 0x000001c6c42d0000, 0x000001c6c4600000]
 total_blobs=1921 nmethods=852 adapters=524
 compilation: enabled
              stopped_count=0, restarted_count=0
 full_count=0

Compilation events (20 events):
Event: 0.894 Thread 0x000001c6dfd84800  813       1       jdk.internal.reflect.DelegatingConstructorAccessorImpl::setDelegate (6 bytes)
Event: 0.894 Thread 0x000001c6dfd84800 nmethod 813 0x000001c6cbb81810 code [0x000001c6cbb819a0, 0x000001c6cbb81ad8]
Event: 0.894 Thread 0x000001c6dfd84800  814       1       jdk.internal.reflect.NativeConstructorAccessorImpl::setParent (6 bytes)
Event: 0.894 Thread 0x000001c6dfd84800 nmethod 814 0x000001c6cbb81b90 code [0x000001c6cbb81d20, 0x000001c6cbb81e58]
Event: 0.895 Thread 0x000001c6dfd84800  815       3       java.util.ArrayList$Itr::next (66 bytes)
Event: 0.895 Thread 0x000001c6dfd84800 nmethod 815 0x000001c6c4743f90 code [0x000001c6c4744180, 0x000001c6c4744568]
Event: 0.895 Thread 0x000001c6dfd84800  816       3       java.util.ArrayList$Itr::checkForComodification (23 bytes)
Event: 0.895 Thread 0x000001c6dfd84800 nmethod 816 0x000001c6c4744790 code [0x000001c6c4744940, 0x000001c6c4744b28]
Event: 0.895 Thread 0x000001c6dfd84800  817       3       java.lang.invoke.LambdaForm::lastUseIndex (76 bytes)
Event: 0.895 Thread 0x000001c6dfd84800 nmethod 817 0x000001c6c4744c10 code [0x000001c6c4744dc0, 0x000001c6c4745108]
Event: 0.895 Thread 0x000001c6dfd84800  818       3       jdk.internal.org.objectweb.asm.MethodWriter::visitTypeInsn (116 bytes)
Event: 0.896 Thread 0x000001c6dfd84800 nmethod 818 0x000001c6c4745290 code [0x000001c6c4745480, 0x000001c6c47458a8]
Event: 0.896 Thread 0x000001c6dfd84800  820       3       java.lang.invoke.LambdaForm$Name::internArguments (59 bytes)
Event: 0.896 Thread 0x000001c6dfd84800 nmethod 820 0x000001c6c4745a90 code [0x000001c6c4745c80, 0x000001c6c47463c8]
Event: 0.896 Thread 0x000001c6dfd84800  819       3       java.lang.invoke.LambdaForm$Name::<init> (44 bytes)
Event: 0.896 Thread 0x000001c6dfd84800 nmethod 819 0x000001c6c4746590 code [0x000001c6c47467a0, 0x000001c6c4746d88]
Event: 0.896 Thread 0x000001c6dfd84800  822       3       java.lang.invoke.LambdaFormBuffer::ownedCount (7 bytes)
Event: 0.896 Thread 0x000001c6dfd84800 nmethod 822 0x000001c6c4747090 code [0x000001c6c4747220, 0x000001c6c4747338]
Event: 0.896 Thread 0x000001c6dfd84800  821       3       java.lang.invoke.LambdaFormBuffer::changeName (149 bytes)
Event: 0.897 Thread 0x000001c6dfd84800 nmethod 821 0x000001c6c4747410 code [0x000001c6c47475e0, 0x000001c6c4747b68]

GC Heap History (0 events):
No events

Deoptimization events (20 events):
Event: 0.859 Thread 0x000001c6ba0bb000 Uncommon trap: trap_request=0xffffff45 fr.pc=0x000001c6cbb4c1c8 relative=0x0000000000000288
Event: 0.859 Thread 0x000001c6ba0bb000 Uncommon trap: reason=unstable_if action=reinterpret pc=0x000001c6cbb4c1c8 method=java.util.HashMap.hash(Ljava/lang/Object;)I @ 1 c2
Event: 0.859 Thread 0x000001c6ba0bb000 DEOPT PACKING pc=0x000001c6cbb4c1c8 sp=0x000000a6a0bfed60
Event: 0.859 Thread 0x000001c6ba0bb000 DEOPT UNPACKING pc=0x000001c6c40a912f sp=0x000000a6a0bfecf8 mode 2
Event: 0.861 Thread 0x000001c6e0784800 Uncommon trap: trap_request=0xffffffde fr.pc=0x000001c6cbb55b4c relative=0x0000000000000d6c
Event: 0.861 Thread 0x000001c6e0784800 Uncommon trap: reason=class_check action=maybe_recompile pc=0x000001c6cbb55b4c method=java.util.HashMap.putVal(ILjava/lang/Object;Ljava/lang/Object;ZZ)Ljava/lang/Object; @ 203 c2
Event: 0.861 Thread 0x000001c6e0784800 DEOPT PACKING pc=0x000001c6cbb55b4c sp=0x000000a6a2afe0a0
Event: 0.861 Thread 0x000001c6e0784800 DEOPT UNPACKING pc=0x000001c6c40a912f sp=0x000000a6a2afe070 mode 2
Event: 0.861 Thread 0x000001c6e0784800 Uncommon trap: trap_request=0xffffffde fr.pc=0x000001c6cbb55a38 relative=0x0000000000000c58
Event: 0.861 Thread 0x000001c6e0784800 Uncommon trap: reason=class_check action=maybe_recompile pc=0x000001c6cbb55a38 method=java.util.HashMap.putVal(ILjava/lang/Object;Ljava/lang/Object;ZZ)Ljava/lang/Object; @ 91 c2
Event: 0.861 Thread 0x000001c6e0784800 DEOPT PACKING pc=0x000001c6cbb55a38 sp=0x000000a6a2afe0a0
Event: 0.861 Thread 0x000001c6e0784800 DEOPT UNPACKING pc=0x000001c6c40a912f sp=0x000000a6a2afe070 mode 2
Event: 0.861 Thread 0x000001c6e0784800 Uncommon trap: trap_request=0xffffffde fr.pc=0x000001c6cbb55b4c relative=0x0000000000000d6c
Event: 0.861 Thread 0x000001c6e0784800 Uncommon trap: reason=class_check action=maybe_recompile pc=0x000001c6cbb55b4c method=java.util.HashMap.putVal(ILjava/lang/Object;Ljava/lang/Object;ZZ)Ljava/lang/Object; @ 203 c2
Event: 0.861 Thread 0x000001c6e0784800 DEOPT PACKING pc=0x000001c6cbb55b4c sp=0x000000a6a2afe0c0
Event: 0.861 Thread 0x000001c6e0784800 DEOPT UNPACKING pc=0x000001c6c40a912f sp=0x000000a6a2afe060 mode 2
Event: 0.861 Thread 0x000001c6e0784800 Uncommon trap: trap_request=0xffffffde fr.pc=0x000001c6cbb55b4c relative=0x0000000000000d6c
Event: 0.861 Thread 0x000001c6e0784800 Uncommon trap: reason=class_check action=maybe_recompile pc=0x000001c6cbb55b4c method=java.util.HashMap.putVal(ILjava/lang/Object;Ljava/lang/Object;ZZ)Ljava/lang/Object; @ 203 c2
Event: 0.861 Thread 0x000001c6e0784800 DEOPT PACKING pc=0x000001c6cbb55b4c sp=0x000000a6a2afe0c0
Event: 0.861 Thread 0x000001c6e0784800 DEOPT UNPACKING pc=0x000001c6c40a912f sp=0x000000a6a2afe060 mode 2

Classes unloaded (0 events):
No events

Classes redefined (0 events):
No events

Internal exceptions (20 events):
Event: 0.076 Thread 0x000001c6ba0bb000 Exception <a 'java/lang/NoSuchMethodError'{0x0000000710a01470}: 'void java.lang.invoke.DirectMethodHandle$Holder.invokeSpecial(java.lang.Object, java.lang.Object, java.lang.Object, java.lang.Object)'> (0x0000000710a01470) 
thrown [./open/src/hotspot/share/interpreter/linkResolver.cpp, line 766]
Event: 0.086 Thread 0x000001c6ba0bb000 Exception <a 'sun/nio/fs/WindowsException'{0x0000000710a22040}> (0x0000000710a22040) 
thrown [./open/src/hotspot/share/prims/jni.cpp, line 599]
Event: 0.086 Thread 0x000001c6ba0bb000 Exception <a 'sun/nio/fs/WindowsException'{0x0000000710a224f8}> (0x0000000710a224f8) 
thrown [./open/src/hotspot/share/prims/jni.cpp, line 599]
Event: 0.098 Thread 0x000001c6ba0bb000 Exception <a 'java/lang/NoSuchMethodError'{0x0000000710a3bdd0}: 'int java.lang.invoke.DirectMethodHandle$Holder.invokeSpecialIFC(java.lang.Object, java.lang.Object, int)'> (0x0000000710a3bdd0) 
thrown [./open/src/hotspot/share/interpreter/linkResolver.cpp, line 766]
Event: 0.685 Thread 0x000001c6ba0bb000 Exception <a 'java/lang/ClassNotFoundException'{0x00000007104e5ad8}: sun/awt/resources/spi/awtProvider> (0x00000007104e5ad8) 
thrown [./open/src/hotspot/share/classfile/systemDictionary.cpp, line 226]
Event: 0.703 Thread 0x000001c6ba0bb000 Exception <a 'java/io/FileNotFoundException'{0x000000071037e738}> (0x000000071037e738) 
thrown [./open/src/hotspot/share/prims/jni.cpp, line 599]
Event: 0.709 Thread 0x000001c6ba0bb000 Exception <a 'java/io/FileNotFoundException'{0x00000007103a4e88}> (0x00000007103a4e88) 
thrown [./open/src/hotspot/share/prims/jni.cpp, line 599]
Event: 0.743 Thread 0x000001c6e0784800 Exception <a 'java/lang/NoSuchMethodError'{0x0000000710204f20}: 'void java.lang.invoke.DirectMethodHandle$Holder.invokeSpecial(java.lang.Object, java.lang.Object)'> (0x0000000710204f20) 
thrown [./open/src/hotspot/share/interpreter/linkResolver.cpp, line 766]
Event: 0.833 Thread 0x000001c6ba0bb000 Exception <a 'java/lang/NoSuchMethodError'{0x0000000710296030}: 'java.lang.Object java.lang.invoke.DirectMethodHandle$Holder.invokeStatic(java.lang.Object, int, java.lang.Object, java.lang.Object, java.lang.Object, java.lang.Object)'> (0x0000000710296030) 
thrown [./open/src/hotspot/share/interpreter/linkResolver.cpp, line 766]
Event: 0.834 Thread 0x000001c6ba0bb000 Exception <a 'java/lang/NoSuchMethodError'{0x000000071029c950}: 'java.lang.Object java.lang.invoke.DirectMethodHandle$Holder.invokeStatic(java.lang.Object, int, java.lang.Object, java.lang.Object, java.lang.Object)'> (0x000000071029c950) 
thrown [./open/src/hotspot/share/interpreter/linkResolver.cpp, line 766]
Event: 0.834 Thread 0x000001c6ba0bb000 Exception <a 'java/lang/NoSuchMethodError'{0x00000007102a01a0}: 'java.lang.Object java.lang.invoke.DirectMethodHandle$Holder.invokeSpecial(java.lang.Object, java.lang.Object, int, java.lang.Object, java.lang.Object, java.lang.Object)'> (0x00000007102a01a0) 
thrown [./open/src/hotspot/share/interpreter/linkResolver.cpp, line 766]
Event: 0.836 Thread 0x000001c6ba0bb000 Exception <a 'java/lang/NoSuchMethodError'{0x00000007102b6548}: 'java.lang.Object java.lang.invoke.DirectMethodHandle$Holder.invokeStatic(java.lang.Object, int, java.lang.Object)'> (0x00000007102b6548) 
thrown [./open/src/hotspot/share/interpreter/linkResolver.cpp, line 766]
Event: 0.849 Thread 0x000001c6ba0bb000 Exception <a 'java/lang/ClassNotFoundException'{0x000000071015a868}: com/sun/swing/internal/plaf/metal/resources/spi/metalProvider> (0x000000071015a868) 
thrown [./open/src/hotspot/share/classfile/systemDictionary.cpp, line 226]
Event: 0.850 Thread 0x000001c6ba0bb000 Exception <a 'java/lang/ClassNotFoundException'{0x000000071015f278}: com/sun/swing/internal/plaf/basic/resources/spi/basicProvider> (0x000000071015f278) 
thrown [./open/src/hotspot/share/classfile/systemDictionary.cpp, line 226]
Event: 0.854 Thread 0x000001c6ba0bb000 Implicit null exception at 0x000001c6cbb528ae to 0x000001c6cbb53858
Event: 0.859 Thread 0x000001c6ba0bb000 Implicit null exception at 0x000001c6cbb4bf4f to 0x000001c6cbb4c1b9
Event: 0.876 Thread 0x000001c6ba0bb000 Exception <a 'java/lang/NoSuchMethodError'{0x00000007101a1fc8}: 'void java.lang.invoke.DirectMethodHandle$Holder.invokeStaticInit(java.lang.Object)'> (0x00000007101a1fc8) 
thrown [./open/src/hotspot/share/interpreter/linkResolver.cpp, line 766]
Event: 0.883 Thread 0x000001c6ba0bb000 Exception <a 'java/io/FileNotFoundException'{0x00000007101ae4b8}> (0x00000007101ae4b8) 
thrown [./open/src/hotspot/share/prims/jni.cpp, line 599]
Event: 0.883 Thread 0x000001c6ba0bb000 Exception <a 'java/lang/NullPointerException'{0x00000007101aeda8}> (0x00000007101aeda8) 
thrown [./open/src/hotspot/share/interpreter/linkResolver.cpp, line 1348]
Event: 0.897 Thread 0x000001c6ba0bb000 Exception <a 'java/lang/NoSuchMethodError'{0x0000000710034ac8}: 'java.lang.Object java.lang.invoke.Invokers$Holder.linkToTargetMethod(java.lang.Object, int, java.lang.Object)'> (0x0000000710034ac8) 
thrown [./open/src/hotspot/share/interpreter/linkResolver.cpp, line 766]

Events (20 events):
Event: 0.893 loading class sun/awt/Win32FontManager$2
Event: 0.893 loading class sun/awt/Win32FontManager$2 done
Event: 0.893 loading class sun/awt/FontConfiguration$2
Event: 0.893 loading class sun/awt/FontConfiguration$2 done
Event: 0.893 loading class sun/awt/windows/WDefaultFontCharset
Event: 0.893 loading class sun/awt/AWTCharset
Event: 0.893 loading class sun/awt/AWTCharset done
Event: 0.893 loading class sun/awt/windows/WDefaultFontCharset done
Event: 0.893 loading class sun/awt/windows/WDefaultFontCharset$Encoder
Event: 0.894 loading class sun/awt/AWTCharset$Encoder
Event: 0.894 loading class sun/awt/AWTCharset$Encoder done
Event: 0.894 loading class sun/awt/windows/WDefaultFontCharset$Encoder done
Event: 0.894 loading class sun/awt/windows/WingDings
Event: 0.894 loading class sun/awt/windows/WingDings done
Event: 0.894 loading class sun/awt/windows/WingDings$Encoder
Event: 0.894 loading class sun/awt/windows/WingDings$Encoder done
Event: 0.894 loading class sun/awt/Symbol
Event: 0.894 loading class sun/awt/Symbol done
Event: 0.894 loading class sun/awt/Symbol$Encoder
Event: 0.894 loading class sun/awt/Symbol$Encoder done


Dynamic libraries:
0x00007ff7a2520000 - 0x00007ff7a252f000 	C:\Program Files\Java\jdk-14.0.1\bin\java.exe
0x00007ffb0a600000 - 0x00007ffb0a7f0000 	C:\WINDOWS\SYSTEM32\ntdll.dll
0x00007ffb0a2b0000 - 0x00007ffb0a362000 	C:\WINDOWS\System32\KERNEL32.DLL
0x00007ffb08030000 - 0x00007ffb082d4000 	C:\WINDOWS\System32\KERNELBASE.dll
0x00007ffb08340000 - 0x00007ffb0843a000 	C:\WINDOWS\System32\ucrtbase.dll
0x00007ffb00c30000 - 0x00007ffb00c48000 	C:\Program Files\Java\jdk-14.0.1\bin\jli.dll
0x00007ffb09680000 - 0x00007ffb09723000 	C:\WINDOWS\System32\ADVAPI32.dll
0x00007ffb0a170000 - 0x00007ffb0a20e000 	C:\WINDOWS\System32\msvcrt.dll
0x00007ffb09460000 - 0x00007ffb094f7000 	C:\WINDOWS\System32\sechost.dll
0x00007ffb09500000 - 0x00007ffb09620000 	C:\WINDOWS\System32\RPCRT4.dll
0x00007ffb09260000 - 0x00007ffb093f4000 	C:\WINDOWS\System32\USER32.dll
0x00007ffb07590000 - 0x00007ffb075b1000 	C:\WINDOWS\System32\win32u.dll
0x00007ffb09400000 - 0x00007ffb09426000 	C:\WINDOWS\System32\GDI32.dll
0x00007ffb07e90000 - 0x00007ffb08024000 	C:\WINDOWS\System32\gdi32full.dll
0x00007ffb08470000 - 0x00007ffb0850e000 	C:\WINDOWS\System32\msvcp_win.dll
0x00007ffb00a70000 - 0x00007ffb00a85000 	C:\Program Files\Java\jdk-14.0.1\bin\VCRUNTIME140.dll
0x00007ffaf53d0000 - 0x00007ffaf5654000 	C:\WINDOWS\WinSxS\amd64_microsoft.windows.common-controls_6595b64144ccf1df_6.0.18362.836_none_e6c4b943130f18ed\COMCTL32.dll
0x00007ffb08760000 - 0x00007ffb08a96000 	C:\WINDOWS\System32\combase.dll
0x00007ffb08630000 - 0x00007ffb086b0000 	C:\WINDOWS\System32\bcryptPrimitives.dll
0x00007ffb01280000 - 0x00007ffb0128a000 	C:\WINDOWS\SYSTEM32\VERSION.dll
0x00007ffb09430000 - 0x00007ffb0945e000 	C:\WINDOWS\System32\IMM32.DLL
0x00007ffaf4a20000 - 0x00007ffaf4abb000 	C:\Program Files\Java\jdk-14.0.1\bin\msvcp140.dll
0x00007ffaa6c40000 - 0x00007ffaa775e000 	C:\Program Files\Java\jdk-14.0.1\bin\server\jvm.dll
0x00007ffb0a210000 - 0x00007ffb0a218000 	C:\WINDOWS\System32\PSAPI.DLL
0x00007ffb03500000 - 0x00007ffb03509000 	C:\WINDOWS\SYSTEM32\WSOCK32.dll
0x00007ffb0a100000 - 0x00007ffb0a16f000 	C:\WINDOWS\System32\WS2_32.dll
0x00007ffb04fd0000 - 0x00007ffb04ff4000 	C:\WINDOWS\SYSTEM32\WINMM.dll
0x00007ffb04fa0000 - 0x00007ffb04fcd000 	C:\WINDOWS\SYSTEM32\WINMMBASE.dll
0x00007ffb08510000 - 0x00007ffb0855a000 	C:\WINDOWS\System32\cfgmgr32.dll
0x00007ffb074d0000 - 0x00007ffb074e1000 	C:\WINDOWS\System32\kernel.appcore.dll
0x00007ffb055f0000 - 0x00007ffb055fa000 	C:\Program Files\Java\jdk-14.0.1\bin\jimage.dll
0x00007ffafee90000 - 0x00007ffaff084000 	C:\WINDOWS\SYSTEM32\DBGHELP.DLL
0x00007ffaff120000 - 0x00007ffaff14a000 	C:\WINDOWS\SYSTEM32\dbgcore.DLL
0x00007ffb02e20000 - 0x00007ffb02e2e000 	C:\Program Files\Java\jdk-14.0.1\bin\instrument.dll
0x00007ffafab60000 - 0x00007ffafab85000 	C:\Program Files\Java\jdk-14.0.1\bin\java.dll
0x00007ffafb8a0000 - 0x00007ffafb8b6000 	C:\Program Files\Java\jdk-14.0.1\bin\zip.dll
0x00007ffb08aa0000 - 0x00007ffb09184000 	C:\WINDOWS\System32\SHELL32.dll
0x00007ffb086b0000 - 0x00007ffb08759000 	C:\WINDOWS\System32\shcore.dll
0x00007ffb07710000 - 0x00007ffb07e8e000 	C:\WINDOWS\System32\windows.storage.dll
0x00007ffb07510000 - 0x00007ffb07533000 	C:\WINDOWS\System32\profapi.dll
0x00007ffb07540000 - 0x00007ffb0758a000 	C:\WINDOWS\System32\powrprof.dll
0x00007ffb074c0000 - 0x00007ffb074d0000 	C:\WINDOWS\System32\UMPDC.dll
0x00007ffb09620000 - 0x00007ffb09672000 	C:\WINDOWS\System32\shlwapi.dll
0x00007ffb08560000 - 0x00007ffb08577000 	C:\WINDOWS\System32\cryptsp.dll
0x00007ffafab40000 - 0x00007ffafab59000 	C:\Program Files\Java\jdk-14.0.1\bin\net.dll
0x00007ffaff240000 - 0x00007ffaff330000 	C:\WINDOWS\SYSTEM32\WINHTTP.dll
0x00007ffb06d30000 - 0x00007ffb06d97000 	C:\WINDOWS\system32\mswsock.dll
0x00007ffafab20000 - 0x00007ffafab32000 	C:\Program Files\Java\jdk-14.0.1\bin\nio.dll
0x00007ffb02810000 - 0x00007ffb02820000 	C:\Program Files\Java\jdk-14.0.1\bin\verify.dll
0x00007ffaf7750000 - 0x00007ffaf776a000 	C:\Program Files\JetBrains\IntelliJ IDEA Community Edition 2020.1.1\bin\breakgen64.dll
0x00007ffaa3120000 - 0x00007ffaa6121000 	C:\Users\tyani\Downloads\opencv\build\java\x64\opencv_java430.dll
0x00007ffb09ab0000 - 0x00007ffb09c07000 	C:\WINDOWS\System32\ole32.dll
0x00007ffb09190000 - 0x00007ffb09254000 	C:\WINDOWS\System32\OLEAUT32.dll
0x00007ffb021e0000 - 0x00007ffb023da000 	C:\WINDOWS\SYSTEM32\MFPlat.DLL
0x00007ffafdd70000 - 0x00007ffafddf2000 	C:\WINDOWS\SYSTEM32\MF.dll
0x00007ffacc6f0000 - 0x00007ffacc829000 	C:\WINDOWS\SYSTEM32\MFReadWrite.dll
0x00007ffafac30000 - 0x00007ffafb01c000 	C:\WINDOWS\SYSTEM32\MFCORE.DLL
0x00007ffb075c0000 - 0x00007ffb07709000 	C:\WINDOWS\System32\CRYPT32.dll
0x00007ffb074f0000 - 0x00007ffb07502000 	C:\WINDOWS\System32\MSASN1.dll
0x00007ffb08440000 - 0x00007ffb08466000 	C:\WINDOWS\System32\bcrypt.dll
0x00007ffb05550000 - 0x00007ffb05559000 	C:\WINDOWS\SYSTEM32\ksuser.dll
0x00007ffb06f00000 - 0x00007ffb06f0c000 	C:\WINDOWS\SYSTEM32\CRYPTBASE.DLL
0x00007ffb01f40000 - 0x00007ffb01f6f000 	C:\WINDOWS\SYSTEM32\RTWorkQ.DLL
0x00007ffb05790000 - 0x00007ffb05829000 	C:\WINDOWS\system32\uxtheme.dll
0x00007ffb0a510000 - 0x00007ffb0a5b2000 	C:\WINDOWS\System32\clbcatq.dll
0x00007ffb00a10000 - 0x00007ffb00a28000 	C:\Windows\System32\devenum.dll
0x00007ffb09c90000 - 0x00007ffb0a100000 	C:\WINDOWS\System32\setupapi.dll
0x00007ffb06520000 - 0x00007ffb06551000 	C:\WINDOWS\SYSTEM32\ntmarta.dll
0x00007ffb072c0000 - 0x00007ffb072ea000 	C:\WINDOWS\SYSTEM32\DEVOBJ.dll
0x00007ffb082e0000 - 0x00007ffb0833c000 	C:\WINDOWS\System32\WINTRUST.dll
0x00007ffb055c0000 - 0x00007ffb055cb000 	C:\WINDOWS\SYSTEM32\msdmo.dll
0x00007ffaf5950000 - 0x00007ffaf5984000 	C:\Windows\System32\qcap.dll
0x00007ffad9bd0000 - 0x00007ffad9d94000 	C:\Windows\System32\quartz.dll
0x00007ffb0a3d0000 - 0x00007ffb0a506000 	C:\WINDOWS\System32\MSCTF.dll
0x00007ffacc6a0000 - 0x00007ffacc6ec000 	C:\Windows\System32\mfksproxy.dll
0x00007ffaf3d50000 - 0x00007ffaf3d6c000 	C:\Windows\System32\ATL.DLL
0x00007ffafdf00000 - 0x00007ffafdf5c000 	C:\Windows\System32\MFSENSORGROUP.dll
0x00007ffacbf40000 - 0x00007ffacbf8d000 	C:\Windows\System32\ksproxy.ax
0x00007ffad5e50000 - 0x00007ffad6017000 	C:\Windows\System32\d3d9.dll
0x00007ffb05d70000 - 0x00007ffb05d9d000 	C:\Windows\System32\dwmapi.dll
0x00007ffb06130000 - 0x00007ffb06150000 	C:\WINDOWS\SYSTEM32\dxcore.dll
0x00007ffb03c70000 - 0x00007ffb03cf6000 	C:\WINDOWS\SYSTEM32\policymanager.dll
0x00007ffb039c0000 - 0x00007ffb03a4a000 	C:\Windows\System32\msvcp110_win.dll
0x00007ffb00a00000 - 0x00007ffb00a0d000 	C:\Windows\System32\vidcap.ax
0x00007ffafaac0000 - 0x00007ffafaae6000 	C:\Windows\System32\kswdmcap.ax
0x00007ffabeaf0000 - 0x00007ffabec52000 	C:\Windows\System32\MFC42.dll
0x00007ffae91f0000 - 0x00007ffae9291000 	C:\Windows\System32\qedit.dll
0x00007ffb09910000 - 0x00007ffb099e0000 	C:\WINDOWS\System32\COMDLG32.dll
0x00007ffaf49f0000 - 0x00007ffaf4a19000 	C:\Windows\System32\MSVFW32.dll
0x00007ffb01a40000 - 0x00007ffb01be3000 	C:\WINDOWS\WinSxS\amd64_microsoft.windows.gdiplus_6595b64144ccf1df_1.1.18362.836_none_17afac286da192bb\gdiplus.dll
0x00007ffad9080000 - 0x00007ffad9178000 	C:\Windows\System32\DDRAW.dll
0x00007ffb061c0000 - 0x00007ffb062ab000 	C:\Windows\System32\dxgi.dll
0x00007ffb00a60000 - 0x00007ffb00a68000 	C:\Windows\System32\DCIMAN32.dll
0x00007ffb09730000 - 0x00007ffb0974d000 	C:\WINDOWS\System32\imagehlp.dll
0x00007ffb068a0000 - 0x00007ffb068d3000 	C:\WINDOWS\system32\rsaenh.dll
0x00007ffb00510000 - 0x00007ffb00550000 	C:\Windows\System32\CapabilityAccessManagerClient.dll
0x00007ffad8ee0000 - 0x00007ffad9078000 	C:\Program Files\Java\jdk-14.0.1\bin\awt.dll
0x00007ffb05650000 - 0x00007ffb056df000 	C:\WINDOWS\SYSTEM32\apphelp.dll
0x00007ffae1df0000 - 0x00007ffae1f46000 	C:\WINDOWS\system32\opengl32.dll
0x00007ffafb950000 - 0x00007ffafb97c000 	C:\WINDOWS\SYSTEM32\GLU32.dll
0x00007ffb02c50000 - 0x00007ffb02d3f000 	C:\WINDOWS\System32\DriverStore\FileRepository\nv_desktop_ref4i.inf_amd64_462657f76ab86475\nvldumdx.dll
0x00007ffa97fa0000 - 0x00007ffa994a3000 	C:\WINDOWS\System32\DriverStore\FileRepository\nv_desktop_ref4i.inf_amd64_462657f76ab86475\nvd3dumx.dll
0x00007ffae2060000 - 0x00007ffae20e2000 	C:\Program Files\Java\jdk-14.0.1\bin\freetype.dll
0x00007ffae1060000 - 0x00007ffae1106000 	C:\Program Files\Java\jdk-14.0.1\bin\fontmanager.dll

dbghelp: loaded successfully - version: 4.0.5 - missing functions: none
symbol engine: initialized successfully - sym options: 0x614 - pdb path: .;C:\Program Files\Java\jdk-14.0.1\bin;C:\WINDOWS\SYSTEM32;C:\WINDOWS\WinSxS\amd64_microsoft.windows.common-controls_6595b64144ccf1df_6.0.18362.836_none_e6c4b943130f18ed;C:\Program Files\Java\jdk-14.0.1\bin\server;C:\Program Files\JetBrains\IntelliJ IDEA Community Edition 2020.1.1\bin;C:\Users\tyani\Downloads\opencv\build\java\x64;C:\WINDOWS\WinSxS\amd64_microsoft.windows.gdiplus_6595b64144ccf1df_1.1.18362.836_none_17afac286da192bb;C:\WINDOWS\System32\DriverStore\FileRepository\nv_desktop_ref4i.inf_amd64_462657f76ab86475

VM Arguments:
jvm_args: --module-path=C:\Users\tyani\Downloads\javafx-sdk-11.0.2\lib --add-modules=javafx.fxml,javafx.controls --add-exports=javafx.graphics/com.sun.javafx.sg.prism=ALL-UNNAMED -Djava.library.path=C:\Users\tyani\Downloads\opencv\build\java\x64 -javaagent:C:\Program Files\JetBrains\IntelliJ IDEA Community Edition 2020.1.1\lib\idea_rt.jar=58190:C:\Program Files\JetBrains\IntelliJ IDEA Community Edition 2020.1.1\bin -Dfile.encoding=UTF-8 
java_command: com.company.Main
java_class_path (initial): C:\Users\tyani\IdeaProjects\TouchDetectionLibrary\out\production\TouchDetectionLibrary;C:\Users\tyani\Downloads\opencv\build\java\opencv-430.jar
Launcher Type: SUN_STANDARD

[Global flags]
     intx CICompilerCount                          = 3                                         {product} {ergonomic}
     uint ConcGCThreads                            = 1                                         {product} {ergonomic}
     uint G1ConcRefinementThreads                  = 4                                         {product} {ergonomic}
   size_t G1HeapRegionSize                         = 1048576                                   {product} {ergonomic}
    uintx GCDrainStackTargetSize                   = 64                                        {product} {ergonomic}
   size_t InitialHeapSize                          = 268435456                                 {product} {ergonomic}
   size_t MarkStackSize                            = 4194304                                   {product} {ergonomic}
   size_t MaxHeapSize                              = 4282384384                                {product} {ergonomic}
   size_t MaxNewSize                               = 2569011200                                {product} {ergonomic}
   size_t MinHeapDeltaBytes                        = 1048576                                   {product} {ergonomic}
   size_t MinHeapSize                              = 8388608                                   {product} {ergonomic}
    uintx NonNMethodCodeHeapSize                   = 5832780                                {pd product} {ergonomic}
    uintx NonProfiledCodeHeapSize                  = 122912730                              {pd product} {ergonomic}
    uintx ProfiledCodeHeapSize                     = 122912730                              {pd product} {ergonomic}
    uintx ReservedCodeCacheSize                    = 251658240                              {pd product} {ergonomic}
     bool SegmentedCodeCache                       = true                                      {product} {ergonomic}
   size_t SoftMaxHeapSize                          = 4282384384                             {manageable} {ergonomic}
     bool UseCompressedClassPointers               = true                                 {lp64_product} {ergonomic}
     bool UseCompressedOops                        = true                                 {lp64_product} {ergonomic}
     bool UseG1GC                                  = true                                      {product} {ergonomic}
     bool UseLargePagesIndividualAllocation        = false                                  {pd product} {ergonomic}

Logging:
Log output configuration:
 #0: stdout all=warning uptime,level,tags
 #1: stderr all=off uptime,level,tags

Environment Variables:
PATH=C:\Program Files (x86)\Common Files\Oracle\Java\javapath;C:\WINDOWS\system32;C:\WINDOWS;C:\WINDOWS\System32\Wbem;C:\WINDOWS\System32\WindowsPowerShell\v1.0\;C:\WINDOWS\System32\OpenSSH\;C:\Program Files\dotnet\;C:\Program Files\Git\cmd;C:\Users\tyani\AppData\Local\Microsoft\WindowsApps;C:\Users\tyani\LocalRepository\flutter\bin;
USERNAME=tyani
OS=Windows_NT
PROCESSOR_IDENTIFIER=Intel64 Family 6 Model 60 Stepping 3, GenuineIntel



---------------  S Y S T E M  ---------------

OS: Windows 10 , 64 bit Build 18362 (10.0.18362.778)
OS uptime: 13 days 18:29 hours

CPU:total 4 (initial active 4) (4 cores per cpu, 1 threads per core) family 6 model 60 stepping 3, cmov, cx8, fxsr, mmx, sse, sse2, sse3, ssse3, sse4.1, sse4.2, popcnt, avx, avx2, aes, clmul, erms, lzcnt, tsc, tscinvbit, bmi1, bmi2, fma

Memory: 4k page, system-wide physical 16335M (6670M free)
TotalPageFile size 23227M (AvailPageFile size 8455M)
current process WorkingSet (physical memory assigned to process): 108M, peak: 108M
current process commit charge ("private bytes"): 392M, peak: 392M

vm_info: Java HotSpot(TM) 64-Bit Server VM (14.0.1+7) for windows-amd64 JRE (14.0.1+7), built on Mar  5 2020 10:30:14 by "mach5one" with MS VC++ 15.9 (VS2017)

END.
